<?xml version="1.0" encoding="UTF-8"?>
<robot generator="Robot 6.1.1 (Python 3.8.10 on linux)" generated="20240108 12:05:00.398" rpa="false" schemaversion="4">
<suite id="s1" name="Widgets" source="/home/ridham/PycharmProjects/webAutomation/Exercise3/Tests/Widgets.robot">
<test id="s1-t1" name="Launch Browser" line="47">
<kw name="Open Browser" library="SeleniumLibrary">
<arg>https://demoqa.com/</arg>
<arg>chrome</arg>
<arg>options=add_experimental_option("detach", True)</arg>
<doc>Opens a new browser instance to the optional ``url``.</doc>
<msg timestamp="20240108 12:05:00.522" level="INFO">Opening browser 'chrome' to base url 'https://demoqa.com/'.</msg>
<msg timestamp="20240108 12:05:05.660" level="WARN">There was an error managing chrome (error sending request for url (https://googlechromelabs.github.io/chrome-for-testing/known-good-versions-with-downloads.json): error trying to connect: dns error: failed to lookup address information: Try again); using driver found in the cache</msg>
<status status="PASS" starttime="20240108 12:05:00.521" endtime="20240108 12:05:15.078"/>
</kw>
<kw name="Maximize Browser Window" library="SeleniumLibrary">
<doc>Maximizes current browser window.</doc>
<status status="PASS" starttime="20240108 12:05:15.078" endtime="20240108 12:05:15.182"/>
</kw>
<status status="PASS" starttime="20240108 12:05:00.520" endtime="20240108 12:05:15.182"/>
</test>
<test id="s1-t2" name="Open Widgets Section" line="51">
<kw name="Execute Javascript" library="SeleniumLibrary">
<arg>document.querySelectorAll('div.card.mt-4.top-card')[3].click();</arg>
<doc>Executes the given JavaScript code with possible arguments.</doc>
<msg timestamp="20240108 12:05:15.184" level="INFO">Executing JavaScript:
document.querySelectorAll('div.card.mt-4.top-card')[3].click();
Without any arguments.</msg>
<status status="PASS" starttime="20240108 12:05:15.183" endtime="20240108 12:05:15.263"/>
</kw>
<kw name="Sleep" library="BuiltIn">
<arg>3s</arg>
<doc>Pauses the test executed for the given time.</doc>
<msg timestamp="20240108 12:05:18.264" level="INFO">Slept 3 seconds</msg>
<status status="PASS" starttime="20240108 12:05:15.264" endtime="20240108 12:05:18.265"/>
</kw>
<kw name="Perform Action for Widgets Accordian">
<kw name="Execute Javascript" library="SeleniumLibrary">
<arg>document.querySelectorAll('#item-0')[3].click();</arg>
<doc>Executes the given JavaScript code with possible arguments.</doc>
<msg timestamp="20240108 12:05:18.271" level="INFO">Executing JavaScript:
document.querySelectorAll('#item-0')[3].click();
Without any arguments.</msg>
<status status="PASS" starttime="20240108 12:05:18.269" endtime="20240108 12:05:18.377"/>
</kw>
<kw name="Click Element" library="SeleniumLibrary">
<arg>Xpath://*[@id="section1Heading"]</arg>
<doc>Click the element identified by ``locator``.</doc>
<msg timestamp="20240108 12:05:18.378" level="INFO">Clicking element 'Xpath://*[@id="section1Heading"]'.</msg>
<status status="PASS" starttime="20240108 12:05:18.377" endtime="20240108 12:05:18.442"/>
</kw>
<status status="PASS" starttime="20240108 12:05:18.267" endtime="20240108 12:05:18.442"/>
</kw>
<kw name="Sleep" library="BuiltIn">
<arg>3s</arg>
<doc>Pauses the test executed for the given time.</doc>
<msg timestamp="20240108 12:05:21.443" level="INFO">Slept 3 seconds</msg>
<status status="PASS" starttime="20240108 12:05:18.442" endtime="20240108 12:05:21.443"/>
</kw>
<kw name="Perform Action for Widgets Auto Cmplete">
<kw name="Execute Javascript" library="SeleniumLibrary">
<arg>document.querySelectorAll('#item-1')[2].click();</arg>
<doc>Executes the given JavaScript code with possible arguments.</doc>
<msg timestamp="20240108 12:05:21.448" level="INFO">Executing JavaScript:
document.querySelectorAll('#item-1')[2].click();
Without any arguments.</msg>
<status status="PASS" starttime="20240108 12:05:21.446" endtime="20240108 12:05:21.552"/>
</kw>
<kw name="Click Element" library="SeleniumLibrary">
<arg>${MULTICOLOR}</arg>
<doc>Click the element identified by ``locator``.</doc>
<msg timestamp="20240108 12:05:21.554" level="INFO">Clicking element '//*[@class="auto-complete__value-container auto-complete__value-container--is-multi css-1hwfws3"]'.</msg>
<status status="PASS" starttime="20240108 12:05:21.553" endtime="20240108 12:05:21.633"/>
</kw>
<kw name="Input Text" library="SeleniumLibrary">
<arg>${MULTICOLOR}</arg>
<arg>Blue</arg>
<doc>Types the given ``text`` into the text field identified by ``locator``.</doc>
<msg timestamp="20240108 12:05:21.634" level="INFO">Typing text 'Blue' into text field '//*[@class="auto-complete__value-container auto-complete__value-container--is-multi css-1hwfws3"]'.</msg>
<msg timestamp="20240108 12:05:21.886" level="INFO" html="true">&lt;/td&gt;&lt;/tr&gt;&lt;tr&gt;&lt;td colspan="3"&gt;&lt;a href="selenium-screenshot-9.png"&gt;&lt;img src="selenium-screenshot-9.png" width="800px"&gt;&lt;/a&gt;</msg>
<msg timestamp="20240108 12:05:21.886" level="FAIL">InvalidElementStateException: Message: invalid element state
  (Session info: chrome=120.0.6099.129)
Stacktrace:
#0 0x556a82b26f83 &lt;unknown&gt;
#1 0x556a827dfb2b &lt;unknown&gt;
#2 0x556a82825237 &lt;unknown&gt;
#3 0x556a828590b2 &lt;unknown&gt;
#4 0x556a82822b49 &lt;unknown&gt;
#5 0x556a828594ce &lt;unknown&gt;
#6 0x556a82878006 &lt;unknown&gt;
#7 0x556a82858e53 &lt;unknown&gt;
#8 0x556a82820dd4 &lt;unknown&gt;
#9 0x556a828221de &lt;unknown&gt;
#10 0x556a82aeb531 &lt;unknown&gt;
#11 0x556a82aef455 &lt;unknown&gt;
#12 0x556a82ad7f55 &lt;unknown&gt;
#13 0x556a82af00ef &lt;unknown&gt;
#14 0x556a82abb99f &lt;unknown&gt;
#15 0x556a82b14008 &lt;unknown&gt;
#16 0x556a82b141d7 &lt;unknown&gt;
#17 0x556a82b26124 &lt;unknown&gt;
#18 0x7ffbd23af609 start_thread
</msg>
<status status="FAIL" starttime="20240108 12:05:21.633" endtime="20240108 12:05:21.921"/>
</kw>
<status status="FAIL" starttime="20240108 12:05:21.444" endtime="20240108 12:05:21.921"/>
</kw>
<kw name="Sleep" library="BuiltIn">
<arg>3s</arg>
<doc>Pauses the test executed for the given time.</doc>
<status status="NOT RUN" starttime="20240108 12:05:21.922" endtime="20240108 12:05:21.922"/>
</kw>
<kw name="Perform Action for Widgets Date Picker">
<status status="NOT RUN" starttime="20240108 12:05:21.923" endtime="20240108 12:05:21.923"/>
</kw>
<kw name="Sleep" library="BuiltIn">
<arg>3s</arg>
<doc>Pauses the test executed for the given time.</doc>
<status status="NOT RUN" starttime="20240108 12:05:21.923" endtime="20240108 12:05:21.924"/>
</kw>
<kw name="Perform Action for Widgets Slider">
<status status="NOT RUN" starttime="20240108 12:05:21.924" endtime="20240108 12:05:21.924"/>
</kw>
<kw name="Sleep" library="BuiltIn">
<arg>3s</arg>
<doc>Pauses the test executed for the given time.</doc>
<status status="NOT RUN" starttime="20240108 12:05:21.925" endtime="20240108 12:05:21.925"/>
</kw>
<kw name="Perform Action for Widgets Progress bar">
<status status="NOT RUN" starttime="20240108 12:05:21.926" endtime="20240108 12:05:21.926"/>
</kw>
<kw name="Sleep" library="BuiltIn">
<arg>5s</arg>
<doc>Pauses the test executed for the given time.</doc>
<status status="NOT RUN" starttime="20240108 12:05:21.927" endtime="20240108 12:05:21.927"/>
</kw>
<kw name="Perform Action for Widgets Tabs">
<status status="NOT RUN" starttime="20240108 12:05:21.928" endtime="20240108 12:05:21.928"/>
</kw>
<kw name="Sleep" library="BuiltIn">
<arg>3s</arg>
<doc>Pauses the test executed for the given time.</doc>
<status status="NOT RUN" starttime="20240108 12:05:21.929" endtime="20240108 12:05:21.929"/>
</kw>
<kw name="Perform Action for Widgets Tool tips">
<status status="NOT RUN" starttime="20240108 12:05:21.930" endtime="20240108 12:05:21.930"/>
</kw>
<kw name="Sleep" library="BuiltIn">
<arg>3s</arg>
<doc>Pauses the test executed for the given time.</doc>
<status status="NOT RUN" starttime="20240108 12:05:21.932" endtime="20240108 12:05:21.932"/>
</kw>
<kw name="Perform Action for Widgets Menu">
<status status="NOT RUN" starttime="20240108 12:05:21.933" endtime="20240108 12:05:21.933"/>
</kw>
<kw name="Sleep" library="BuiltIn">
<arg>3s</arg>
<doc>Pauses the test executed for the given time.</doc>
<status status="NOT RUN" starttime="20240108 12:05:21.935" endtime="20240108 12:05:21.935"/>
</kw>
<kw name="Perform Action for Widgets Select Menu">
<status status="NOT RUN" starttime="20240108 12:05:21.936" endtime="20240108 12:05:21.936"/>
</kw>
<kw name="Sleep" library="BuiltIn">
<arg>3s</arg>
<doc>Pauses the test executed for the given time.</doc>
<status status="NOT RUN" starttime="20240108 12:05:21.937" endtime="20240108 12:05:21.937"/>
</kw>
<status status="FAIL" starttime="20240108 12:05:15.183" endtime="20240108 12:05:21.938">InvalidElementStateException: Message: invalid element state
  (Session info: chrome=120.0.6099.129)
Stacktrace:
#0 0x556a82b26f83 &lt;unknown&gt;
#1 0x556a827dfb2b &lt;unknown&gt;
#2 0x556a82825237 &lt;unknown&gt;
#3 0x556a828590b2 &lt;unknown&gt;
#4 0x556a82822b49 &lt;unknown&gt;
#5 0x556a828594ce &lt;unknown&gt;
#6 0x556a82878006 &lt;unknown&gt;
#7 0x556a82858e53 &lt;unknown&gt;
#8 0x556a82820dd4 &lt;unknown&gt;
#9 0x556a828221de &lt;unknown&gt;
#10 0x556a82aeb531 &lt;unknown&gt;
#11 0x556a82aef455 &lt;unknown&gt;
#12 0x556a82ad7f55 &lt;unknown&gt;
#13 0x556a82af00ef &lt;unknown&gt;
#14 0x556a82abb99f &lt;unknown&gt;
#15 0x556a82b14008 &lt;unknown&gt;
#16 0x556a82b141d7 &lt;unknown&gt;
#17 0x556a82b26124 &lt;unknown&gt;
#18 0x7ffbd23af609 start_thread
</status>
</test>
<status status="FAIL" starttime="20240108 12:05:00.399" endtime="20240108 12:05:21.942"/>
</suite>
<statistics>
<total>
<stat pass="1" fail="1" skip="0">All Tests</stat>
</total>
<tag>
</tag>
<suite>
<stat pass="1" fail="1" skip="0" id="s1" name="Widgets">Widgets</stat>
</suite>
</statistics>
<errors>
<msg timestamp="20240108 12:05:05.660" level="WARN">There was an error managing chrome (error sending request for url (https://googlechromelabs.github.io/chrome-for-testing/known-good-versions-with-downloads.json): error trying to connect: dns error: failed to lookup address information: Try again); using driver found in the cache</msg>
</errors>
</robot>
