<?xml version="1.0" encoding="UTF-8"?>
<robot generator="Robot 6.1.1 (Python 3.8.10 on linux)" generated="20240103 17:51:48.604" rpa="false" schemaversion="4">
<suite id="s1" name="Details" source="/home/ridham/PycharmProjects/webAutomation/Exercise3/Tests/details.robot">
<test id="s1-t1" name="Testcase 1" line="54">
<kw name="Launch Browser">
<kw name="Open Browser" library="SeleniumLibrary">
<arg>https://demoqa.com/</arg>
<arg>chrome</arg>
<arg>options=add_experimental_option("detach", True)</arg>
<doc>Opens a new browser instance to the optional ``url``.</doc>
<msg timestamp="20240103 17:51:48.729" level="INFO">Opening browser 'chrome' to base url 'https://demoqa.com/'.</msg>
<status status="PASS" starttime="20240103 17:51:48.728" endtime="20240103 17:51:53.693"/>
</kw>
<status status="PASS" starttime="20240103 17:51:48.728" endtime="20240103 17:51:53.693"/>
</kw>
<kw name="Open Elements Section">
<kw name="Execute Javascript" library="SeleniumLibrary">
<arg>document.querySelector('div.card.mt-4.top-card').click();</arg>
<doc>Executes the given JavaScript code with possible arguments.</doc>
<msg timestamp="20240103 17:51:53.695" level="INFO">Executing JavaScript:
document.querySelector('div.card.mt-4.top-card').click();
Without any arguments.</msg>
<status status="PASS" starttime="20240103 17:51:53.694" endtime="20240103 17:51:53.761"/>
</kw>
<kw name="Execute Javascript" library="SeleniumLibrary">
<arg>document.querySelector('#item-7').click();</arg>
<doc>Executes the given JavaScript code with possible arguments.</doc>
<msg timestamp="20240103 17:51:53.762" level="INFO">Executing JavaScript:
document.querySelector('#item-7').click();
Without any arguments.</msg>
<status status="PASS" starttime="20240103 17:51:53.762" endtime="20240103 17:51:53.781"/>
</kw>
<kw name="Click Element" library="SeleniumLibrary">
<arg>${DOWNLOAD}</arg>
<doc>Click the element identified by ``locator``.</doc>
<msg timestamp="20240103 17:51:53.782" level="INFO">Clicking element 'Xpath://*[@id="downloadButton"]'.</msg>
<status status="PASS" starttime="20240103 17:51:53.781" endtime="20240103 17:51:53.863"/>
</kw>
<kw name="Wait Until Element Is Not Visible" library="SeleniumLibrary">
<arg>${ELEMENT}</arg>
<doc>Waits until the element ``locator`` is not visible.</doc>
<status status="PASS" starttime="20240103 17:51:53.863" endtime="20240103 17:51:53.881"/>
</kw>
<status status="PASS" starttime="20240103 17:51:53.694" endtime="20240103 17:51:53.881"/>
</kw>
<kw name="Sleep" library="BuiltIn">
<arg>3s</arg>
<doc>Pauses the test executed for the given time.</doc>
<msg timestamp="20240103 17:51:56.882" level="INFO">Slept 3 seconds</msg>
<status status="PASS" starttime="20240103 17:51:53.881" endtime="20240103 17:51:56.882"/>
</kw>
<kw name="Open Form Section">
<kw name="Click Element" library="SeleniumLibrary">
<arg>${FORM}</arg>
<doc>Click the element identified by ``locator``.</doc>
<msg timestamp="20240103 17:51:56.888" level="INFO">Clicking element 'Xpath:(//div[@class="element-group"])[1]'.</msg>
<status status="PASS" starttime="20240103 17:51:56.885" endtime="20240103 17:51:56.974"/>
</kw>
<kw name="Execute Javascript" library="SeleniumLibrary">
<arg>document.querySelectorAll('#item-0')[1].click();</arg>
<doc>Executes the given JavaScript code with possible arguments.</doc>
<msg timestamp="20240103 17:51:56.974" level="INFO">Executing JavaScript:
document.querySelectorAll('#item-0')[1].click();
Without any arguments.</msg>
<status status="PASS" starttime="20240103 17:51:56.974" endtime="20240103 17:51:57.020"/>
</kw>
<status status="PASS" starttime="20240103 17:51:56.884" endtime="20240103 17:51:57.020"/>
</kw>
<kw name="Sleep" library="BuiltIn">
<arg>10s</arg>
<doc>Pauses the test executed for the given time.</doc>
<msg timestamp="20240103 17:52:07.022" level="INFO">Slept 10 seconds</msg>
<status status="PASS" starttime="20240103 17:51:57.021" endtime="20240103 17:52:07.022"/>
</kw>
<kw name="Open Alerts, Frame &amp; Windows">
<kw name="Execute Javascript" library="SeleniumLibrary">
<arg>document.querySelectorAll('div.element-group')[2].click();</arg>
<doc>Executes the given JavaScript code with possible arguments.</doc>
<msg timestamp="20240103 17:52:07.024" level="INFO">Executing JavaScript:
document.querySelectorAll('div.element-group')[2].click();
Without any arguments.</msg>
<status status="PASS" starttime="20240103 17:52:07.023" endtime="20240103 17:52:07.034"/>
</kw>
<kw name="Execute Javascript" library="SeleniumLibrary">
<arg>document.querySelectorAll('#item-3')[1].click();</arg>
<doc>Executes the given JavaScript code with possible arguments.</doc>
<msg timestamp="20240103 17:52:07.035" level="INFO">Executing JavaScript:
document.querySelectorAll('#item-3')[1].click();
Without any arguments.</msg>
<status status="PASS" starttime="20240103 17:52:07.034" endtime="20240103 17:52:07.058"/>
</kw>
<status status="PASS" starttime="20240103 17:52:07.022" endtime="20240103 17:52:07.058"/>
</kw>
<kw name="Sleep" library="BuiltIn">
<arg>10s</arg>
<doc>Pauses the test executed for the given time.</doc>
<msg timestamp="20240103 17:52:17.059" level="INFO">Slept 10 seconds</msg>
<status status="PASS" starttime="20240103 17:52:07.058" endtime="20240103 17:52:17.059"/>
</kw>
<kw name="Open Widgets">
<kw name="Execute Javascript" library="SeleniumLibrary">
<arg>document.querySelectorAll('div.element-group')[3].click();</arg>
<doc>Executes the given JavaScript code with possible arguments.</doc>
<msg timestamp="20240103 17:52:17.062" level="INFO">Executing JavaScript:
document.querySelectorAll('div.element-group')[3].click();
Without any arguments.</msg>
<status status="PASS" starttime="20240103 17:52:17.061" endtime="20240103 17:52:17.083"/>
</kw>
<kw name="Execute Javascript" library="SeleniumLibrary">
<arg>document.querySelectorAll('#item-4')[2].click();</arg>
<doc>Executes the given JavaScript code with possible arguments.</doc>
<msg timestamp="20240103 17:52:17.085" level="INFO">Executing JavaScript:
document.querySelectorAll('#item-4')[2].click();
Without any arguments.</msg>
<status status="PASS" starttime="20240103 17:52:17.084" endtime="20240103 17:52:17.111"/>
</kw>
<status status="PASS" starttime="20240103 17:52:17.060" endtime="20240103 17:52:17.111"/>
</kw>
<kw name="Sleep" library="BuiltIn">
<arg>10s</arg>
<doc>Pauses the test executed for the given time.</doc>
<msg timestamp="20240103 17:52:27.112" level="INFO">Slept 10 seconds</msg>
<status status="PASS" starttime="20240103 17:52:17.112" endtime="20240103 17:52:27.113"/>
</kw>
<kw name="Open Interactions">
<kw name="Execute Javascript" library="SeleniumLibrary">
<arg>document.querySelectorAll('div.element-group')[4].click();</arg>
<doc>Executes the given JavaScript code with possible arguments.</doc>
<msg timestamp="20240103 17:52:27.117" level="INFO">Executing JavaScript:
document.querySelectorAll('div.element-group')[4].click();
Without any arguments.</msg>
<msg timestamp="20240103 17:52:27.165" level="WARN">Keyword 'Capture Page Screenshot' could not be run on failure: Message: no such window: target window already closed
from unknown error: web view not found
  (Session info: chrome=120.0.6099.129)
Stacktrace:
#0 0x555566fccf83 &lt;unknown&gt;
#1 0x555566c85cf7 &lt;unknown&gt;
#2 0x555566c59728 &lt;unknown&gt;
#3 0x555566d0669f &lt;unknown&gt;
#4 0x555566d1d719 &lt;unknown&gt;
#5 0x555566cfee53 &lt;unknown&gt;
#6 0x555566cc6dd4 &lt;unknown&gt;
#7 0x555566cc81de &lt;unknown&gt;
#8 0x555566f91531 &lt;unknown&gt;
#9 0x555566f95455 &lt;unknown&gt;
#10 0x555566f7df55 &lt;unknown&gt;
#11 0x555566f960ef &lt;unknown&gt;
#12 0x555566f6199f &lt;unknown&gt;
#13 0x555566fba008 &lt;unknown&gt;
#14 0x555566fba1d7 &lt;unknown&gt;
#15 0x555566fcc124 &lt;unknown&gt;
#16 0x7fb107a80609 start_thread
</msg>
<msg timestamp="20240103 17:52:27.166" level="FAIL">NoSuchWindowException: Message: no such window: target window already closed
from unknown error: web view not found
  (Session info: chrome=120.0.6099.129)
Stacktrace:
#0 0x555566fccf83 &lt;unknown&gt;
#1 0x555566c85cf7 &lt;unknown&gt;
#2 0x555566c59728 &lt;unknown&gt;
#3 0x555566d0669f &lt;unknown&gt;
#4 0x555566d1d719 &lt;unknown&gt;
#5 0x555566cfee53 &lt;unknown&gt;
#6 0x555566cc6dd4 &lt;unknown&gt;
#7 0x555566cc81de &lt;unknown&gt;
#8 0x555566f91531 &lt;unknown&gt;
#9 0x555566f95455 &lt;unknown&gt;
#10 0x555566f7df55 &lt;unknown&gt;
#11 0x555566f960ef &lt;unknown&gt;
#12 0x555566f6199f &lt;unknown&gt;
#13 0x555566fba008 &lt;unknown&gt;
#14 0x555566fba1d7 &lt;unknown&gt;
#15 0x555566fcc124 &lt;unknown&gt;
#16 0x7fb107a80609 start_thread
</msg>
<status status="FAIL" starttime="20240103 17:52:27.115" endtime="20240103 17:52:27.169"/>
</kw>
<kw name="Execute Javascript" library="SeleniumLibrary">
<arg>document.querySelectorAll('#item-4')[3].click();</arg>
<doc>Executes the given JavaScript code with possible arguments.</doc>
<status status="NOT RUN" starttime="20240103 17:52:27.169" endtime="20240103 17:52:27.170"/>
</kw>
<status status="FAIL" starttime="20240103 17:52:27.114" endtime="20240103 17:52:27.170"/>
</kw>
<kw name="Sleep" library="BuiltIn">
<arg>10s</arg>
<doc>Pauses the test executed for the given time.</doc>
<status status="NOT RUN" starttime="20240103 17:52:27.170" endtime="20240103 17:52:27.170"/>
</kw>
<kw name="Open Book Store">
<status status="NOT RUN" starttime="20240103 17:52:27.171" endtime="20240103 17:52:27.171"/>
</kw>
<status status="FAIL" starttime="20240103 17:51:48.727" endtime="20240103 17:52:27.172">NoSuchWindowException: Message: no such window: target window already closed
from unknown error: web view not found
  (Session info: chrome=120.0.6099.129)
Stacktrace:
#0 0x555566fccf83 &lt;unknown&gt;
#1 0x555566c85cf7 &lt;unknown&gt;
#2 0x555566c59728 &lt;unknown&gt;
#3 0x555566d0669f &lt;unknown&gt;
#4 0x555566d1d719 &lt;unknown&gt;
#5 0x555566cfee53 &lt;unknown&gt;
#6 0x555566cc6dd4 &lt;unknown&gt;
#7 0x555566cc81de &lt;unknown&gt;
#8 0x555566f91531 &lt;unknown&gt;
#9 0x555566f95455 &lt;unknown&gt;
#10 0x555566f7df55 &lt;unknown&gt;
#11 0x555566f960ef &lt;unknown&gt;
#12 0x555566f6199f &lt;unknown&gt;
#13 0x555566fba008 &lt;unknown&gt;
#14 0x555566fba1d7 &lt;unknown&gt;
#15 0x555566fcc124 &lt;unknown&gt;
#16 0x7fb107a80609 start_thread
</status>
</test>
<status status="FAIL" starttime="20240103 17:51:48.604" endtime="20240103 17:52:27.174"/>
</suite>
<statistics>
<total>
<stat pass="0" fail="1" skip="0">All Tests</stat>
</total>
<tag>
</tag>
<suite>
<stat pass="0" fail="1" skip="0" id="s1" name="Details">Details</stat>
</suite>
</statistics>
<errors>
<msg timestamp="20240103 17:52:27.165" level="WARN">Keyword 'Capture Page Screenshot' could not be run on failure: Message: no such window: target window already closed
from unknown error: web view not found
  (Session info: chrome=120.0.6099.129)
Stacktrace:
#0 0x555566fccf83 &lt;unknown&gt;
#1 0x555566c85cf7 &lt;unknown&gt;
#2 0x555566c59728 &lt;unknown&gt;
#3 0x555566d0669f &lt;unknown&gt;
#4 0x555566d1d719 &lt;unknown&gt;
#5 0x555566cfee53 &lt;unknown&gt;
#6 0x555566cc6dd4 &lt;unknown&gt;
#7 0x555566cc81de &lt;unknown&gt;
#8 0x555566f91531 &lt;unknown&gt;
#9 0x555566f95455 &lt;unknown&gt;
#10 0x555566f7df55 &lt;unknown&gt;
#11 0x555566f960ef &lt;unknown&gt;
#12 0x555566f6199f &lt;unknown&gt;
#13 0x555566fba008 &lt;unknown&gt;
#14 0x555566fba1d7 &lt;unknown&gt;
#15 0x555566fcc124 &lt;unknown&gt;
#16 0x7fb107a80609 start_thread
</msg>
</errors>
</robot>
