<?xml version="1.0" encoding="UTF-8"?>
<robot generator="Robot 6.1.1 (Python 3.8.10 on linux)" generated="20240102 18:51:52.093" rpa="false" schemaversion="4">
<suite id="s1" name="Details" source="/home/ridham/PycharmProjects/webAutomation/Exercise3/Tests/details.robot">
<test id="s1-t1" name="Testcase 1" line="19">
<kw name="Launch Browser">
<kw name="Open Browser" library="SeleniumLibrary">
<arg>https://demoqa.com/</arg>
<arg>chrome</arg>
<arg>options=add_experimental_option("detach", True)</arg>
<doc>Opens a new browser instance to the optional ``url``.</doc>
<msg timestamp="20240102 18:51:52.221" level="INFO">Opening browser 'chrome' to base url 'https://demoqa.com/'.</msg>
<status status="PASS" starttime="20240102 18:51:52.221" endtime="20240102 18:51:57.477"/>
</kw>
<status status="PASS" starttime="20240102 18:51:52.220" endtime="20240102 18:51:57.477"/>
</kw>
<kw name="Open Elements Section">
<kw name="Wait Until Element Is Visible" library="SeleniumLibrary">
<arg>${ELEMENT}</arg>
<arg>timeout=${TIMEOUT}</arg>
<doc>Waits until the element ``locator`` is visible.</doc>
<msg timestamp="20240102 18:51:57.601" level="INFO" html="true">&lt;/td&gt;&lt;/tr&gt;&lt;tr&gt;&lt;td colspan="3"&gt;&lt;a href="selenium-screenshot-28.png"&gt;&lt;img src="selenium-screenshot-28.png" width="800px"&gt;&lt;/a&gt;</msg>
<msg timestamp="20240102 18:51:57.602" level="FAIL">InvalidSelectorException: Message: invalid selector: An invalid or illegal selector was specified
  (Session info: chrome=120.0.6099.129); For documentation on this error, please visit: https://www.selenium.dev/documentation/webdriver/troubleshooting/errors#invalid-selector-exception
Stacktrace:
#0 0x55576a8e8f83 &lt;unknown&gt;
#1 0x55576a5a1cf7 &lt;unknown&gt;
#2 0x55576a5a82a3 &lt;unknown&gt;
#3 0x55576a5aa798 &lt;unknown&gt;
#4 0x55576a5aa8ec &lt;unknown&gt;
#5 0x55576a5f16c7 &lt;unknown&gt;
#6 0x55576a5f1aa1 &lt;unknown&gt;
#7 0x55576a63cda1 &lt;unknown&gt;
#8 0x55576a61b0dd &lt;unknown&gt;
#9 0x55576a63a006 &lt;unknown&gt;
#10 0x55576a61ae53 &lt;unknown&gt;
#11 0x55576a5e2dd4 &lt;unknown&gt;
#12 0x55576a5e41de &lt;unknown&gt;
#13 0x55576a8ad531 &lt;unknown&gt;
#14 0x55576a8b1455 &lt;unknown&gt;
#15 0x55576a899f55 &lt;unknown&gt;
#16 0x55576a8b20ef &lt;unknown&gt;
#17 0x55576a87d99f &lt;unknown&gt;
#18 0x55576a8d6008 &lt;unknown&gt;
#19 0x55576a8d61d7 &lt;unknown&gt;
#20 0x55576a8e8124 &lt;unknown&gt;
#21 0x7f44c89a1609 start_thread
</msg>
<status status="FAIL" starttime="20240102 18:51:57.479" endtime="20240102 18:51:57.618"/>
</kw>
<kw name="Wait Until Element Does Not Contain" library="SeleniumLibrary">
<arg>${ELEMENT}</arg>
<arg>overlay</arg>
<arg>timeout=${TIMEOUT}</arg>
<doc>Waits until the element ``locator`` does not contain ``text``.</doc>
<status status="NOT RUN" starttime="20240102 18:51:57.618" endtime="20240102 18:51:57.619"/>
</kw>
<kw name="Click Element" library="SeleniumLibrary">
<arg>${ELEMENT}</arg>
<doc>Click the element identified by ``locator``.</doc>
<status status="NOT RUN" starttime="20240102 18:51:57.619" endtime="20240102 18:51:57.619"/>
</kw>
<status status="FAIL" starttime="20240102 18:51:57.478" endtime="20240102 18:51:57.619"/>
</kw>
<status status="FAIL" starttime="20240102 18:51:52.219" endtime="20240102 18:51:57.620">InvalidSelectorException: Message: invalid selector: An invalid or illegal selector was specified
  (Session info: chrome=120.0.6099.129); For documentation on this error, please visit: https://www.selenium.dev/documentation/webdriver/troubleshooting/errors#invalid-selector-exception
Stacktrace:
#0 0x55576a8e8f83 &lt;unknown&gt;
#1 0x55576a5a1cf7 &lt;unknown&gt;
#2 0x55576a5a82a3 &lt;unknown&gt;
#3 0x55576a5aa798 &lt;unknown&gt;
#4 0x55576a5aa8ec &lt;unknown&gt;
#5 0x55576a5f16c7 &lt;unknown&gt;
#6 0x55576a5f1aa1 &lt;unknown&gt;
#7 0x55576a63cda1 &lt;unknown&gt;
#8 0x55576a61b0dd &lt;unknown&gt;
#9 0x55576a63a006 &lt;unknown&gt;
#10 0x55576a61ae53 &lt;unknown&gt;
#11 0x55576a5e2dd4 &lt;unknown&gt;
#12 0x55576a5e41de &lt;unknown&gt;
#13 0x55576a8ad531 &lt;unknown&gt;
#14 0x55576a8b1455 &lt;unknown&gt;
#15 0x55576a899f55 &lt;unknown&gt;
#16 0x55576a8b20ef &lt;unknown&gt;
#17 0x55576a87d99f &lt;unknown&gt;
#18 0x55576a8d6008 &lt;unknown&gt;
#19 0x55576a8d61d7 &lt;unknown&gt;
#20 0x55576a8e8124 &lt;unknown&gt;
#21 0x7f44c89a1609 start_thread
</status>
</test>
<status status="FAIL" starttime="20240102 18:51:52.094" endtime="20240102 18:51:57.621"/>
</suite>
<statistics>
<total>
<stat pass="0" fail="1" skip="0">All Tests</stat>
</total>
<tag>
</tag>
<suite>
<stat pass="0" fail="1" skip="0" id="s1" name="Details">Details</stat>
</suite>
</statistics>
<errors>
</errors>
</robot>
