<?xml version="1.0" encoding="UTF-8"?>
<robot generator="Robot 6.1.1 (Python 3.8.10 on linux)" generated="20240103 14:46:50.569" rpa="false" schemaversion="4">
<suite id="s1" name="Details" source="/home/ridham/PycharmProjects/webAutomation/Exercise3/Tests/details.robot">
<test id="s1-t1" name="Testcase 1" line="31">
<kw name="Launch Browser">
<kw name="Open Browser" library="SeleniumLibrary">
<arg>https://demoqa.com/</arg>
<arg>chrome</arg>
<arg>options=add_experimental_option("detach", True)</arg>
<doc>Opens a new browser instance to the optional ``url``.</doc>
<msg timestamp="20240103 14:46:50.694" level="INFO">Opening browser 'chrome' to base url 'https://demoqa.com/'.</msg>
<status status="PASS" starttime="20240103 14:46:50.693" endtime="20240103 14:46:56.323"/>
</kw>
<status status="PASS" starttime="20240103 14:46:50.692" endtime="20240103 14:46:56.324"/>
</kw>
<kw name="Open Elements Section">
<kw name="Execute Javascript" library="SeleniumLibrary">
<arg>document.querySelector('div.card.mt-4.top-card').click();</arg>
<doc>Executes the given JavaScript code with possible arguments.</doc>
<msg timestamp="20240103 14:46:56.328" level="INFO">Executing JavaScript:
document.querySelector('div.card.mt-4.top-card').click();
Without any arguments.</msg>
<status status="PASS" starttime="20240103 14:46:56.327" endtime="20240103 14:46:56.474"/>
</kw>
<kw name="Wait Until Element Is Visible" library="SeleniumLibrary">
<arg>${UPLOAD/DOWNLOAD}</arg>
<arg>${TIMEOUT}</arg>
<doc>Waits until the element ``locator`` is visible.</doc>
<msg timestamp="20240103 14:46:56.644" level="INFO" html="true">&lt;/td&gt;&lt;/tr&gt;&lt;tr&gt;&lt;td colspan="3"&gt;&lt;a href="selenium-screenshot-66.png"&gt;&lt;img src="selenium-screenshot-66.png" width="800px"&gt;&lt;/a&gt;</msg>
<msg timestamp="20240103 14:46:56.644" level="FAIL">InvalidSelectorException: Message: invalid selector: An invalid or illegal selector was specified
  (Session info: chrome=120.0.6099.129); For documentation on this error, please visit: https://www.selenium.dev/documentation/webdriver/troubleshooting/errors#invalid-selector-exception
Stacktrace:
#0 0x55facc634f83 &lt;unknown&gt;
#1 0x55facc2edcf7 &lt;unknown&gt;
#2 0x55facc2f42a3 &lt;unknown&gt;
#3 0x55facc2f6798 &lt;unknown&gt;
#4 0x55facc2f68ec &lt;unknown&gt;
#5 0x55facc33d6c7 &lt;unknown&gt;
#6 0x55facc33daa1 &lt;unknown&gt;
#7 0x55facc388da1 &lt;unknown&gt;
#8 0x55facc3670dd &lt;unknown&gt;
#9 0x55facc386006 &lt;unknown&gt;
#10 0x55facc366e53 &lt;unknown&gt;
#11 0x55facc32edd4 &lt;unknown&gt;
#12 0x55facc3301de &lt;unknown&gt;
#13 0x55facc5f9531 &lt;unknown&gt;
#14 0x55facc5fd455 &lt;unknown&gt;
#15 0x55facc5e5f55 &lt;unknown&gt;
#16 0x55facc5fe0ef &lt;unknown&gt;
#17 0x55facc5c999f &lt;unknown&gt;
#18 0x55facc622008 &lt;unknown&gt;
#19 0x55facc6221d7 &lt;unknown&gt;
#20 0x55facc634124 &lt;unknown&gt;
#21 0x7fed4953c609 start_thread
</msg>
<status status="FAIL" starttime="20240103 14:46:56.474" endtime="20240103 14:46:56.646"/>
</kw>
<kw name="Click Element" library="SeleniumLibrary">
<arg>${UPLOAD/DOWNLOAD}</arg>
<doc>Click the element identified by ``locator``.</doc>
<status status="NOT RUN" starttime="20240103 14:46:56.646" endtime="20240103 14:46:56.646"/>
</kw>
<status status="FAIL" starttime="20240103 14:46:56.325" endtime="20240103 14:46:56.646"/>
</kw>
<status status="FAIL" starttime="20240103 14:46:50.691" endtime="20240103 14:46:56.646">InvalidSelectorException: Message: invalid selector: An invalid or illegal selector was specified
  (Session info: chrome=120.0.6099.129); For documentation on this error, please visit: https://www.selenium.dev/documentation/webdriver/troubleshooting/errors#invalid-selector-exception
Stacktrace:
#0 0x55facc634f83 &lt;unknown&gt;
#1 0x55facc2edcf7 &lt;unknown&gt;
#2 0x55facc2f42a3 &lt;unknown&gt;
#3 0x55facc2f6798 &lt;unknown&gt;
#4 0x55facc2f68ec &lt;unknown&gt;
#5 0x55facc33d6c7 &lt;unknown&gt;
#6 0x55facc33daa1 &lt;unknown&gt;
#7 0x55facc388da1 &lt;unknown&gt;
#8 0x55facc3670dd &lt;unknown&gt;
#9 0x55facc386006 &lt;unknown&gt;
#10 0x55facc366e53 &lt;unknown&gt;
#11 0x55facc32edd4 &lt;unknown&gt;
#12 0x55facc3301de &lt;unknown&gt;
#13 0x55facc5f9531 &lt;unknown&gt;
#14 0x55facc5fd455 &lt;unknown&gt;
#15 0x55facc5e5f55 &lt;unknown&gt;
#16 0x55facc5fe0ef &lt;unknown&gt;
#17 0x55facc5c999f &lt;unknown&gt;
#18 0x55facc622008 &lt;unknown&gt;
#19 0x55facc6221d7 &lt;unknown&gt;
#20 0x55facc634124 &lt;unknown&gt;
#21 0x7fed4953c609 start_thread
</status>
</test>
<status status="FAIL" starttime="20240103 14:46:50.570" endtime="20240103 14:46:56.648"/>
</suite>
<statistics>
<total>
<stat pass="0" fail="1" skip="0">All Tests</stat>
</total>
<tag>
</tag>
<suite>
<stat pass="0" fail="1" skip="0" id="s1" name="Details">Details</stat>
</suite>
</statistics>
<errors>
</errors>
</robot>
