<?xml version="1.0" encoding="UTF-8"?>
<robot generator="Robot 6.1.1 (Python 3.8.10 on linux)" generated="20240103 14:30:56.913" rpa="false" schemaversion="4">
<suite id="s1" name="Details" source="/home/ridham/PycharmProjects/webAutomation/Exercise3/Tests/details.robot">
<test id="s1-t1" name="Testcase 1" line="31">
<kw name="Launch Browser">
<kw name="Open Browser" library="SeleniumLibrary">
<arg>https://demoqa.com/</arg>
<arg>chrome</arg>
<arg>options=add_experimental_option("detach", True)</arg>
<doc>Opens a new browser instance to the optional ``url``.</doc>
<msg timestamp="20240103 14:30:57.034" level="INFO">Opening browser 'chrome' to base url 'https://demoqa.com/'.</msg>
<status status="PASS" starttime="20240103 14:30:57.033" endtime="20240103 14:31:02.255"/>
</kw>
<status status="PASS" starttime="20240103 14:30:57.033" endtime="20240103 14:31:02.256"/>
</kw>
<kw name="Open Elements Section">
<kw name="Execute Javascript" library="SeleniumLibrary">
<arg>document.querySelector('div.card.mt-4.top-card').click();</arg>
<doc>Executes the given JavaScript code with possible arguments.</doc>
<msg timestamp="20240103 14:31:02.258" level="INFO">Executing JavaScript:
document.querySelector('div.card.mt-4.top-card').click();
Without any arguments.</msg>
<status status="PASS" starttime="20240103 14:31:02.258" endtime="20240103 14:31:02.340"/>
</kw>
<kw name="Wait Until Element Is Visible" library="SeleniumLibrary">
<arg>${UPLOAD/DOWNLOAD}</arg>
<arg>${TIMEOUT}</arg>
<doc>Waits until the element ``locator`` is visible.</doc>
<msg timestamp="20240103 14:31:02.468" level="INFO" html="true">&lt;/td&gt;&lt;/tr&gt;&lt;tr&gt;&lt;td colspan="3"&gt;&lt;a href="selenium-screenshot-65.png"&gt;&lt;img src="selenium-screenshot-65.png" width="800px"&gt;&lt;/a&gt;</msg>
<msg timestamp="20240103 14:31:02.468" level="FAIL">InvalidSelectorException: Message: invalid selector: An invalid or illegal selector was specified
  (Session info: chrome=120.0.6099.129); For documentation on this error, please visit: https://www.selenium.dev/documentation/webdriver/troubleshooting/errors#invalid-selector-exception
Stacktrace:
#0 0x5597f0ddff83 &lt;unknown&gt;
#1 0x5597f0a98cf7 &lt;unknown&gt;
#2 0x5597f0a9f2a3 &lt;unknown&gt;
#3 0x5597f0aa1798 &lt;unknown&gt;
#4 0x5597f0aa18ec &lt;unknown&gt;
#5 0x5597f0ae86c7 &lt;unknown&gt;
#6 0x5597f0ae8aa1 &lt;unknown&gt;
#7 0x5597f0b33da1 &lt;unknown&gt;
#8 0x5597f0b120dd &lt;unknown&gt;
#9 0x5597f0b31006 &lt;unknown&gt;
#10 0x5597f0b11e53 &lt;unknown&gt;
#11 0x5597f0ad9dd4 &lt;unknown&gt;
#12 0x5597f0adb1de &lt;unknown&gt;
#13 0x5597f0da4531 &lt;unknown&gt;
#14 0x5597f0da8455 &lt;unknown&gt;
#15 0x5597f0d90f55 &lt;unknown&gt;
#16 0x5597f0da90ef &lt;unknown&gt;
#17 0x5597f0d7499f &lt;unknown&gt;
#18 0x5597f0dcd008 &lt;unknown&gt;
#19 0x5597f0dcd1d7 &lt;unknown&gt;
#20 0x5597f0ddf124 &lt;unknown&gt;
#21 0x7f1df644a609 start_thread
</msg>
<status status="FAIL" starttime="20240103 14:31:02.341" endtime="20240103 14:31:02.469"/>
</kw>
<kw name="Click Element" library="SeleniumLibrary">
<arg>${UPLOAD/DOWNLOAD}</arg>
<doc>Click the element identified by ``locator``.</doc>
<status status="NOT RUN" starttime="20240103 14:31:02.469" endtime="20240103 14:31:02.469"/>
</kw>
<status status="FAIL" starttime="20240103 14:31:02.257" endtime="20240103 14:31:02.469"/>
</kw>
<status status="FAIL" starttime="20240103 14:30:57.032" endtime="20240103 14:31:02.470">InvalidSelectorException: Message: invalid selector: An invalid or illegal selector was specified
  (Session info: chrome=120.0.6099.129); For documentation on this error, please visit: https://www.selenium.dev/documentation/webdriver/troubleshooting/errors#invalid-selector-exception
Stacktrace:
#0 0x5597f0ddff83 &lt;unknown&gt;
#1 0x5597f0a98cf7 &lt;unknown&gt;
#2 0x5597f0a9f2a3 &lt;unknown&gt;
#3 0x5597f0aa1798 &lt;unknown&gt;
#4 0x5597f0aa18ec &lt;unknown&gt;
#5 0x5597f0ae86c7 &lt;unknown&gt;
#6 0x5597f0ae8aa1 &lt;unknown&gt;
#7 0x5597f0b33da1 &lt;unknown&gt;
#8 0x5597f0b120dd &lt;unknown&gt;
#9 0x5597f0b31006 &lt;unknown&gt;
#10 0x5597f0b11e53 &lt;unknown&gt;
#11 0x5597f0ad9dd4 &lt;unknown&gt;
#12 0x5597f0adb1de &lt;unknown&gt;
#13 0x5597f0da4531 &lt;unknown&gt;
#14 0x5597f0da8455 &lt;unknown&gt;
#15 0x5597f0d90f55 &lt;unknown&gt;
#16 0x5597f0da90ef &lt;unknown&gt;
#17 0x5597f0d7499f &lt;unknown&gt;
#18 0x5597f0dcd008 &lt;unknown&gt;
#19 0x5597f0dcd1d7 &lt;unknown&gt;
#20 0x5597f0ddf124 &lt;unknown&gt;
#21 0x7f1df644a609 start_thread
</status>
</test>
<status status="FAIL" starttime="20240103 14:30:56.913" endtime="20240103 14:31:02.471"/>
</suite>
<statistics>
<total>
<stat pass="0" fail="1" skip="0">All Tests</stat>
</total>
<tag>
</tag>
<suite>
<stat pass="0" fail="1" skip="0" id="s1" name="Details">Details</stat>
</suite>
</statistics>
<errors>
</errors>
</robot>
