<?xml version="1.0" encoding="UTF-8"?>
<robot generator="Robot 6.1.1 (Python 3.8.10 on linux)" generated="20240103 15:07:38.545" rpa="false" schemaversion="4">
<suite id="s1" name="Details" source="/home/ridham/PycharmProjects/webAutomation/Exercise3/Tests/details.robot">
<test id="s1-t1" name="Testcase 1" line="36">
<kw name="Launch Browser">
<kw name="Open Browser" library="SeleniumLibrary">
<arg>https://demoqa.com/</arg>
<arg>chrome</arg>
<arg>options=add_experimental_option("detach", True)</arg>
<doc>Opens a new browser instance to the optional ``url``.</doc>
<msg timestamp="20240103 15:07:38.674" level="INFO">Opening browser 'chrome' to base url 'https://demoqa.com/'.</msg>
<status status="PASS" starttime="20240103 15:07:38.673" endtime="20240103 15:07:44.870"/>
</kw>
<status status="PASS" starttime="20240103 15:07:38.673" endtime="20240103 15:07:44.871"/>
</kw>
<kw name="Open Elements Section">
<kw name="Execute Javascript" library="SeleniumLibrary">
<arg>document.querySelector('div.card.mt-4.top-card').click();</arg>
<doc>Executes the given JavaScript code with possible arguments.</doc>
<msg timestamp="20240103 15:07:44.873" level="INFO">Executing JavaScript:
document.querySelector('div.card.mt-4.top-card').click();
Without any arguments.</msg>
<msg timestamp="20240103 15:07:44.903" level="WARN">Keyword 'Capture Page Screenshot' could not be run on failure: Message: no such window: target window already closed
from unknown error: web view not found
  (Session info: chrome=120.0.6099.129)
Stacktrace:
#0 0x5592630def83 &lt;unknown&gt;
#1 0x559262d97cf7 &lt;unknown&gt;
#2 0x559262d6b728 &lt;unknown&gt;
#3 0x559262e1869f &lt;unknown&gt;
#4 0x559262e2f719 &lt;unknown&gt;
#5 0x559262e10e53 &lt;unknown&gt;
#6 0x559262dd8dd4 &lt;unknown&gt;
#7 0x559262dda1de &lt;unknown&gt;
#8 0x5592630a3531 &lt;unknown&gt;
#9 0x5592630a7455 &lt;unknown&gt;
#10 0x55926308ff55 &lt;unknown&gt;
#11 0x5592630a80ef &lt;unknown&gt;
#12 0x55926307399f &lt;unknown&gt;
#13 0x5592630cc008 &lt;unknown&gt;
#14 0x5592630cc1d7 &lt;unknown&gt;
#15 0x5592630de124 &lt;unknown&gt;
#16 0x7fc19eabc609 start_thread
</msg>
<msg timestamp="20240103 15:07:44.904" level="FAIL">NoSuchWindowException: Message: no such window: target window already closed
from unknown error: web view not found
  (Session info: chrome=120.0.6099.129)
Stacktrace:
#0 0x5592630def83 &lt;unknown&gt;
#1 0x559262d97cf7 &lt;unknown&gt;
#2 0x559262d6b728 &lt;unknown&gt;
#3 0x559262e1869f &lt;unknown&gt;
#4 0x559262e2f719 &lt;unknown&gt;
#5 0x559262e10e53 &lt;unknown&gt;
#6 0x559262dd8dd4 &lt;unknown&gt;
#7 0x559262dda1de &lt;unknown&gt;
#8 0x5592630a3531 &lt;unknown&gt;
#9 0x5592630a7455 &lt;unknown&gt;
#10 0x55926308ff55 &lt;unknown&gt;
#11 0x5592630a80ef &lt;unknown&gt;
#12 0x55926307399f &lt;unknown&gt;
#13 0x5592630cc008 &lt;unknown&gt;
#14 0x5592630cc1d7 &lt;unknown&gt;
#15 0x5592630de124 &lt;unknown&gt;
#16 0x7fc19eabc609 start_thread
</msg>
<status status="FAIL" starttime="20240103 15:07:44.872" endtime="20240103 15:07:44.905"/>
</kw>
<kw name="Execute Javascript" library="SeleniumLibrary">
<arg>document.querySelector('#item-7').click();</arg>
<doc>Executes the given JavaScript code with possible arguments.</doc>
<status status="NOT RUN" starttime="20240103 15:07:44.906" endtime="20240103 15:07:44.906"/>
</kw>
<kw name="Click Element" library="SeleniumLibrary">
<arg>${DOWNLOAD}</arg>
<doc>Click the element identified by ``locator``.</doc>
<status status="NOT RUN" starttime="20240103 15:07:44.906" endtime="20240103 15:07:44.906"/>
</kw>
<kw name="Click Button" library="SeleniumLibrary">
<arg>${UPLOAD}</arg>
<doc>Clicks the button identified by ``locator``.</doc>
<status status="NOT RUN" starttime="20240103 15:07:44.906" endtime="20240103 15:07:44.906"/>
</kw>
<status status="FAIL" starttime="20240103 15:07:44.871" endtime="20240103 15:07:44.906"/>
</kw>
<status status="FAIL" starttime="20240103 15:07:38.672" endtime="20240103 15:07:44.907">NoSuchWindowException: Message: no such window: target window already closed
from unknown error: web view not found
  (Session info: chrome=120.0.6099.129)
Stacktrace:
#0 0x5592630def83 &lt;unknown&gt;
#1 0x559262d97cf7 &lt;unknown&gt;
#2 0x559262d6b728 &lt;unknown&gt;
#3 0x559262e1869f &lt;unknown&gt;
#4 0x559262e2f719 &lt;unknown&gt;
#5 0x559262e10e53 &lt;unknown&gt;
#6 0x559262dd8dd4 &lt;unknown&gt;
#7 0x559262dda1de &lt;unknown&gt;
#8 0x5592630a3531 &lt;unknown&gt;
#9 0x5592630a7455 &lt;unknown&gt;
#10 0x55926308ff55 &lt;unknown&gt;
#11 0x5592630a80ef &lt;unknown&gt;
#12 0x55926307399f &lt;unknown&gt;
#13 0x5592630cc008 &lt;unknown&gt;
#14 0x5592630cc1d7 &lt;unknown&gt;
#15 0x5592630de124 &lt;unknown&gt;
#16 0x7fc19eabc609 start_thread
</status>
</test>
<status status="FAIL" starttime="20240103 15:07:38.546" endtime="20240103 15:07:44.908"/>
</suite>
<statistics>
<total>
<stat pass="0" fail="1" skip="0">All Tests</stat>
</total>
<tag>
</tag>
<suite>
<stat pass="0" fail="1" skip="0" id="s1" name="Details">Details</stat>
</suite>
</statistics>
<errors>
<msg timestamp="20240103 15:07:44.903" level="WARN">Keyword 'Capture Page Screenshot' could not be run on failure: Message: no such window: target window already closed
from unknown error: web view not found
  (Session info: chrome=120.0.6099.129)
Stacktrace:
#0 0x5592630def83 &lt;unknown&gt;
#1 0x559262d97cf7 &lt;unknown&gt;
#2 0x559262d6b728 &lt;unknown&gt;
#3 0x559262e1869f &lt;unknown&gt;
#4 0x559262e2f719 &lt;unknown&gt;
#5 0x559262e10e53 &lt;unknown&gt;
#6 0x559262dd8dd4 &lt;unknown&gt;
#7 0x559262dda1de &lt;unknown&gt;
#8 0x5592630a3531 &lt;unknown&gt;
#9 0x5592630a7455 &lt;unknown&gt;
#10 0x55926308ff55 &lt;unknown&gt;
#11 0x5592630a80ef &lt;unknown&gt;
#12 0x55926307399f &lt;unknown&gt;
#13 0x5592630cc008 &lt;unknown&gt;
#14 0x5592630cc1d7 &lt;unknown&gt;
#15 0x5592630de124 &lt;unknown&gt;
#16 0x7fc19eabc609 start_thread
</msg>
</errors>
</robot>
