<?xml version="1.0" encoding="UTF-8"?>
<robot generator="Robot 6.1.1 (Python 3.8.10 on linux)" generated="20240124 10:14:47.956" rpa="false" schemaversion="4">
<suite id="s1" name="Hrms" source="/home/ridham/PycharmProjects/webAutomation/Exercise4/Tests/hrms.robot">
<test id="s1-t1" name="Launch Browser" line="17">
<kw name="Open Browser" library="SeleniumLibrary">
<arg>https://hrms.volansys.com/</arg>
<arg>chrome</arg>
<arg>options=add_experimental_option("detach", True)</arg>
<doc>Opens a new browser instance to the optional ``url``.</doc>
<msg timestamp="20240124 10:14:48.340" level="INFO">Opening browser 'chrome' to base url 'https://hrms.volansys.com/'.</msg>
<status status="PASS" starttime="20240124 10:14:48.339" endtime="20240124 10:14:53.663"/>
</kw>
<kw name="Maximize Browser Window" library="SeleniumLibrary">
<doc>Maximizes current browser window.</doc>
<status status="PASS" starttime="20240124 10:14:53.664" endtime="20240124 10:14:53.871"/>
</kw>
<status status="PASS" starttime="20240124 10:14:48.319" endtime="20240124 10:14:53.871"/>
</test>
<test id="s1-t2" name="Authentication" line="21">
<kw name="Input Text" library="SeleniumLibrary">
<arg>${USERNAME}</arg>
<arg>ridham.chavda</arg>
<doc>Types the given ``text`` into the text field identified by ``locator``.</doc>
<msg timestamp="20240124 10:14:53.874" level="INFO">Typing text 'ridham.chavda' into text field '//*[@id="LoginForm_username"]'.</msg>
<status status="PASS" starttime="20240124 10:14:53.872" endtime="20240124 10:14:54.153"/>
</kw>
<kw name="Input Password" library="SeleniumLibrary">
<arg>${PASSWORD}</arg>
<arg>Ridham@122023</arg>
<doc>Types the given password into the text field identified by ``locator``.</doc>
<msg timestamp="20240124 10:14:54.154" level="INFO">Typing password into text field '//*[@id="LoginForm_password"]'.</msg>
<msg timestamp="20240124 10:14:54.210" level="INFO">Temporally setting log level to: NONE</msg>
<msg timestamp="20240124 10:14:54.311" level="INFO">Log level changed from NONE to INFO.</msg>
<status status="PASS" starttime="20240124 10:14:54.153" endtime="20240124 10:14:54.312"/>
</kw>
<kw name="Click Button" library="SeleniumLibrary">
<arg>${LOGIN}</arg>
<doc>Clicks the button identified by ``locator``.</doc>
<msg timestamp="20240124 10:14:54.312" level="INFO">Clicking button '//*[@id="login-form"]/div[3]/button'.</msg>
<status status="PASS" starttime="20240124 10:14:54.312" endtime="20240124 10:15:14.650"/>
</kw>
<kw name="Wait for OTP Email">
<var>${otp}</var>
<msg timestamp="20240124 10:15:14.658" level="FAIL">No keyword with name 'Wait for OTP Email' found.</msg>
<status status="FAIL" starttime="20240124 10:15:14.658" endtime="20240124 10:15:14.658"/>
</kw>
<kw name="Input Text" library="SeleniumLibrary">
<arg>otp_field</arg>
<arg>${otp}</arg>
<doc>Types the given ``text`` into the text field identified by ``locator``.</doc>
<status status="NOT RUN" starttime="20240124 10:15:14.658" endtime="20240124 10:15:14.658"/>
</kw>
<status status="FAIL" starttime="20240124 10:14:53.872" endtime="20240124 10:15:14.658">No keyword with name 'Wait for OTP Email' found.</status>
</test>
<test id="s1-t3" name="Wait for OTP Email" line="31">
<kw name="IMAPLibrary.Get Email Body">
<var>${otp}</var>
<arg>${EMAIL_SERVER}</arg>
<arg>${EMAIL_USERNAME}</arg>
<arg>${EMAIL_PASSWORD}</arg>
<arg>${OTP_SUBJECT}</arg>
<msg timestamp="20240124 10:15:14.670" level="FAIL">No keyword with name 'IMAPLibrary.Get Email Body' found.</msg>
<status status="FAIL" starttime="20240124 10:15:14.670" endtime="20240124 10:15:14.672"/>
</kw>
<kw name="Log" library="BuiltIn">
<arg>OTP received: ${otp}</arg>
<doc>Logs the given message with the given level.</doc>
<status status="NOT RUN" starttime="20240124 10:15:14.672" endtime="20240124 10:15:14.672"/>
</kw>
<error>
<value>[Return]</value>
<status status="NOT RUN" starttime="20240124 10:15:14.673" endtime="20240124 10:15:14.673"/>
</error>
<status status="FAIL" starttime="20240124 10:15:14.659" endtime="20240124 10:15:14.673">No keyword with name 'IMAPLibrary.Get Email Body' found.</status>
</test>
<status status="FAIL" starttime="20240124 10:14:47.957" endtime="20240124 10:15:14.674"/>
</suite>
<statistics>
<total>
<stat pass="1" fail="2" skip="0">All Tests</stat>
</total>
<tag>
</tag>
<suite>
<stat pass="1" fail="2" skip="0" id="s1" name="Hrms">Hrms</stat>
</suite>
</statistics>
<errors>
<msg timestamp="20240124 10:14:48.318" level="ERROR">Error in file '/home/ridham/PycharmProjects/webAutomation/Exercise4/Tests/hrms.robot' on line 3: Importing library 'IMAPLibrary' failed: ModuleNotFoundError: No module named 'IMAPLibrary'
Traceback (most recent call last):
  None
PYTHONPATH:
  /home/ridham/.local/bin
  /usr/lib/python38.zip
  /usr/lib/python3.8
  /usr/lib/python3.8/lib-dynload
  /home/ridham/.local/lib/python3.8/site-packages
  /usr/local/lib/python3.8/dist-packages
  /usr/lib/python3/dist-packages</msg>
</errors>
</robot>
