<?xml version="1.0" encoding="UTF-8"?>
<robot generator="Robot 6.1.1 (Python 3.8.10 on linux)" generated="20240109 11:06:24.947" rpa="false" schemaversion="4">
<suite id="s1" name="Interactions" source="/home/ridham/PycharmProjects/webAutomation/Exercise3/Tests/Interactions.robot">
<test id="s1-t1" name="Launch Browser" line="29">
<kw name="Open Browser" library="SeleniumLibrary">
<arg>https://demoqa.com/</arg>
<arg>chrome</arg>
<arg>options=add_experimental_option("detach", True)</arg>
<doc>Opens a new browser instance to the optional ``url``.</doc>
<msg timestamp="20240109 11:06:25.171" level="INFO">Opening browser 'chrome' to base url 'https://demoqa.com/'.</msg>
<status status="PASS" starttime="20240109 11:06:25.170" endtime="20240109 11:06:30.943"/>
</kw>
<kw name="Maximize Browser Window" library="SeleniumLibrary">
<doc>Maximizes current browser window.</doc>
<status status="PASS" starttime="20240109 11:06:30.944" endtime="20240109 11:06:31.047"/>
</kw>
<status status="PASS" starttime="20240109 11:06:25.170" endtime="20240109 11:06:31.048"/>
</test>
<test id="s1-t2" name="Open Interaction Section" line="33">
<kw name="Execute Javascript" library="SeleniumLibrary">
<arg>document.querySelectorAll('div.card.mt-4.top-card')[4].click();</arg>
<doc>Executes the given JavaScript code with possible arguments.</doc>
<msg timestamp="20240109 11:06:31.050" level="INFO">Executing JavaScript:
document.querySelectorAll('div.card.mt-4.top-card')[4].click();
Without any arguments.</msg>
<status status="PASS" starttime="20240109 11:06:31.049" endtime="20240109 11:06:31.197"/>
</kw>
<kw name="Sleep" library="BuiltIn">
<arg>3s</arg>
<doc>Pauses the test executed for the given time.</doc>
<msg timestamp="20240109 11:06:34.202" level="INFO">Slept 3 seconds</msg>
<status status="PASS" starttime="20240109 11:06:31.197" endtime="20240109 11:06:34.203"/>
</kw>
<kw name="Perform Action for Sortable">
<kw name="Execute Javascript" library="SeleniumLibrary">
<arg>document.querySelectorAll('#item-0')[4].click();</arg>
<doc>Executes the given JavaScript code with possible arguments.</doc>
<msg timestamp="20240109 11:06:34.213" level="INFO">Executing JavaScript:
document.querySelectorAll('#item-0')[4].click();
Without any arguments.</msg>
<status status="PASS" starttime="20240109 11:06:34.208" endtime="20240109 11:06:34.294"/>
</kw>
<kw name="Set Variable" library="BuiltIn">
<var>${NEW}</var>
<arg>${list1}</arg>
<doc>Returns the given values which can then be assigned to a variables.</doc>
<msg timestamp="20240109 11:06:34.296" level="INFO">${NEW} = Xpath://*[@class="vertical-list-container mt-4"]/div[1]</msg>
<status status="PASS" starttime="20240109 11:06:34.295" endtime="20240109 11:06:34.296"/>
</kw>
<kw name="Set Variable" library="BuiltIn">
<var>${list1}</var>
<arg>${list2}</arg>
<doc>Returns the given values which can then be assigned to a variables.</doc>
<msg timestamp="20240109 11:06:34.297" level="INFO">${list1} = Xpath://*[@class="vertical-list-container mt-4"]/div[2]</msg>
<status status="PASS" starttime="20240109 11:06:34.296" endtime="20240109 11:06:34.297"/>
</kw>
<kw name="Set Variable" library="BuiltIn">
<var>${list2}</var>
<arg>${NEW}</arg>
<doc>Returns the given values which can then be assigned to a variables.</doc>
<msg timestamp="20240109 11:06:34.298" level="INFO">${list2} = Xpath://*[@class="vertical-list-container mt-4"]/div[1]</msg>
<status status="PASS" starttime="20240109 11:06:34.297" endtime="20240109 11:06:34.298"/>
</kw>
<status status="PASS" starttime="20240109 11:06:34.205" endtime="20240109 11:06:34.298"/>
</kw>
<kw name="Sleep" library="BuiltIn">
<arg>3s</arg>
<doc>Pauses the test executed for the given time.</doc>
<msg timestamp="20240109 11:06:37.299" level="INFO">Slept 3 seconds</msg>
<status status="PASS" starttime="20240109 11:06:34.299" endtime="20240109 11:06:37.300"/>
</kw>
<kw name="Perform Action for Resizable">
<kw name="Execute Javascript" library="SeleniumLibrary">
<arg>document.querySelectorAll('#item-2')[3].click();</arg>
<doc>Executes the given JavaScript code with possible arguments.</doc>
<msg timestamp="20240109 11:06:37.303" level="INFO">Executing JavaScript:
document.querySelectorAll('#item-2')[3].click();
Without any arguments.</msg>
<status status="PASS" starttime="20240109 11:06:37.302" endtime="20240109 11:06:37.388"/>
</kw>
<kw name="Execute Javascript" library="SeleniumLibrary">
<arg>document.querySelectorAll('#resizableBoxWithRestriction').style.height = '368px'</arg>
<doc>Executes the given JavaScript code with possible arguments.</doc>
<msg timestamp="20240109 11:06:37.391" level="INFO">Executing JavaScript:
document.querySelectorAll('#resizableBoxWithRestriction').style.height = '368px'
Without any arguments.</msg>
<msg timestamp="20240109 11:06:37.597" level="INFO" html="true">&lt;/td&gt;&lt;/tr&gt;&lt;tr&gt;&lt;td colspan="3"&gt;&lt;a href="selenium-screenshot-6.png"&gt;&lt;img src="selenium-screenshot-6.png" width="800px"&gt;&lt;/a&gt;</msg>
<msg timestamp="20240109 11:06:37.597" level="FAIL">JavascriptException: Message: javascript error: Cannot set properties of undefined (setting 'height')
  (Session info: chrome=120.0.6099.129)
Stacktrace:
#0 0x55ffd4cc6f83 &lt;unknown&gt;
#1 0x55ffd497fcf7 &lt;unknown&gt;
#2 0x55ffd49862a3 &lt;unknown&gt;
#3 0x55ffd4988bb4 &lt;unknown&gt;
#4 0x55ffd4a18ba3 &lt;unknown&gt;
#5 0x55ffd49f90b2 &lt;unknown&gt;
#6 0x55ffd4a18006 &lt;unknown&gt;
#7 0x55ffd49f8e53 &lt;unknown&gt;
#8 0x55ffd49c0dd4 &lt;unknown&gt;
#9 0x55ffd49c21de &lt;unknown&gt;
#10 0x55ffd4c8b531 &lt;unknown&gt;
#11 0x55ffd4c8f455 &lt;unknown&gt;
#12 0x55ffd4c77f55 &lt;unknown&gt;
#13 0x55ffd4c900ef &lt;unknown&gt;
#14 0x55ffd4c5b99f &lt;unknown&gt;
#15 0x55ffd4cb4008 &lt;unknown&gt;
#16 0x55ffd4cb41d7 &lt;unknown&gt;
#17 0x55ffd4cc6124 &lt;unknown&gt;
#18 0x7ff0f8dac609 start_thread
</msg>
<status status="FAIL" starttime="20240109 11:06:37.388" endtime="20240109 11:06:37.617"/>
</kw>
<kw name="Execute Javascript" library="SeleniumLibrary">
<arg>document.querySelectorAll('#resizableBoxWithRestriction').style.width = '421px'</arg>
<doc>Executes the given JavaScript code with possible arguments.</doc>
<status status="NOT RUN" starttime="20240109 11:06:37.617" endtime="20240109 11:06:37.617"/>
</kw>
<status status="FAIL" starttime="20240109 11:06:37.301" endtime="20240109 11:06:37.617"/>
</kw>
<status status="FAIL" starttime="20240109 11:06:31.048" endtime="20240109 11:06:37.618">JavascriptException: Message: javascript error: Cannot set properties of undefined (setting 'height')
  (Session info: chrome=120.0.6099.129)
Stacktrace:
#0 0x55ffd4cc6f83 &lt;unknown&gt;
#1 0x55ffd497fcf7 &lt;unknown&gt;
#2 0x55ffd49862a3 &lt;unknown&gt;
#3 0x55ffd4988bb4 &lt;unknown&gt;
#4 0x55ffd4a18ba3 &lt;unknown&gt;
#5 0x55ffd49f90b2 &lt;unknown&gt;
#6 0x55ffd4a18006 &lt;unknown&gt;
#7 0x55ffd49f8e53 &lt;unknown&gt;
#8 0x55ffd49c0dd4 &lt;unknown&gt;
#9 0x55ffd49c21de &lt;unknown&gt;
#10 0x55ffd4c8b531 &lt;unknown&gt;
#11 0x55ffd4c8f455 &lt;unknown&gt;
#12 0x55ffd4c77f55 &lt;unknown&gt;
#13 0x55ffd4c900ef &lt;unknown&gt;
#14 0x55ffd4c5b99f &lt;unknown&gt;
#15 0x55ffd4cb4008 &lt;unknown&gt;
#16 0x55ffd4cb41d7 &lt;unknown&gt;
#17 0x55ffd4cc6124 &lt;unknown&gt;
#18 0x7ff0f8dac609 start_thread
</status>
</test>
<status status="FAIL" starttime="20240109 11:06:24.949" endtime="20240109 11:06:37.618"/>
</suite>
<statistics>
<total>
<stat pass="1" fail="1" skip="0">All Tests</stat>
</total>
<tag>
</tag>
<suite>
<stat pass="1" fail="1" skip="0" id="s1" name="Interactions">Interactions</stat>
</suite>
</statistics>
<errors>
</errors>
</robot>
