<?xml version="1.0" encoding="UTF-8"?>
<robot generator="Robot 6.1.1 (Python 3.8.10 on linux)" generated="20240117 10:47:04.121" rpa="false" schemaversion="4">
<suite id="s1" name="Elements" source="/home/ridham/PycharmProjects/webAutomation/Exercise3/Tests/Elements.robot">
<test id="s1-t1" name="Launch Browser" line="89">
<kw name="Open Browser" library="SeleniumLibrary">
<arg>https://demoqa.com/</arg>
<arg>chrome</arg>
<arg>options=add_experimental_option("detach", True)</arg>
<doc>Opens a new browser instance to the optional ``url``.</doc>
<msg timestamp="20240117 10:47:04.245" level="INFO">Opening browser 'chrome' to base url 'https://demoqa.com/'.</msg>
<status status="PASS" starttime="20240117 10:47:04.244" endtime="20240117 10:47:18.138"/>
</kw>
<kw name="Maximize Browser Window" library="SeleniumLibrary">
<doc>Maximizes current browser window.</doc>
<status status="PASS" starttime="20240117 10:47:18.139" endtime="20240117 10:47:18.245"/>
</kw>
<status status="PASS" starttime="20240117 10:47:04.243" endtime="20240117 10:47:18.246"/>
</test>
<test id="s1-t2" name="Open Elements Section" line="93">
<kw name="Execute Javascript" library="SeleniumLibrary">
<arg>document.querySelector('div.card.mt-4.top-card').click()</arg>
<doc>Executes the given JavaScript code with possible arguments.</doc>
<msg timestamp="20240117 10:47:18.254" level="INFO">Executing JavaScript:
document.querySelector('div.card.mt-4.top-card').click()
Without any arguments.</msg>
<status status="PASS" starttime="20240117 10:47:18.252" endtime="20240117 10:47:18.352"/>
</kw>
<kw name="Perform Action for Element Brokenlink">
<kw name="Execute Javascript" library="SeleniumLibrary">
<arg>document.querySelector('#item-6').click()</arg>
<doc>Executes the given JavaScript code with possible arguments.</doc>
<msg timestamp="20240117 10:47:18.355" level="INFO">Executing JavaScript:
document.querySelector('#item-6').click()
Without any arguments.</msg>
<status status="PASS" starttime="20240117 10:47:18.354" endtime="20240117 10:47:18.378"/>
</kw>
<kw name="Click Link" library="SeleniumLibrary">
<arg>${VALIDLINK}</arg>
<doc>Clicks a link identified by ``locator``.</doc>
<msg timestamp="20240117 10:47:18.379" level="INFO">Clicking link '//*[@id="app"]/div/div/div[2]/div[2]/div[2]/a[2]'.</msg>
<msg timestamp="20240117 10:47:19.610" level="INFO" html="true">&lt;/td&gt;&lt;/tr&gt;&lt;tr&gt;&lt;td colspan="3"&gt;&lt;a href="selenium-screenshot-5.png"&gt;&lt;img src="selenium-screenshot-5.png" width="800px"&gt;&lt;/a&gt;</msg>
<msg timestamp="20240117 10:47:19.610" level="FAIL">ElementClickInterceptedException: Message: element click intercepted: Element is not clickable at point (436, 609)
  (Session info: chrome=120.0.6099.129)
Stacktrace:
#0 0x557ba97e8f83 &lt;unknown&gt;
#1 0x557ba94a1cf7 &lt;unknown&gt;
#2 0x557ba94f9d92 &lt;unknown&gt;
#3 0x557ba94f77f4 &lt;unknown&gt;
#4 0x557ba94f4894 &lt;unknown&gt;
#5 0x557ba94f34b9 &lt;unknown&gt;
#6 0x557ba94e5313 &lt;unknown&gt;
#7 0x557ba951b0b2 &lt;unknown&gt;
#8 0x557ba94e4b49 &lt;unknown&gt;
#9 0x557ba951b4ce &lt;unknown&gt;
#10 0x557ba953a006 &lt;unknown&gt;
#11 0x557ba951ae53 &lt;unknown&gt;
#12 0x557ba94e2dd4 &lt;unknown&gt;
#13 0x557ba94e41de &lt;unknown&gt;
#14 0x557ba97ad531 &lt;unknown&gt;
#15 0x557ba97b1455 &lt;unknown&gt;
#16 0x557ba9799f55 &lt;unknown&gt;
#17 0x557ba97b20ef &lt;unknown&gt;
#18 0x557ba977d99f &lt;unknown&gt;
#19 0x557ba97d6008 &lt;unknown&gt;
#20 0x557ba97d61d7 &lt;unknown&gt;
#21 0x557ba97e8124 &lt;unknown&gt;
#22 0x7f0085e69609 start_thread
</msg>
<status status="FAIL" starttime="20240117 10:47:18.378" endtime="20240117 10:47:19.611"/>
</kw>
<status status="FAIL" starttime="20240117 10:47:18.353" endtime="20240117 10:47:19.611"/>
</kw>
<kw name="Sleep" library="BuiltIn">
<arg>5s</arg>
<doc>Pauses the test executed for the given time.</doc>
<status status="NOT RUN" starttime="20240117 10:47:19.611" endtime="20240117 10:47:19.611"/>
</kw>
<status status="FAIL" starttime="20240117 10:47:18.249" endtime="20240117 10:47:19.611">ElementClickInterceptedException: Message: element click intercepted: Element is not clickable at point (436, 609)
  (Session info: chrome=120.0.6099.129)
Stacktrace:
#0 0x557ba97e8f83 &lt;unknown&gt;
#1 0x557ba94a1cf7 &lt;unknown&gt;
#2 0x557ba94f9d92 &lt;unknown&gt;
#3 0x557ba94f77f4 &lt;unknown&gt;
#4 0x557ba94f4894 &lt;unknown&gt;
#5 0x557ba94f34b9 &lt;unknown&gt;
#6 0x557ba94e5313 &lt;unknown&gt;
#7 0x557ba951b0b2 &lt;unknown&gt;
#8 0x557ba94e4b49 &lt;unknown&gt;
#9 0x557ba951b4ce &lt;unknown&gt;
#10 0x557ba953a006 &lt;unknown&gt;
#11 0x557ba951ae53 &lt;unknown&gt;
#12 0x557ba94e2dd4 &lt;unknown&gt;
#13 0x557ba94e41de &lt;unknown&gt;
#14 0x557ba97ad531 &lt;unknown&gt;
#15 0x557ba97b1455 &lt;unknown&gt;
#16 0x557ba9799f55 &lt;unknown&gt;
#17 0x557ba97b20ef &lt;unknown&gt;
#18 0x557ba977d99f &lt;unknown&gt;
#19 0x557ba97d6008 &lt;unknown&gt;
#20 0x557ba97d61d7 &lt;unknown&gt;
#21 0x557ba97e8124 &lt;unknown&gt;
#22 0x7f0085e69609 start_thread
</status>
</test>
<status status="FAIL" starttime="20240117 10:47:04.122" endtime="20240117 10:47:19.612"/>
</suite>
<statistics>
<total>
<stat pass="1" fail="1" skip="0">All Tests</stat>
</total>
<tag>
</tag>
<suite>
<stat pass="1" fail="1" skip="0" id="s1" name="Elements">Elements</stat>
</suite>
</statistics>
<errors>
</errors>
</robot>
