<?xml version="1.0" encoding="UTF-8"?>
<robot generator="Robot 6.1.1 (Python 3.8.10 on linux)" generated="20240117 12:05:39.922" rpa="false" schemaversion="4">
<suite id="s1" name="Abc" source="/home/ridham/PycharmProjects/webAutomation/Exercise3/Tests/abc.robot">
<test id="s1-t1" name="Launch Browser" line="10">
<kw name="Open Browser" library="SeleniumLibrary">
<arg>https://demoqa.com/</arg>
<arg>chrome</arg>
<arg>options=add_experimental_option("detach", True)</arg>
<doc>Opens a new browser instance to the optional ``url``.</doc>
<msg timestamp="20240117 12:05:40.073" level="INFO">Opening browser 'chrome' to base url 'https://demoqa.com/'.</msg>
<status status="PASS" starttime="20240117 12:05:40.072" endtime="20240117 12:06:46.942"/>
</kw>
<kw name="Maximize Browser Window" library="SeleniumLibrary">
<doc>Maximizes current browser window.</doc>
<status status="PASS" starttime="20240117 12:06:46.944" endtime="20240117 12:06:47.057"/>
</kw>
<status status="PASS" starttime="20240117 12:05:40.071" endtime="20240117 12:06:47.057"/>
</test>
<test id="s1-t2" name="Perform Action for Element Brokenlink" line="14">
<kw name="Execute Javascript" library="SeleniumLibrary">
<arg>document.querySelector('#item-6').click()</arg>
<doc>Executes the given JavaScript code with possible arguments.</doc>
<msg timestamp="20240117 12:06:47.060" level="INFO">Executing JavaScript:
document.querySelector('#item-6').click()
Without any arguments.</msg>
<msg timestamp="20240117 12:06:47.208" level="INFO" html="true">&lt;/td&gt;&lt;/tr&gt;&lt;tr&gt;&lt;td colspan="3"&gt;&lt;a href="selenium-screenshot-20.png"&gt;&lt;img src="selenium-screenshot-20.png" width="800px"&gt;&lt;/a&gt;</msg>
<msg timestamp="20240117 12:06:47.208" level="FAIL">JavascriptException: Message: javascript error: Cannot read properties of null (reading 'click')
  (Session info: chrome=120.0.6099.129)
Stacktrace:
#0 0x563aa2d55f83 &lt;unknown&gt;
#1 0x563aa2a0ecf7 &lt;unknown&gt;
#2 0x563aa2a152a3 &lt;unknown&gt;
#3 0x563aa2a17bb4 &lt;unknown&gt;
#4 0x563aa2aa7ba3 &lt;unknown&gt;
#5 0x563aa2a880b2 &lt;unknown&gt;
#6 0x563aa2aa7006 &lt;unknown&gt;
#7 0x563aa2a87e53 &lt;unknown&gt;
#8 0x563aa2a4fdd4 &lt;unknown&gt;
#9 0x563aa2a511de &lt;unknown&gt;
#10 0x563aa2d1a531 &lt;unknown&gt;
#11 0x563aa2d1e455 &lt;unknown&gt;
#12 0x563aa2d06f55 &lt;unknown&gt;
#13 0x563aa2d1f0ef &lt;unknown&gt;
#14 0x563aa2cea99f &lt;unknown&gt;
#15 0x563aa2d43008 &lt;unknown&gt;
#16 0x563aa2d431d7 &lt;unknown&gt;
#17 0x563aa2d55124 &lt;unknown&gt;
#18 0x7f44d29f5609 start_thread
</msg>
<status status="FAIL" starttime="20240117 12:06:47.059" endtime="20240117 12:06:47.209"/>
</kw>
<kw name="Wait Until Element Is Visible" library="SeleniumLibrary">
<arg>${VALIDLINK}</arg>
<arg>${TIMEOUT}</arg>
<doc>Waits until the element ``locator`` is visible.</doc>
<status status="NOT RUN" starttime="20240117 12:06:47.209" endtime="20240117 12:06:47.209"/>
</kw>
<kw name="Click Link" library="SeleniumLibrary">
<arg>${VALIDLINK}</arg>
<doc>Clicks a link identified by ``locator``.</doc>
<status status="NOT RUN" starttime="20240117 12:06:47.209" endtime="20240117 12:06:47.210"/>
</kw>
<status status="FAIL" starttime="20240117 12:06:47.058" endtime="20240117 12:06:47.210">JavascriptException: Message: javascript error: Cannot read properties of null (reading 'click')
  (Session info: chrome=120.0.6099.129)
Stacktrace:
#0 0x563aa2d55f83 &lt;unknown&gt;
#1 0x563aa2a0ecf7 &lt;unknown&gt;
#2 0x563aa2a152a3 &lt;unknown&gt;
#3 0x563aa2a17bb4 &lt;unknown&gt;
#4 0x563aa2aa7ba3 &lt;unknown&gt;
#5 0x563aa2a880b2 &lt;unknown&gt;
#6 0x563aa2aa7006 &lt;unknown&gt;
#7 0x563aa2a87e53 &lt;unknown&gt;
#8 0x563aa2a4fdd4 &lt;unknown&gt;
#9 0x563aa2a511de &lt;unknown&gt;
#10 0x563aa2d1a531 &lt;unknown&gt;
#11 0x563aa2d1e455 &lt;unknown&gt;
#12 0x563aa2d06f55 &lt;unknown&gt;
#13 0x563aa2d1f0ef &lt;unknown&gt;
#14 0x563aa2cea99f &lt;unknown&gt;
#15 0x563aa2d43008 &lt;unknown&gt;
#16 0x563aa2d431d7 &lt;unknown&gt;
#17 0x563aa2d55124 &lt;unknown&gt;
#18 0x7f44d29f5609 start_thread
</status>
</test>
<status status="FAIL" starttime="20240117 12:05:39.922" endtime="20240117 12:06:47.210"/>
</suite>
<statistics>
<total>
<stat pass="1" fail="1" skip="0">All Tests</stat>
</total>
<tag>
</tag>
<suite>
<stat pass="1" fail="1" skip="0" id="s1" name="Abc">Abc</stat>
</suite>
</statistics>
<errors>
</errors>
</robot>
