<?xml version="1.0" encoding="UTF-8"?>
<robot generator="Robot 6.1.1 (Python 3.8.10 on linux)" generated="20240117 11:15:42.597" rpa="false" schemaversion="4">
<suite id="s1" name="Abc" source="/home/ridham/PycharmProjects/webAutomation/Exercise3/Tests/abc.robot">
<test id="s1-t1" name="Launch Browser" line="10">
<kw name="Open Browser" library="SeleniumLibrary">
<arg>https://demoqa.com/</arg>
<arg>chrome</arg>
<arg>options=add_experimental_option("detach", True)</arg>
<doc>Opens a new browser instance to the optional ``url``.</doc>
<msg timestamp="20240117 11:15:42.748" level="INFO">Opening browser 'chrome' to base url 'https://demoqa.com/'.</msg>
<status status="PASS" starttime="20240117 11:15:42.747" endtime="20240117 11:16:00.712"/>
</kw>
<kw name="Maximize Browser Window" library="SeleniumLibrary">
<doc>Maximizes current browser window.</doc>
<status status="PASS" starttime="20240117 11:16:00.713" endtime="20240117 11:16:00.818"/>
</kw>
<status status="PASS" starttime="20240117 11:15:42.746" endtime="20240117 11:16:00.818"/>
</test>
<test id="s1-t2" name="Perform Action for Element Brokenlink" line="14">
<kw name="Execute Javascript" library="SeleniumLibrary">
<arg>document.querySelector('#item-6').click()</arg>
<doc>Executes the given JavaScript code with possible arguments.</doc>
<msg timestamp="20240117 11:16:00.820" level="INFO">Executing JavaScript:
document.querySelector('#item-6').click()
Without any arguments.</msg>
<msg timestamp="20240117 11:16:00.955" level="INFO" html="true">&lt;/td&gt;&lt;/tr&gt;&lt;tr&gt;&lt;td colspan="3"&gt;&lt;a href="selenium-screenshot-12.png"&gt;&lt;img src="selenium-screenshot-12.png" width="800px"&gt;&lt;/a&gt;</msg>
<msg timestamp="20240117 11:16:00.955" level="FAIL">JavascriptException: Message: javascript error: Cannot read properties of null (reading 'click')
  (Session info: chrome=120.0.6099.129)
Stacktrace:
#0 0x55b4498b4f83 &lt;unknown&gt;
#1 0x55b44956dcf7 &lt;unknown&gt;
#2 0x55b4495742a3 &lt;unknown&gt;
#3 0x55b449576bb4 &lt;unknown&gt;
#4 0x55b449606ba3 &lt;unknown&gt;
#5 0x55b4495e70b2 &lt;unknown&gt;
#6 0x55b449606006 &lt;unknown&gt;
#7 0x55b4495e6e53 &lt;unknown&gt;
#8 0x55b4495aedd4 &lt;unknown&gt;
#9 0x55b4495b01de &lt;unknown&gt;
#10 0x55b449879531 &lt;unknown&gt;
#11 0x55b44987d455 &lt;unknown&gt;
#12 0x55b449865f55 &lt;unknown&gt;
#13 0x55b44987e0ef &lt;unknown&gt;
#14 0x55b44984999f &lt;unknown&gt;
#15 0x55b4498a2008 &lt;unknown&gt;
#16 0x55b4498a21d7 &lt;unknown&gt;
#17 0x55b4498b4124 &lt;unknown&gt;
#18 0x7ff2838d4609 start_thread
</msg>
<status status="FAIL" starttime="20240117 11:16:00.819" endtime="20240117 11:16:00.964"/>
</kw>
<kw name="Wait Until Element Is Enabled" library="SeleniumLibrary">
<arg>${VALIDLINK}</arg>
<doc>Waits until the element ``locator`` is enabled.</doc>
<status status="NOT RUN" starttime="20240117 11:16:00.964" endtime="20240117 11:16:00.964"/>
</kw>
<kw name="Click Link" library="SeleniumLibrary">
<arg>${VALIDLINK}</arg>
<doc>Clicks a link identified by ``locator``.</doc>
<status status="NOT RUN" starttime="20240117 11:16:00.964" endtime="20240117 11:16:00.964"/>
</kw>
<status status="FAIL" starttime="20240117 11:16:00.818" endtime="20240117 11:16:00.964">JavascriptException: Message: javascript error: Cannot read properties of null (reading 'click')
  (Session info: chrome=120.0.6099.129)
Stacktrace:
#0 0x55b4498b4f83 &lt;unknown&gt;
#1 0x55b44956dcf7 &lt;unknown&gt;
#2 0x55b4495742a3 &lt;unknown&gt;
#3 0x55b449576bb4 &lt;unknown&gt;
#4 0x55b449606ba3 &lt;unknown&gt;
#5 0x55b4495e70b2 &lt;unknown&gt;
#6 0x55b449606006 &lt;unknown&gt;
#7 0x55b4495e6e53 &lt;unknown&gt;
#8 0x55b4495aedd4 &lt;unknown&gt;
#9 0x55b4495b01de &lt;unknown&gt;
#10 0x55b449879531 &lt;unknown&gt;
#11 0x55b44987d455 &lt;unknown&gt;
#12 0x55b449865f55 &lt;unknown&gt;
#13 0x55b44987e0ef &lt;unknown&gt;
#14 0x55b44984999f &lt;unknown&gt;
#15 0x55b4498a2008 &lt;unknown&gt;
#16 0x55b4498a21d7 &lt;unknown&gt;
#17 0x55b4498b4124 &lt;unknown&gt;
#18 0x7ff2838d4609 start_thread
</status>
</test>
<status status="FAIL" starttime="20240117 11:15:42.597" endtime="20240117 11:16:00.965"/>
</suite>
<statistics>
<total>
<stat pass="1" fail="1" skip="0">All Tests</stat>
</total>
<tag>
</tag>
<suite>
<stat pass="1" fail="1" skip="0" id="s1" name="Abc">Abc</stat>
</suite>
</statistics>
<errors>
</errors>
</robot>
