<?xml version="1.0" encoding="UTF-8"?>
<robot generator="Robot 6.1.1 (Python 3.8.10 on linux)" generated="20240117 10:43:11.080" rpa="false" schemaversion="4">
<suite id="s1" name="Elements" source="/home/ridham/PycharmProjects/webAutomation/Exercise3/Tests/Elements.robot">
<test id="s1-t1" name="Launch Browser" line="89">
<kw name="Open Browser" library="SeleniumLibrary">
<arg>https://demoqa.com/</arg>
<arg>chrome</arg>
<arg>options=add_experimental_option("detach", True)</arg>
<doc>Opens a new browser instance to the optional ``url``.</doc>
<msg timestamp="20240117 10:43:11.209" level="INFO">Opening browser 'chrome' to base url 'https://demoqa.com/'.</msg>
<status status="PASS" starttime="20240117 10:43:11.208" endtime="20240117 10:43:30.425"/>
</kw>
<kw name="Maximize Browser Window" library="SeleniumLibrary">
<doc>Maximizes current browser window.</doc>
<status status="PASS" starttime="20240117 10:43:30.426" endtime="20240117 10:43:30.531"/>
</kw>
<status status="PASS" starttime="20240117 10:43:11.207" endtime="20240117 10:43:30.532"/>
</test>
<test id="s1-t2" name="Open Elements Section" line="93">
<kw name="Execute Javascript" library="SeleniumLibrary">
<arg>document.querySelector('div.card.mt-4.top-card').click()</arg>
<doc>Executes the given JavaScript code with possible arguments.</doc>
<msg timestamp="20240117 10:43:30.534" level="INFO">Executing JavaScript:
document.querySelector('div.card.mt-4.top-card').click()
Without any arguments.</msg>
<status status="PASS" starttime="20240117 10:43:30.533" endtime="20240117 10:43:30.609"/>
</kw>
<kw name="Perform Action for Element Brokenlink">
<kw name="Execute Javascript" library="SeleniumLibrary">
<arg>document.querySelector('#item-6').click()</arg>
<doc>Executes the given JavaScript code with possible arguments.</doc>
<msg timestamp="20240117 10:43:30.610" level="INFO">Executing JavaScript:
document.querySelector('#item-6').click()
Without any arguments.</msg>
<status status="PASS" starttime="20240117 10:43:30.609" endtime="20240117 10:43:30.634"/>
</kw>
<kw name="Click Element" library="SeleniumLibrary">
<arg>${VALIDLINK}</arg>
<doc>Click the element identified by ``locator``.</doc>
<msg timestamp="20240117 10:43:30.637" level="INFO">Clicking element '//*[@id="app"]/div/div/div[2]/div[2]/div[2]/a[2]'.</msg>
<msg timestamp="20240117 10:43:31.919" level="INFO" html="true">&lt;/td&gt;&lt;/tr&gt;&lt;tr&gt;&lt;td colspan="3"&gt;&lt;a href="selenium-screenshot-4.png"&gt;&lt;img src="selenium-screenshot-4.png" width="800px"&gt;&lt;/a&gt;</msg>
<msg timestamp="20240117 10:43:31.919" level="FAIL">ElementClickInterceptedException: Message: element click intercepted: Element is not clickable at point (436, 609)
  (Session info: chrome=120.0.6099.129)
Stacktrace:
#0 0x55efec7b9f83 &lt;unknown&gt;
#1 0x55efec472cf7 &lt;unknown&gt;
#2 0x55efec4cad92 &lt;unknown&gt;
#3 0x55efec4c87f4 &lt;unknown&gt;
#4 0x55efec4c5894 &lt;unknown&gt;
#5 0x55efec4c44b9 &lt;unknown&gt;
#6 0x55efec4b6313 &lt;unknown&gt;
#7 0x55efec4ec0b2 &lt;unknown&gt;
#8 0x55efec4b5b49 &lt;unknown&gt;
#9 0x55efec4ec4ce &lt;unknown&gt;
#10 0x55efec50b006 &lt;unknown&gt;
#11 0x55efec4ebe53 &lt;unknown&gt;
#12 0x55efec4b3dd4 &lt;unknown&gt;
#13 0x55efec4b51de &lt;unknown&gt;
#14 0x55efec77e531 &lt;unknown&gt;
#15 0x55efec782455 &lt;unknown&gt;
#16 0x55efec76af55 &lt;unknown&gt;
#17 0x55efec7830ef &lt;unknown&gt;
#18 0x55efec74e99f &lt;unknown&gt;
#19 0x55efec7a7008 &lt;unknown&gt;
#20 0x55efec7a71d7 &lt;unknown&gt;
#21 0x55efec7b9124 &lt;unknown&gt;
#22 0x7f859adfa609 start_thread
</msg>
<status status="FAIL" starttime="20240117 10:43:30.635" endtime="20240117 10:43:31.921"/>
</kw>
<status status="FAIL" starttime="20240117 10:43:30.609" endtime="20240117 10:43:31.921"/>
</kw>
<kw name="Sleep" library="BuiltIn">
<arg>5s</arg>
<doc>Pauses the test executed for the given time.</doc>
<status status="NOT RUN" starttime="20240117 10:43:31.921" endtime="20240117 10:43:31.921"/>
</kw>
<status status="FAIL" starttime="20240117 10:43:30.532" endtime="20240117 10:43:31.922">ElementClickInterceptedException: Message: element click intercepted: Element is not clickable at point (436, 609)
  (Session info: chrome=120.0.6099.129)
Stacktrace:
#0 0x55efec7b9f83 &lt;unknown&gt;
#1 0x55efec472cf7 &lt;unknown&gt;
#2 0x55efec4cad92 &lt;unknown&gt;
#3 0x55efec4c87f4 &lt;unknown&gt;
#4 0x55efec4c5894 &lt;unknown&gt;
#5 0x55efec4c44b9 &lt;unknown&gt;
#6 0x55efec4b6313 &lt;unknown&gt;
#7 0x55efec4ec0b2 &lt;unknown&gt;
#8 0x55efec4b5b49 &lt;unknown&gt;
#9 0x55efec4ec4ce &lt;unknown&gt;
#10 0x55efec50b006 &lt;unknown&gt;
#11 0x55efec4ebe53 &lt;unknown&gt;
#12 0x55efec4b3dd4 &lt;unknown&gt;
#13 0x55efec4b51de &lt;unknown&gt;
#14 0x55efec77e531 &lt;unknown&gt;
#15 0x55efec782455 &lt;unknown&gt;
#16 0x55efec76af55 &lt;unknown&gt;
#17 0x55efec7830ef &lt;unknown&gt;
#18 0x55efec74e99f &lt;unknown&gt;
#19 0x55efec7a7008 &lt;unknown&gt;
#20 0x55efec7a71d7 &lt;unknown&gt;
#21 0x55efec7b9124 &lt;unknown&gt;
#22 0x7f859adfa609 start_thread
</status>
</test>
<status status="FAIL" starttime="20240117 10:43:11.081" endtime="20240117 10:43:31.922"/>
</suite>
<statistics>
<total>
<stat pass="1" fail="1" skip="0">All Tests</stat>
</total>
<tag>
</tag>
<suite>
<stat pass="1" fail="1" skip="0" id="s1" name="Elements">Elements</stat>
</suite>
</statistics>
<errors>
</errors>
</robot>
