<?xml version="1.0" encoding="UTF-8"?>
<robot generator="Robot 6.1.1 (Python 3.8.10 on linux)" generated="20231227 18:39:01.016" rpa="false" schemaversion="4">
<suite id="s1" name="Details" source="/home/ridham/PycharmProjects/webAutomation/Exercise2/Tests/Details.robot">
<test id="s1-t1" name="Valid Login" line="27">
<kw name="Launch Browser">
<kw name="Open Browser" library="SeleniumLibrary">
<arg>https://www.volansys.com/</arg>
<arg>chrome</arg>
<arg>options=add_experimental_option("detach", True)</arg>
<doc>Opens a new browser instance to the optional ``url``.</doc>
<msg timestamp="20231227 18:39:01.159" level="INFO">Opening browser 'chrome' to base url 'https://www.volansys.com/'.</msg>
<status status="PASS" starttime="20231227 18:39:01.157" endtime="20231227 18:39:15.614"/>
</kw>
<status status="PASS" starttime="20231227 18:39:01.157" endtime="20231227 18:39:15.615"/>
</kw>
<kw name="Click Element" library="SeleniumLibrary">
<arg>${MAINMENU}</arg>
<doc>Click the element identified by ``locator``.</doc>
<msg timestamp="20231227 18:39:15.622" level="INFO">Clicking element 'class=hamburger'.</msg>
<status status="PASS" starttime="20231227 18:39:15.617" endtime="20231227 18:39:15.755"/>
</kw>
<kw name="Wait Until Element Is Enabled" library="SeleniumLibrary">
<arg>${OFFERING}</arg>
<arg>${TIMEOUT}</arg>
<doc>Waits until the element ``locator`` is enabled.</doc>
<status status="PASS" starttime="20231227 18:39:15.756" endtime="20231227 18:39:15.819"/>
</kw>
<kw name="Click Element" library="SeleniumLibrary">
<arg>${OFFERING}</arg>
<doc>Click the element identified by ``locator``.</doc>
<msg timestamp="20231227 18:39:15.821" level="INFO">Clicking element 'id=mega-menu-item-14301'.</msg>
<status status="PASS" starttime="20231227 18:39:15.820" endtime="20231227 18:39:15.924"/>
</kw>
<kw name="Click Link" library="SeleniumLibrary">
<arg>${QA}</arg>
<doc>Clicks a link identified by ``locator``.</doc>
<msg timestamp="20231227 18:39:15.925" level="INFO">Clicking link 'Xpath://*[@id="mega-menu-item-14162"]/a'.</msg>
<status status="PASS" starttime="20231227 18:39:15.924" endtime="20231227 18:39:16.035"/>
</kw>
<kw name="Get Window Handles" library="SeleniumLibrary">
<var>${handles}</var>
<doc>Returns all child window handles of the selected browser as a list.</doc>
<msg timestamp="20231227 18:39:16.066" level="INFO">${handles} = ['7507FEFCF3C0A74A4A2BDA284795FDE0', '164DD04620D27B7DBD745A189C82F7FC']</msg>
<status status="PASS" starttime="20231227 18:39:16.036" endtime="20231227 18:39:16.066"/>
</kw>
<kw name="Switch Window" library="SeleniumLibrary">
<arg>${handles}[1]</arg>
<doc>Switches to browser window matching ``locator``.</doc>
<status status="PASS" starttime="20231227 18:39:16.067" endtime="20231227 18:39:16.201"/>
</kw>
<kw name="Wait Until Element Is Visible" library="SeleniumLibrary">
<arg>${QA_DATA1}</arg>
<arg>${TIMEOUT}</arg>
<doc>Waits until the element ``locator`` is visible.</doc>
<status status="PASS" starttime="20231227 18:39:16.202" endtime="20231227 18:39:18.662"/>
</kw>
<kw name="Get Text" library="SeleniumLibrary">
<var>${DATA of Automation tools/frameworks}</var>
<arg>${QA_DATA1}</arg>
<doc>Returns the text value of the element identified by ``locator``.</doc>
<msg timestamp="20231227 18:39:18.699" level="INFO">${DATA of Automation tools/frameworks} = Automation tools/frameworks
Selenium, Appium, Robot Framework, PyTest, Jenkins, TestNG</msg>
<status status="PASS" starttime="20231227 18:39:18.663" endtime="20231227 18:39:18.700"/>
</kw>
<kw name="Log" library="BuiltIn">
<arg>${DATA of Automation tools/frameworks}</arg>
<doc>Logs the given message with the given level.</doc>
<msg timestamp="20231227 18:39:18.701" level="INFO">Automation tools/frameworks
Selenium, Appium, Robot Framework, PyTest, Jenkins, TestNG</msg>
<status status="PASS" starttime="20231227 18:39:18.700" endtime="20231227 18:39:18.701"/>
</kw>
<kw name="Set Variable" library="BuiltIn">
<var>${DATA_LIST}</var>
<arg>${DATA of Automation tools/frameworks}.split(${SPACE})</arg>
<doc>Returns the given values which can then be assigned to a variables.</doc>
<msg timestamp="20231227 18:39:18.702" level="INFO">${DATA_LIST} = Automation tools/frameworks
Selenium, Appium, Robot Framework, PyTest, Jenkins, TestNG.split( )</msg>
<status status="PASS" starttime="20231227 18:39:18.701" endtime="20231227 18:39:18.702"/>
</kw>
<kw name="Log" library="BuiltIn">
<arg>${DATA_LIST}</arg>
<doc>Logs the given message with the given level.</doc>
<msg timestamp="20231227 18:39:18.703" level="INFO">Automation tools/frameworks
Selenium, Appium, Robot Framework, PyTest, Jenkins, TestNG.split( )</msg>
<status status="PASS" starttime="20231227 18:39:18.702" endtime="20231227 18:39:18.703"/>
</kw>
<kw name="Create CSV">
<arg>${CSV File}</arg>
<kw name="Create List" library="BuiltIn">
<var>${header}</var>
<arg>column1</arg>
<arg>column2</arg>
<arg>column3</arg>
<doc>Returns a list containing given items.</doc>
<msg timestamp="20231227 18:39:18.705" level="INFO">${header} = ['column1', 'column2', 'column3']</msg>
<status status="PASS" starttime="20231227 18:39:18.704" endtime="20231227 18:39:18.705"/>
</kw>
<kw name="Create CSV">
<arg>${file_path}</arg>
<arg>${header}</arg>
<msg timestamp="20231227 18:39:18.706" level="FAIL">Keyword 'Create CSV' expected 1 argument, got 2.</msg>
<status status="FAIL" starttime="20231227 18:39:18.705" endtime="20231227 18:39:18.706"/>
</kw>
<status status="FAIL" starttime="20231227 18:39:18.703" endtime="20231227 18:39:18.706"/>
</kw>
<kw name="Append To CSV">
<arg>${CSV File}</arg>
<arg>${DATA_LIST}</arg>
<arg>fieldnames=div</arg>
<status status="NOT RUN" starttime="20231227 18:39:18.708" endtime="20231227 18:39:18.708"/>
</kw>
<status status="FAIL" starttime="20231227 18:39:01.156" endtime="20231227 18:39:18.708">Keyword 'Create CSV' expected 1 argument, got 2.</status>
</test>
<status status="FAIL" starttime="20231227 18:39:01.017" endtime="20231227 18:39:18.710"/>
</suite>
<statistics>
<total>
<stat pass="0" fail="1" skip="0">All Tests</stat>
</total>
<tag>
</tag>
<suite>
<stat pass="0" fail="1" skip="0" id="s1" name="Details">Details</stat>
</suite>
</statistics>
<errors>
<msg timestamp="20231227 18:39:01.154" level="ERROR">Error in file '/home/ridham/PycharmProjects/webAutomation/Exercise2/Tests/Details.robot' on line 3: Importing library 'CSVLibrary' failed: ModuleNotFoundError: No module named 'CSVLibrary'
Traceback (most recent call last):
  None
PYTHONPATH:
  /home/ridham/.local/bin
  /usr/lib/python38.zip
  /usr/lib/python3.8
  /usr/lib/python3.8/lib-dynload
  /home/ridham/.local/lib/python3.8/site-packages
  /usr/local/lib/python3.8/dist-packages
  /usr/lib/python3/dist-packages</msg>
</errors>
</robot>
