<?xml version="1.0" encoding="UTF-8"?>
<robot generator="Robot 6.1.1 (Python 3.8.10 on linux)" generated="20231227 18:37:48.829" rpa="false" schemaversion="4">
<suite id="s1" name="Details" source="/home/ridham/PycharmProjects/webAutomation/Exercise2/Tests/Details.robot">
<test id="s1-t1" name="Valid Login" line="27">
<kw name="Launch Browser">
<kw name="Open Browser" library="SeleniumLibrary">
<arg>https://www.volansys.com/</arg>
<arg>chrome</arg>
<arg>options=add_experimental_option("detach", True)</arg>
<doc>Opens a new browser instance to the optional ``url``.</doc>
<msg timestamp="20231227 18:37:48.954" level="INFO">Opening browser 'chrome' to base url 'https://www.volansys.com/'.</msg>
<status status="PASS" starttime="20231227 18:37:48.952" endtime="20231227 18:37:55.860"/>
</kw>
<status status="PASS" starttime="20231227 18:37:48.952" endtime="20231227 18:37:55.860"/>
</kw>
<kw name="Click Element" library="SeleniumLibrary">
<arg>${MAINMENU}</arg>
<doc>Click the element identified by ``locator``.</doc>
<msg timestamp="20231227 18:37:55.862" level="INFO">Clicking element 'class=hamburger'.</msg>
<status status="PASS" starttime="20231227 18:37:55.861" endtime="20231227 18:37:55.976"/>
</kw>
<kw name="Wait Until Element Is Enabled" library="SeleniumLibrary">
<arg>${OFFERING}</arg>
<arg>${TIMEOUT}</arg>
<doc>Waits until the element ``locator`` is enabled.</doc>
<status status="PASS" starttime="20231227 18:37:55.977" endtime="20231227 18:37:56.055"/>
</kw>
<kw name="Click Element" library="SeleniumLibrary">
<arg>${OFFERING}</arg>
<doc>Click the element identified by ``locator``.</doc>
<msg timestamp="20231227 18:37:56.056" level="INFO">Clicking element 'id=mega-menu-item-14301'.</msg>
<status status="PASS" starttime="20231227 18:37:56.055" endtime="20231227 18:37:56.165"/>
</kw>
<kw name="Click Link" library="SeleniumLibrary">
<arg>${QA}</arg>
<doc>Clicks a link identified by ``locator``.</doc>
<msg timestamp="20231227 18:37:56.166" level="INFO">Clicking link 'Xpath://*[@id="mega-menu-item-14162"]/a'.</msg>
<status status="PASS" starttime="20231227 18:37:56.166" endtime="20231227 18:37:56.275"/>
</kw>
<kw name="Get Window Handles" library="SeleniumLibrary">
<var>${handles}</var>
<doc>Returns all child window handles of the selected browser as a list.</doc>
<msg timestamp="20231227 18:37:56.305" level="INFO">${handles} = ['EB0A6D676F952A0E7FB980AB6E2C3388', '218D2F5350D59396C868B8BE9EED723D']</msg>
<status status="PASS" starttime="20231227 18:37:56.275" endtime="20231227 18:37:56.305"/>
</kw>
<kw name="Switch Window" library="SeleniumLibrary">
<arg>${handles}[1]</arg>
<doc>Switches to browser window matching ``locator``.</doc>
<status status="PASS" starttime="20231227 18:37:56.306" endtime="20231227 18:37:56.425"/>
</kw>
<kw name="Wait Until Element Is Visible" library="SeleniumLibrary">
<arg>${QA_DATA1}</arg>
<arg>${TIMEOUT}</arg>
<doc>Waits until the element ``locator`` is visible.</doc>
<status status="PASS" starttime="20231227 18:37:56.426" endtime="20231227 18:37:58.281"/>
</kw>
<kw name="Get Text" library="SeleniumLibrary">
<var>${DATA of Automation tools/frameworks}</var>
<arg>${QA_DATA1}</arg>
<doc>Returns the text value of the element identified by ``locator``.</doc>
<msg timestamp="20231227 18:37:58.319" level="INFO">${DATA of Automation tools/frameworks} = Automation tools/frameworks
Selenium, Appium, Robot Framework, PyTest, Jenkins, TestNG</msg>
<status status="PASS" starttime="20231227 18:37:58.281" endtime="20231227 18:37:58.319"/>
</kw>
<kw name="Log" library="BuiltIn">
<arg>${DATA of Automation tools/frameworks}</arg>
<doc>Logs the given message with the given level.</doc>
<msg timestamp="20231227 18:37:58.320" level="INFO">Automation tools/frameworks
Selenium, Appium, Robot Framework, PyTest, Jenkins, TestNG</msg>
<status status="PASS" starttime="20231227 18:37:58.319" endtime="20231227 18:37:58.320"/>
</kw>
<kw name="Set Variable" library="BuiltIn">
<var>${DATA_LIST}</var>
<arg>${DATA of Automation tools/frameworks}.split(${SPACE})</arg>
<doc>Returns the given values which can then be assigned to a variables.</doc>
<msg timestamp="20231227 18:37:58.322" level="INFO">${DATA_LIST} = Automation tools/frameworks
Selenium, Appium, Robot Framework, PyTest, Jenkins, TestNG.split( )</msg>
<status status="PASS" starttime="20231227 18:37:58.321" endtime="20231227 18:37:58.322"/>
</kw>
<kw name="Log" library="BuiltIn">
<arg>${DATA_LIST}</arg>
<doc>Logs the given message with the given level.</doc>
<msg timestamp="20231227 18:37:58.322" level="INFO">Automation tools/frameworks
Selenium, Appium, Robot Framework, PyTest, Jenkins, TestNG.split( )</msg>
<status status="PASS" starttime="20231227 18:37:58.322" endtime="20231227 18:37:58.323"/>
</kw>
<kw name="Create CSV">
<arg>${CSV File}</arg>
<kw name="Create List" library="BuiltIn">
<var>${header}</var>
<arg>column1</arg>
<arg>column2</arg>
<arg>column3</arg>
<doc>Returns a list containing given items.</doc>
<msg timestamp="20231227 18:37:58.324" level="INFO">${header} = ['column1', 'column2', 'column3']</msg>
<status status="PASS" starttime="20231227 18:37:58.323" endtime="20231227 18:37:58.324"/>
</kw>
<kw name="Create CSV File">
<arg>${file_path}</arg>
<arg>${header}</arg>
<msg timestamp="20231227 18:37:58.329" level="FAIL">No keyword with name 'Create CSV File' found. Did you try using keyword 'Create CSV' and forgot to use enough whitespace between keyword and arguments?</msg>
<status status="FAIL" starttime="20231227 18:37:58.328" endtime="20231227 18:37:58.329"/>
</kw>
<status status="FAIL" starttime="20231227 18:37:58.323" endtime="20231227 18:37:58.329"/>
</kw>
<kw name="Append To CSV">
<arg>${CSV File}</arg>
<arg>${DATA_LIST}</arg>
<arg>fieldnames=div</arg>
<status status="NOT RUN" starttime="20231227 18:37:58.329" endtime="20231227 18:37:58.329"/>
</kw>
<status status="FAIL" starttime="20231227 18:37:48.951" endtime="20231227 18:37:58.330">No keyword with name 'Create CSV File' found. Did you try using keyword 'Create CSV' and forgot to use enough whitespace between keyword and arguments?</status>
</test>
<status status="FAIL" starttime="20231227 18:37:48.830" endtime="20231227 18:37:58.331"/>
</suite>
<statistics>
<total>
<stat pass="0" fail="1" skip="0">All Tests</stat>
</total>
<tag>
</tag>
<suite>
<stat pass="0" fail="1" skip="0" id="s1" name="Details">Details</stat>
</suite>
</statistics>
<errors>
<msg timestamp="20231227 18:37:48.950" level="ERROR">Error in file '/home/ridham/PycharmProjects/webAutomation/Exercise2/Tests/Details.robot' on line 3: Importing library 'CSVLibrary' failed: ModuleNotFoundError: No module named 'CSVLibrary'
Traceback (most recent call last):
  None
PYTHONPATH:
  /home/ridham/.local/bin
  /usr/lib/python38.zip
  /usr/lib/python3.8
  /usr/lib/python3.8/lib-dynload
  /home/ridham/.local/lib/python3.8/site-packages
  /usr/local/lib/python3.8/dist-packages
  /usr/lib/python3/dist-packages</msg>
</errors>
</robot>
