<?xml version="1.0" encoding="UTF-8"?>
<robot generator="Robot 6.1.1 (Python 3.8.10 on linux)" generated="20240105 14:39:38.585" rpa="false" schemaversion="4">
<suite id="s1" name="Details2" source="/home/ridham/PycharmProjects/webAutomation/Exercise3/Tests/details2.robot">
<test id="s1-t1" name="Launch Browser" line="41">
<kw name="Open Browser" library="SeleniumLibrary">
<arg>https://demoqa.com/</arg>
<arg>chrome</arg>
<arg>options=add_experimental_option("detach", True)</arg>
<doc>Opens a new browser instance to the optional ``url``.</doc>
<msg timestamp="20240105 14:39:38.712" level="INFO">Opening browser 'chrome' to base url 'https://demoqa.com/'.</msg>
<status status="PASS" starttime="20240105 14:39:38.711" endtime="20240105 14:39:43.397"/>
</kw>
<kw name="Maximize Browser Window" library="SeleniumLibrary">
<doc>Maximizes current browser window.</doc>
<status status="PASS" starttime="20240105 14:39:43.399" endtime="20240105 14:39:43.518"/>
</kw>
<status status="PASS" starttime="20240105 14:39:38.711" endtime="20240105 14:39:43.519"/>
</test>
<test id="s1-t2" name="Open Elements Section" line="45">
<kw name="Execute Javascript" library="SeleniumLibrary">
<arg>document.querySelector('div.card.mt-4.top-card').click()</arg>
<doc>Executes the given JavaScript code with possible arguments.</doc>
<msg timestamp="20240105 14:39:43.523" level="INFO">Executing JavaScript:
document.querySelector('div.card.mt-4.top-card').click()
Without any arguments.</msg>
<status status="PASS" starttime="20240105 14:39:43.522" endtime="20240105 14:39:43.607"/>
</kw>
<kw name="Perform Action for Element Textbox">
<kw name="Execute Javascript" library="SeleniumLibrary">
<arg>document.querySelector('#item-0').click()</arg>
<doc>Executes the given JavaScript code with possible arguments.</doc>
<msg timestamp="20240105 14:39:43.609" level="INFO">Executing JavaScript:
document.querySelector('#item-0').click()
Without any arguments.</msg>
<status status="PASS" starttime="20240105 14:39:43.609" endtime="20240105 14:39:43.639"/>
</kw>
<kw name="Wait Until Page Contains Element" library="SeleniumLibrary">
<arg>userName</arg>
<arg>${TIMEOUT}</arg>
<doc>Waits until the element ``locator`` appears on the current page.</doc>
<status status="PASS" starttime="20240105 14:39:43.639" endtime="20240105 14:39:43.689"/>
</kw>
<kw name="Input Text" library="SeleniumLibrary">
<arg>userName</arg>
<arg>ridham</arg>
<doc>Types the given ``text`` into the text field identified by ``locator``.</doc>
<msg timestamp="20240105 14:39:43.689" level="INFO">Typing text 'ridham' into text field 'userName'.</msg>
<status status="PASS" starttime="20240105 14:39:43.689" endtime="20240105 14:39:43.818"/>
</kw>
<kw name="Input Text" library="SeleniumLibrary">
<arg>userEmail</arg>
<arg>abc123@gmail.com</arg>
<doc>Types the given ``text`` into the text field identified by ``locator``.</doc>
<msg timestamp="20240105 14:39:43.818" level="INFO">Typing text 'abc123@gmail.com' into text field 'userEmail'.</msg>
<status status="PASS" starttime="20240105 14:39:43.818" endtime="20240105 14:39:43.968"/>
</kw>
<kw name="Input Text" library="SeleniumLibrary">
<arg>currentAddress</arg>
<arg>Ahmedabad</arg>
<doc>Types the given ``text`` into the text field identified by ``locator``.</doc>
<msg timestamp="20240105 14:39:43.969" level="INFO">Typing text 'Ahmedabad' into text field 'currentAddress'.</msg>
<status status="PASS" starttime="20240105 14:39:43.968" endtime="20240105 14:39:44.260"/>
</kw>
<kw name="Input Text" library="SeleniumLibrary">
<arg>permanentAddress</arg>
<arg>Bhavnagar</arg>
<doc>Types the given ``text`` into the text field identified by ``locator``.</doc>
<msg timestamp="20240105 14:39:44.261" level="INFO">Typing text 'Bhavnagar' into text field 'permanentAddress'.</msg>
<status status="PASS" starttime="20240105 14:39:44.260" endtime="20240105 14:39:44.498"/>
</kw>
<kw name="Execute Javascript" library="SeleniumLibrary">
<arg>document.querySelector('#submit').click()</arg>
<doc>Executes the given JavaScript code with possible arguments.</doc>
<msg timestamp="20240105 14:39:44.499" level="INFO">Executing JavaScript:
document.querySelector('#submit').click()
Without any arguments.</msg>
<status status="PASS" starttime="20240105 14:39:44.499" endtime="20240105 14:39:44.508"/>
</kw>
<status status="PASS" starttime="20240105 14:39:43.607" endtime="20240105 14:39:44.508"/>
</kw>
<kw name="Sleep" library="BuiltIn">
<arg>5s</arg>
<doc>Pauses the test executed for the given time.</doc>
<msg timestamp="20240105 14:39:49.509" level="INFO">Slept 5 seconds</msg>
<status status="PASS" starttime="20240105 14:39:44.508" endtime="20240105 14:39:49.509"/>
</kw>
<kw name="Perform Action for Element Checkbox">
<kw name="Execute Javascript" library="SeleniumLibrary">
<arg>document.querySelector('#item-1').click()</arg>
<doc>Executes the given JavaScript code with possible arguments.</doc>
<msg timestamp="20240105 14:39:49.512" level="INFO">Executing JavaScript:
document.querySelector('#item-1').click()
Without any arguments.</msg>
<status status="PASS" starttime="20240105 14:39:49.511" endtime="20240105 14:39:49.562"/>
</kw>
<kw name="Click Button" library="SeleniumLibrary">
<arg>Xpath://*[@class="rct-collapse rct-collapse-btn"]</arg>
<doc>Clicks the button identified by ``locator``.</doc>
<msg timestamp="20240105 14:39:49.564" level="INFO">Clicking button 'Xpath://*[@class="rct-collapse rct-collapse-btn"]'.</msg>
<status status="PASS" starttime="20240105 14:39:49.563" endtime="20240105 14:39:49.673"/>
</kw>
<kw name="Wait Until Element Is Enabled" library="SeleniumLibrary">
<arg>tree-node-documents</arg>
<doc>Waits until the element ``locator`` is enabled.</doc>
<status status="PASS" starttime="20240105 14:39:49.673" endtime="20240105 14:39:49.709"/>
</kw>
<kw name="Select Checkbox" library="SeleniumLibrary">
<arg>tree-node-documents</arg>
<doc>Selects the checkbox identified by ``locator``.</doc>
<msg timestamp="20240105 14:39:49.709" level="INFO">Selecting checkbox 'tree-node-documents'.</msg>
<msg timestamp="20240105 14:39:49.950" level="INFO" html="true">&lt;/td&gt;&lt;/tr&gt;&lt;tr&gt;&lt;td colspan="3"&gt;&lt;a href="selenium-screenshot-43.png"&gt;&lt;img src="selenium-screenshot-43.png" width="800px"&gt;&lt;/a&gt;</msg>
<msg timestamp="20240105 14:39:49.950" level="FAIL">ElementNotInteractableException: Message: element not interactable
  (Session info: chrome=120.0.6099.129)
Stacktrace:
#0 0x561b62a3df83 &lt;unknown&gt;
#1 0x561b626f6b2b &lt;unknown&gt;
#2 0x561b62748171 &lt;unknown&gt;
#3 0x561b6273a313 &lt;unknown&gt;
#4 0x561b627700b2 &lt;unknown&gt;
#5 0x561b62739b49 &lt;unknown&gt;
#6 0x561b627704ce &lt;unknown&gt;
#7 0x561b6278f006 &lt;unknown&gt;
#8 0x561b6276fe53 &lt;unknown&gt;
#9 0x561b62737dd4 &lt;unknown&gt;
#10 0x561b627391de &lt;unknown&gt;
#11 0x561b62a02531 &lt;unknown&gt;
#12 0x561b62a06455 &lt;unknown&gt;
#13 0x561b629eef55 &lt;unknown&gt;
#14 0x561b62a070ef &lt;unknown&gt;
#15 0x561b629d299f &lt;unknown&gt;
#16 0x561b62a2b008 &lt;unknown&gt;
#17 0x561b62a2b1d7 &lt;unknown&gt;
#18 0x561b62a3d124 &lt;unknown&gt;
#19 0x7fb47477a609 start_thread
</msg>
<status status="FAIL" starttime="20240105 14:39:49.709" endtime="20240105 14:39:49.952"/>
</kw>
<status status="FAIL" starttime="20240105 14:39:49.510" endtime="20240105 14:39:49.952"/>
</kw>
<kw name="Sleep" library="BuiltIn">
<arg>5s</arg>
<doc>Pauses the test executed for the given time.</doc>
<status status="NOT RUN" starttime="20240105 14:39:49.952" endtime="20240105 14:39:49.952"/>
</kw>
<kw name="Perform Action for Element RadioButton">
<status status="NOT RUN" starttime="20240105 14:39:49.952" endtime="20240105 14:39:49.952"/>
</kw>
<kw name="Sleep" library="BuiltIn">
<arg>5s</arg>
<doc>Pauses the test executed for the given time.</doc>
<status status="NOT RUN" starttime="20240105 14:39:49.952" endtime="20240105 14:39:49.952"/>
</kw>
<kw name="Sleep" library="BuiltIn">
<arg>3s</arg>
<doc>Pauses the test executed for the given time.</doc>
<status status="NOT RUN" starttime="20240105 14:39:49.953" endtime="20240105 14:39:49.953"/>
</kw>
<status status="FAIL" starttime="20240105 14:39:43.520" endtime="20240105 14:39:49.953">ElementNotInteractableException: Message: element not interactable
  (Session info: chrome=120.0.6099.129)
Stacktrace:
#0 0x561b62a3df83 &lt;unknown&gt;
#1 0x561b626f6b2b &lt;unknown&gt;
#2 0x561b62748171 &lt;unknown&gt;
#3 0x561b6273a313 &lt;unknown&gt;
#4 0x561b627700b2 &lt;unknown&gt;
#5 0x561b62739b49 &lt;unknown&gt;
#6 0x561b627704ce &lt;unknown&gt;
#7 0x561b6278f006 &lt;unknown&gt;
#8 0x561b6276fe53 &lt;unknown&gt;
#9 0x561b62737dd4 &lt;unknown&gt;
#10 0x561b627391de &lt;unknown&gt;
#11 0x561b62a02531 &lt;unknown&gt;
#12 0x561b62a06455 &lt;unknown&gt;
#13 0x561b629eef55 &lt;unknown&gt;
#14 0x561b62a070ef &lt;unknown&gt;
#15 0x561b629d299f &lt;unknown&gt;
#16 0x561b62a2b008 &lt;unknown&gt;
#17 0x561b62a2b1d7 &lt;unknown&gt;
#18 0x561b62a3d124 &lt;unknown&gt;
#19 0x7fb47477a609 start_thread
</status>
</test>
<status status="FAIL" starttime="20240105 14:39:38.586" endtime="20240105 14:39:49.955"/>
</suite>
<statistics>
<total>
<stat pass="1" fail="1" skip="0">All Tests</stat>
</total>
<tag>
</tag>
<suite>
<stat pass="1" fail="1" skip="0" id="s1" name="Details2">Details2</stat>
</suite>
</statistics>
<errors>
</errors>
</robot>
