<?xml version="1.0" encoding="UTF-8"?>
<robot generator="Robot 6.1.1 (Python 3.8.10 on linux)" generated="20240105 11:04:06.279" rpa="false" schemaversion="4">
<suite id="s1" name="Details2" source="/home/ridham/PycharmProjects/webAutomation/Exercise3/Tests/details2.robot">
<test id="s1-t1" name="Launch Browser" line="29">
<kw name="Open Browser" library="SeleniumLibrary">
<arg>https://demoqa.com/</arg>
<arg>chrome</arg>
<arg>options=add_experimental_option("detach", True)</arg>
<doc>Opens a new browser instance to the optional ``url``.</doc>
<msg timestamp="20240105 11:04:06.425" level="INFO">Opening browser 'chrome' to base url 'https://demoqa.com/'.</msg>
<status status="PASS" starttime="20240105 11:04:06.424" endtime="20240105 11:04:11.938"/>
</kw>
<kw name="Maximize Browser Window" library="SeleniumLibrary">
<doc>Maximizes current browser window.</doc>
<status status="PASS" starttime="20240105 11:04:11.940" endtime="20240105 11:04:12.048"/>
</kw>
<status status="PASS" starttime="20240105 11:04:06.423" endtime="20240105 11:04:12.050"/>
</test>
<test id="s1-t2" name="Open Elements Section" line="33">
<kw name="Run Keyword" library="BuiltIn">
<var>${element_to_click}</var>
<arg>Get User Input</arg>
<arg>Please enter the element to click (e.g., TEXTBOX, CHECKBOX):</arg>
<doc>Executes the given keyword with the given arguments.</doc>
<kw name="Get User Input">
<arg>Please enter the element to click (e.g., TEXTBOX, CHECKBOX):</arg>
<doc>Get user input using Python's input() function</doc>
<kw name="Evaluate" library="BuiltIn">
<var>${user_input}</var>
<arg>input('${prompt}')</arg>
<doc>Evaluates the given expression in Python and returns the result.</doc>
<msg timestamp="20240105 11:06:08.365" level="INFO">Please enter the element to click (e.g., TEXTBOX, CHECKBOX):</msg>
<msg timestamp="20240105 11:06:08.366" level="INFO">${user_input} = </msg>
<status status="PASS" starttime="20240105 11:04:12.055" endtime="20240105 11:06:08.366"/>
</kw>
<status status="PASS" starttime="20240105 11:04:12.054" endtime="20240105 11:06:08.366"/>
</kw>
<msg timestamp="20240105 11:06:08.366" level="INFO">${element_to_click} = </msg>
<status status="PASS" starttime="20240105 11:04:12.054" endtime="20240105 11:06:08.366"/>
</kw>
<kw name="Click Element and Verify">
<arg>${element_to_click}</arg>
<kw name="Execute Javascript" library="SeleniumLibrary">
<arg>window.alert('Click on the specified element manually and press OK.')</arg>
<doc>Executes the given JavaScript code with possible arguments.</doc>
<msg timestamp="20240105 11:06:08.368" level="INFO">Executing JavaScript:
window.alert('Click on the specified element manually and press OK.')
Without any arguments.</msg>
<msg timestamp="20240105 11:06:08.380" level="WARN">Keyword 'Capture Page Screenshot' could not be run on failure: Message: no such window: target window already closed
from unknown error: web view not found
  (Session info: chrome=120.0.6099.129)
Stacktrace:
#0 0x55ccdea7ff83 &lt;unknown&gt;
#1 0x55ccde738cf7 &lt;unknown&gt;
#2 0x55ccde70c728 &lt;unknown&gt;
#3 0x55ccde7b969f &lt;unknown&gt;
#4 0x55ccde7d0719 &lt;unknown&gt;
#5 0x55ccde7b1e53 &lt;unknown&gt;
#6 0x55ccde779dd4 &lt;unknown&gt;
#7 0x55ccde77b1de &lt;unknown&gt;
#8 0x55ccdea44531 &lt;unknown&gt;
#9 0x55ccdea48455 &lt;unknown&gt;
#10 0x55ccdea30f55 &lt;unknown&gt;
#11 0x55ccdea490ef &lt;unknown&gt;
#12 0x55ccdea1499f &lt;unknown&gt;
#13 0x55ccdea6d008 &lt;unknown&gt;
#14 0x55ccdea6d1d7 &lt;unknown&gt;
#15 0x55ccdea7f124 &lt;unknown&gt;
#16 0x7fb89e7b2609 start_thread
</msg>
<msg timestamp="20240105 11:06:08.382" level="FAIL">NoSuchWindowException: Message: no such window: target window already closed
from unknown error: web view not found
  (Session info: chrome=120.0.6099.129)
Stacktrace:
#0 0x55ccdea7ff83 &lt;unknown&gt;
#1 0x55ccde738cf7 &lt;unknown&gt;
#2 0x55ccde70c728 &lt;unknown&gt;
#3 0x55ccde7b969f &lt;unknown&gt;
#4 0x55ccde7d0719 &lt;unknown&gt;
#5 0x55ccde7b1e53 &lt;unknown&gt;
#6 0x55ccde779dd4 &lt;unknown&gt;
#7 0x55ccde77b1de &lt;unknown&gt;
#8 0x55ccdea44531 &lt;unknown&gt;
#9 0x55ccdea48455 &lt;unknown&gt;
#10 0x55ccdea30f55 &lt;unknown&gt;
#11 0x55ccdea490ef &lt;unknown&gt;
#12 0x55ccdea1499f &lt;unknown&gt;
#13 0x55ccdea6d008 &lt;unknown&gt;
#14 0x55ccdea6d1d7 &lt;unknown&gt;
#15 0x55ccdea7f124 &lt;unknown&gt;
#16 0x7fb89e7b2609 start_thread
</msg>
<status status="FAIL" starttime="20240105 11:06:08.368" endtime="20240105 11:06:08.400"/>
</kw>
<kw name="Set Variable" library="BuiltIn">
<var>${CLICKED}</var>
<arg>${locator}</arg>
<doc>Returns the given values which can then be assigned to a variables.</doc>
<status status="NOT RUN" starttime="20240105 11:06:08.400" endtime="20240105 11:06:08.400"/>
</kw>
<status status="FAIL" starttime="20240105 11:06:08.367" endtime="20240105 11:06:08.400"/>
</kw>
<kw name="Run Keyword If" library="BuiltIn">
<arg>'${element_to_click}' == 'TEXTBOX'</arg>
<arg>Perform Action for Element X</arg>
<doc>Runs the given keyword with the given arguments, if ``condition`` is true.</doc>
<status status="NOT RUN" starttime="20240105 11:06:08.401" endtime="20240105 11:06:08.401"/>
</kw>
<kw name="Run Keyword If" library="BuiltIn">
<arg>'${element_to_click}' == 'CHECKBOX'</arg>
<arg>Perform Action for Element Y</arg>
<doc>Runs the given keyword with the given arguments, if ``condition`` is true.</doc>
<status status="NOT RUN" starttime="20240105 11:06:08.402" endtime="20240105 11:06:08.402"/>
</kw>
<kw name="Sleep" library="BuiltIn">
<arg>3s</arg>
<doc>Pauses the test executed for the given time.</doc>
<status status="NOT RUN" starttime="20240105 11:06:08.402" endtime="20240105 11:06:08.402"/>
</kw>
<status status="FAIL" starttime="20240105 11:04:12.052" endtime="20240105 11:06:08.403">NoSuchWindowException: Message: no such window: target window already closed
from unknown error: web view not found
  (Session info: chrome=120.0.6099.129)
Stacktrace:
#0 0x55ccdea7ff83 &lt;unknown&gt;
#1 0x55ccde738cf7 &lt;unknown&gt;
#2 0x55ccde70c728 &lt;unknown&gt;
#3 0x55ccde7b969f &lt;unknown&gt;
#4 0x55ccde7d0719 &lt;unknown&gt;
#5 0x55ccde7b1e53 &lt;unknown&gt;
#6 0x55ccde779dd4 &lt;unknown&gt;
#7 0x55ccde77b1de &lt;unknown&gt;
#8 0x55ccdea44531 &lt;unknown&gt;
#9 0x55ccdea48455 &lt;unknown&gt;
#10 0x55ccdea30f55 &lt;unknown&gt;
#11 0x55ccdea490ef &lt;unknown&gt;
#12 0x55ccdea1499f &lt;unknown&gt;
#13 0x55ccdea6d008 &lt;unknown&gt;
#14 0x55ccdea6d1d7 &lt;unknown&gt;
#15 0x55ccdea7f124 &lt;unknown&gt;
#16 0x7fb89e7b2609 start_thread
</status>
</test>
<status status="FAIL" starttime="20240105 11:04:06.280" endtime="20240105 11:06:08.405"/>
</suite>
<statistics>
<total>
<stat pass="1" fail="1" skip="0">All Tests</stat>
</total>
<tag>
</tag>
<suite>
<stat pass="1" fail="1" skip="0" id="s1" name="Details2">Details2</stat>
</suite>
</statistics>
<errors>
<msg timestamp="20240105 11:06:08.380" level="WARN">Keyword 'Capture Page Screenshot' could not be run on failure: Message: no such window: target window already closed
from unknown error: web view not found
  (Session info: chrome=120.0.6099.129)
Stacktrace:
#0 0x55ccdea7ff83 &lt;unknown&gt;
#1 0x55ccde738cf7 &lt;unknown&gt;
#2 0x55ccde70c728 &lt;unknown&gt;
#3 0x55ccde7b969f &lt;unknown&gt;
#4 0x55ccde7d0719 &lt;unknown&gt;
#5 0x55ccde7b1e53 &lt;unknown&gt;
#6 0x55ccde779dd4 &lt;unknown&gt;
#7 0x55ccde77b1de &lt;unknown&gt;
#8 0x55ccdea44531 &lt;unknown&gt;
#9 0x55ccdea48455 &lt;unknown&gt;
#10 0x55ccdea30f55 &lt;unknown&gt;
#11 0x55ccdea490ef &lt;unknown&gt;
#12 0x55ccdea1499f &lt;unknown&gt;
#13 0x55ccdea6d008 &lt;unknown&gt;
#14 0x55ccdea6d1d7 &lt;unknown&gt;
#15 0x55ccdea7f124 &lt;unknown&gt;
#16 0x7fb89e7b2609 start_thread
</msg>
</errors>
</robot>
