<?xml version="1.0" encoding="UTF-8"?>
<robot generator="Robot 6.1.1 (Python 3.8.10 on linux)" generated="20240105 14:29:37.141" rpa="false" schemaversion="4">
<suite id="s1" name="Details2" source="/home/ridham/PycharmProjects/webAutomation/Exercise3/Tests/details2.robot">
<test id="s1-t1" name="Launch Browser" line="41">
<kw name="Open Browser" library="SeleniumLibrary">
<arg>https://demoqa.com/</arg>
<arg>chrome</arg>
<arg>options=add_experimental_option("detach", True)</arg>
<doc>Opens a new browser instance to the optional ``url``.</doc>
<msg timestamp="20240105 14:29:37.262" level="INFO">Opening browser 'chrome' to base url 'https://demoqa.com/'.</msg>
<status status="PASS" starttime="20240105 14:29:37.261" endtime="20240105 14:29:42.557"/>
</kw>
<kw name="Maximize Browser Window" library="SeleniumLibrary">
<doc>Maximizes current browser window.</doc>
<status status="PASS" starttime="20240105 14:29:42.559" endtime="20240105 14:29:42.676"/>
</kw>
<status status="PASS" starttime="20240105 14:29:37.260" endtime="20240105 14:29:42.676"/>
</test>
<test id="s1-t2" name="Open Elements Section" line="45">
<kw name="Execute Javascript" library="SeleniumLibrary">
<arg>document.querySelector('div.card.mt-4.top-card').click()</arg>
<doc>Executes the given JavaScript code with possible arguments.</doc>
<msg timestamp="20240105 14:29:42.679" level="INFO">Executing JavaScript:
document.querySelector('div.card.mt-4.top-card').click()
Without any arguments.</msg>
<status status="PASS" starttime="20240105 14:29:42.678" endtime="20240105 14:29:42.755"/>
</kw>
<kw name="Perform Action for Element Textbox">
<kw name="Execute Javascript" library="SeleniumLibrary">
<arg>document.querySelector('#item-0').click()</arg>
<doc>Executes the given JavaScript code with possible arguments.</doc>
<msg timestamp="20240105 14:29:42.757" level="INFO">Executing JavaScript:
document.querySelector('#item-0').click()
Without any arguments.</msg>
<status status="PASS" starttime="20240105 14:29:42.756" endtime="20240105 14:29:42.787"/>
</kw>
<kw name="Wait Until Page Contains Element" library="SeleniumLibrary">
<arg>userName</arg>
<arg>${TIMEOUT}</arg>
<doc>Waits until the element ``locator`` appears on the current page.</doc>
<status status="PASS" starttime="20240105 14:29:42.787" endtime="20240105 14:29:42.805"/>
</kw>
<kw name="Input Text" library="SeleniumLibrary">
<arg>userName</arg>
<arg>ridham</arg>
<doc>Types the given ``text`` into the text field identified by ``locator``.</doc>
<msg timestamp="20240105 14:29:42.805" level="INFO">Typing text 'ridham' into text field 'userName'.</msg>
<status status="PASS" starttime="20240105 14:29:42.805" endtime="20240105 14:29:42.970"/>
</kw>
<kw name="Input Text" library="SeleniumLibrary">
<arg>userEmail</arg>
<arg>abc123@gmail.com</arg>
<doc>Types the given ``text`` into the text field identified by ``locator``.</doc>
<msg timestamp="20240105 14:29:42.971" level="INFO">Typing text 'abc123@gmail.com' into text field 'userEmail'.</msg>
<status status="PASS" starttime="20240105 14:29:42.970" endtime="20240105 14:29:43.133"/>
</kw>
<kw name="Input Text" library="SeleniumLibrary">
<arg>currentAddress</arg>
<arg>Ahmedabad</arg>
<doc>Types the given ``text`` into the text field identified by ``locator``.</doc>
<msg timestamp="20240105 14:29:43.135" level="INFO">Typing text 'Ahmedabad' into text field 'currentAddress'.</msg>
<status status="PASS" starttime="20240105 14:29:43.134" endtime="20240105 14:29:43.269"/>
</kw>
<kw name="Input Text" library="SeleniumLibrary">
<arg>permanentAddress</arg>
<arg>Bhavnagar</arg>
<doc>Types the given ``text`` into the text field identified by ``locator``.</doc>
<msg timestamp="20240105 14:29:43.275" level="INFO">Typing text 'Bhavnagar' into text field 'permanentAddress'.</msg>
<status status="PASS" starttime="20240105 14:29:43.274" endtime="20240105 14:29:43.711"/>
</kw>
<kw name="Execute Javascript" library="SeleniumLibrary">
<arg>document.querySelector('#submit').click()</arg>
<doc>Executes the given JavaScript code with possible arguments.</doc>
<msg timestamp="20240105 14:29:43.712" level="INFO">Executing JavaScript:
document.querySelector('#submit').click()
Without any arguments.</msg>
<status status="PASS" starttime="20240105 14:29:43.711" endtime="20240105 14:29:43.721"/>
</kw>
<status status="PASS" starttime="20240105 14:29:42.755" endtime="20240105 14:29:43.721"/>
</kw>
<kw name="Sleep" library="BuiltIn">
<arg>5s</arg>
<doc>Pauses the test executed for the given time.</doc>
<msg timestamp="20240105 14:29:48.722" level="INFO">Slept 5 seconds</msg>
<status status="PASS" starttime="20240105 14:29:43.721" endtime="20240105 14:29:48.722"/>
</kw>
<kw name="Perform Action for Element Checkbox">
<kw name="Execute Javascript" library="SeleniumLibrary">
<arg>document.querySelector('#item-1').click()</arg>
<doc>Executes the given JavaScript code with possible arguments.</doc>
<msg timestamp="20240105 14:29:48.725" level="INFO">Executing JavaScript:
document.querySelector('#item-1').click()
Without any arguments.</msg>
<status status="PASS" starttime="20240105 14:29:48.724" endtime="20240105 14:29:48.781"/>
</kw>
<kw name="Click Button" library="SeleniumLibrary">
<arg>Xpath://*[@class="rct-collapse rct-collapse-btn"]</arg>
<doc>Clicks the button identified by ``locator``.</doc>
<msg timestamp="20240105 14:29:48.782" level="INFO">Clicking button 'Xpath://*[@class="rct-collapse rct-collapse-btn"]'.</msg>
<status status="PASS" starttime="20240105 14:29:48.781" endtime="20240105 14:29:48.856"/>
</kw>
<kw name="Select Checkbox" library="SeleniumLibrary">
<arg>Xpath://*[@id="tree-node-documents"]</arg>
<doc>Selects the checkbox identified by ``locator``.</doc>
<msg timestamp="20240105 14:29:48.856" level="INFO">Selecting checkbox 'Xpath://*[@id="tree-node-documents"]'.</msg>
<msg timestamp="20240105 14:29:49.130" level="INFO" html="true">&lt;/td&gt;&lt;/tr&gt;&lt;tr&gt;&lt;td colspan="3"&gt;&lt;a href="selenium-screenshot-40.png"&gt;&lt;img src="selenium-screenshot-40.png" width="800px"&gt;&lt;/a&gt;</msg>
<msg timestamp="20240105 14:29:49.130" level="FAIL">ElementNotInteractableException: Message: element not interactable
  (Session info: chrome=120.0.6099.129)
Stacktrace:
#0 0x561e6cdd5f83 &lt;unknown&gt;
#1 0x561e6ca8eb2b &lt;unknown&gt;
#2 0x561e6cae0171 &lt;unknown&gt;
#3 0x561e6cad2313 &lt;unknown&gt;
#4 0x561e6cb080b2 &lt;unknown&gt;
#5 0x561e6cad1b49 &lt;unknown&gt;
#6 0x561e6cb084ce &lt;unknown&gt;
#7 0x561e6cb27006 &lt;unknown&gt;
#8 0x561e6cb07e53 &lt;unknown&gt;
#9 0x561e6cacfdd4 &lt;unknown&gt;
#10 0x561e6cad11de &lt;unknown&gt;
#11 0x561e6cd9a531 &lt;unknown&gt;
#12 0x561e6cd9e455 &lt;unknown&gt;
#13 0x561e6cd86f55 &lt;unknown&gt;
#14 0x561e6cd9f0ef &lt;unknown&gt;
#15 0x561e6cd6a99f &lt;unknown&gt;
#16 0x561e6cdc3008 &lt;unknown&gt;
#17 0x561e6cdc31d7 &lt;unknown&gt;
#18 0x561e6cdd5124 &lt;unknown&gt;
#19 0x7f6a51c50609 start_thread
</msg>
<status status="FAIL" starttime="20240105 14:29:48.856" endtime="20240105 14:29:49.131"/>
</kw>
<status status="FAIL" starttime="20240105 14:29:48.723" endtime="20240105 14:29:49.131"/>
</kw>
<kw name="Sleep" library="BuiltIn">
<arg>5s</arg>
<doc>Pauses the test executed for the given time.</doc>
<status status="NOT RUN" starttime="20240105 14:29:49.131" endtime="20240105 14:29:49.131"/>
</kw>
<kw name="Perform Action for Element RadioButton">
<status status="NOT RUN" starttime="20240105 14:29:49.131" endtime="20240105 14:29:49.131"/>
</kw>
<kw name="Sleep" library="BuiltIn">
<arg>5s</arg>
<doc>Pauses the test executed for the given time.</doc>
<status status="NOT RUN" starttime="20240105 14:29:49.132" endtime="20240105 14:29:49.132"/>
</kw>
<kw name="Sleep" library="BuiltIn">
<arg>3s</arg>
<doc>Pauses the test executed for the given time.</doc>
<status status="NOT RUN" starttime="20240105 14:29:49.132" endtime="20240105 14:29:49.132"/>
</kw>
<status status="FAIL" starttime="20240105 14:29:42.678" endtime="20240105 14:29:49.132">ElementNotInteractableException: Message: element not interactable
  (Session info: chrome=120.0.6099.129)
Stacktrace:
#0 0x561e6cdd5f83 &lt;unknown&gt;
#1 0x561e6ca8eb2b &lt;unknown&gt;
#2 0x561e6cae0171 &lt;unknown&gt;
#3 0x561e6cad2313 &lt;unknown&gt;
#4 0x561e6cb080b2 &lt;unknown&gt;
#5 0x561e6cad1b49 &lt;unknown&gt;
#6 0x561e6cb084ce &lt;unknown&gt;
#7 0x561e6cb27006 &lt;unknown&gt;
#8 0x561e6cb07e53 &lt;unknown&gt;
#9 0x561e6cacfdd4 &lt;unknown&gt;
#10 0x561e6cad11de &lt;unknown&gt;
#11 0x561e6cd9a531 &lt;unknown&gt;
#12 0x561e6cd9e455 &lt;unknown&gt;
#13 0x561e6cd86f55 &lt;unknown&gt;
#14 0x561e6cd9f0ef &lt;unknown&gt;
#15 0x561e6cd6a99f &lt;unknown&gt;
#16 0x561e6cdc3008 &lt;unknown&gt;
#17 0x561e6cdc31d7 &lt;unknown&gt;
#18 0x561e6cdd5124 &lt;unknown&gt;
#19 0x7f6a51c50609 start_thread
</status>
</test>
<status status="FAIL" starttime="20240105 14:29:37.142" endtime="20240105 14:29:49.133"/>
</suite>
<statistics>
<total>
<stat pass="1" fail="1" skip="0">All Tests</stat>
</total>
<tag>
</tag>
<suite>
<stat pass="1" fail="1" skip="0" id="s1" name="Details2">Details2</stat>
</suite>
</statistics>
<errors>
</errors>
</robot>
