<?xml version="1.0" encoding="UTF-8"?>
<robot generator="Robot 6.1.1 (Python 3.8.10 on linux)" generated="20240105 12:39:11.175" rpa="false" schemaversion="4">
<suite id="s1" name="Details2" source="/home/ridham/PycharmProjects/webAutomation/Exercise3/Tests/details2.robot">
<test id="s1-t1" name="Launch Browser" line="41">
<kw name="Open Browser" library="SeleniumLibrary">
<arg>https://demoqa.com/</arg>
<arg>chrome</arg>
<arg>options=add_experimental_option("detach", True)</arg>
<doc>Opens a new browser instance to the optional ``url``.</doc>
<msg timestamp="20240105 12:39:11.298" level="INFO">Opening browser 'chrome' to base url 'https://demoqa.com/'.</msg>
<status status="PASS" starttime="20240105 12:39:11.297" endtime="20240105 12:39:30.976"/>
</kw>
<kw name="Maximize Browser Window" library="SeleniumLibrary">
<doc>Maximizes current browser window.</doc>
<status status="PASS" starttime="20240105 12:39:30.978" endtime="20240105 12:39:31.086"/>
</kw>
<status status="PASS" starttime="20240105 12:39:11.297" endtime="20240105 12:39:31.089"/>
</test>
<test id="s1-t2" name="Open Elements Section" line="45">
<kw name="Execute Javascript" library="SeleniumLibrary">
<arg>document.querySelector('div.card.mt-4.top-card').click()</arg>
<doc>Executes the given JavaScript code with possible arguments.</doc>
<msg timestamp="20240105 12:39:31.094" level="INFO">Executing JavaScript:
document.querySelector('div.card.mt-4.top-card').click()
Without any arguments.</msg>
<status status="PASS" starttime="20240105 12:39:31.093" endtime="20240105 12:39:31.181"/>
</kw>
<kw name="Perform Action for Element Textbox">
<kw name="Execute Javascript" library="SeleniumLibrary">
<arg>document.querySelector('#item-0').click()</arg>
<doc>Executes the given JavaScript code with possible arguments.</doc>
<msg timestamp="20240105 12:39:31.182" level="INFO">Executing JavaScript:
document.querySelector('#item-0').click()
Without any arguments.</msg>
<status status="PASS" starttime="20240105 12:39:31.182" endtime="20240105 12:39:31.210"/>
</kw>
<kw name="Wait Until Page Contains Element" library="SeleniumLibrary">
<arg>userName</arg>
<arg>${TIMEOUT}</arg>
<doc>Waits until the element ``locator`` appears on the current page.</doc>
<status status="PASS" starttime="20240105 12:39:31.210" endtime="20240105 12:39:31.242"/>
</kw>
<kw name="Input Text" library="SeleniumLibrary">
<arg>userName</arg>
<arg>ridham</arg>
<doc>Types the given ``text`` into the text field identified by ``locator``.</doc>
<msg timestamp="20240105 12:39:31.244" level="INFO">Typing text 'ridham' into text field 'userName'.</msg>
<status status="PASS" starttime="20240105 12:39:31.243" endtime="20240105 12:39:31.369"/>
</kw>
<kw name="Input Text" library="SeleniumLibrary">
<arg>userEmail</arg>
<arg>abc123@gmail.com</arg>
<doc>Types the given ``text`` into the text field identified by ``locator``.</doc>
<msg timestamp="20240105 12:39:31.370" level="INFO">Typing text 'abc123@gmail.com' into text field 'userEmail'.</msg>
<status status="PASS" starttime="20240105 12:39:31.370" endtime="20240105 12:39:31.494"/>
</kw>
<kw name="Input Text" library="SeleniumLibrary">
<arg>currentAddress</arg>
<arg>Ahmedabad</arg>
<doc>Types the given ``text`` into the text field identified by ``locator``.</doc>
<msg timestamp="20240105 12:39:31.495" level="INFO">Typing text 'Ahmedabad' into text field 'currentAddress'.</msg>
<status status="PASS" starttime="20240105 12:39:31.494" endtime="20240105 12:39:31.629"/>
</kw>
<kw name="Input Text" library="SeleniumLibrary">
<arg>permanentAddress</arg>
<arg>Bhavnagar</arg>
<doc>Types the given ``text`` into the text field identified by ``locator``.</doc>
<msg timestamp="20240105 12:39:31.629" level="INFO">Typing text 'Bhavnagar' into text field 'permanentAddress'.</msg>
<status status="PASS" starttime="20240105 12:39:31.629" endtime="20240105 12:39:31.719"/>
</kw>
<kw name="Execute Javascript" library="SeleniumLibrary">
<arg>document.querySelector('#submit').click()</arg>
<doc>Executes the given JavaScript code with possible arguments.</doc>
<msg timestamp="20240105 12:39:31.719" level="INFO">Executing JavaScript:
document.querySelector('#submit').click()
Without any arguments.</msg>
<status status="PASS" starttime="20240105 12:39:31.719" endtime="20240105 12:39:31.732"/>
</kw>
<status status="PASS" starttime="20240105 12:39:31.181" endtime="20240105 12:39:31.732"/>
</kw>
<kw name="Sleep" library="BuiltIn">
<arg>5s</arg>
<doc>Pauses the test executed for the given time.</doc>
<msg timestamp="20240105 12:39:36.733" level="INFO">Slept 5 seconds</msg>
<status status="PASS" starttime="20240105 12:39:31.732" endtime="20240105 12:39:36.733"/>
</kw>
<kw name="Perform Action for Element Checkbox">
<kw name="Execute Javascript" library="SeleniumLibrary">
<arg>document.querySelector('#item-1').click()</arg>
<doc>Executes the given JavaScript code with possible arguments.</doc>
<msg timestamp="20240105 12:39:36.736" level="INFO">Executing JavaScript:
document.querySelector('#item-1').click()
Without any arguments.</msg>
<status status="PASS" starttime="20240105 12:39:36.735" endtime="20240105 12:39:36.845"/>
</kw>
<kw name="Click Element" library="SeleniumLibrary">
<arg>Xpath://*[@class="rct-collapse rct-collapse-btn"][1]</arg>
<doc>Click the element identified by ``locator``.</doc>
<msg timestamp="20240105 12:39:36.846" level="INFO">Clicking element 'Xpath://*[@class="rct-collapse rct-collapse-btn"][1]'.</msg>
<status status="PASS" starttime="20240105 12:39:36.845" endtime="20240105 12:39:36.932"/>
</kw>
<kw name="Select Checkbox" library="SeleniumLibrary">
<arg>Xpath://*[@id="tree-node-documents"]</arg>
<doc>Selects the checkbox identified by ``locator``.</doc>
<msg timestamp="20240105 12:39:36.932" level="INFO">Selecting checkbox 'Xpath://*[@id="tree-node-documents"]'.</msg>
<msg timestamp="20240105 12:39:37.131" level="INFO" html="true">&lt;/td&gt;&lt;/tr&gt;&lt;tr&gt;&lt;td colspan="3"&gt;&lt;a href="selenium-screenshot-31.png"&gt;&lt;img src="selenium-screenshot-31.png" width="800px"&gt;&lt;/a&gt;</msg>
<msg timestamp="20240105 12:39:37.131" level="FAIL">ElementNotInteractableException: Message: element not interactable
  (Session info: chrome=120.0.6099.129)
Stacktrace:
#0 0x55a4fbcd0f83 &lt;unknown&gt;
#1 0x55a4fb989b2b &lt;unknown&gt;
#2 0x55a4fb9db171 &lt;unknown&gt;
#3 0x55a4fb9cd313 &lt;unknown&gt;
#4 0x55a4fba030b2 &lt;unknown&gt;
#5 0x55a4fb9ccb49 &lt;unknown&gt;
#6 0x55a4fba034ce &lt;unknown&gt;
#7 0x55a4fba22006 &lt;unknown&gt;
#8 0x55a4fba02e53 &lt;unknown&gt;
#9 0x55a4fb9cadd4 &lt;unknown&gt;
#10 0x55a4fb9cc1de &lt;unknown&gt;
#11 0x55a4fbc95531 &lt;unknown&gt;
#12 0x55a4fbc99455 &lt;unknown&gt;
#13 0x55a4fbc81f55 &lt;unknown&gt;
#14 0x55a4fbc9a0ef &lt;unknown&gt;
#15 0x55a4fbc6599f &lt;unknown&gt;
#16 0x55a4fbcbe008 &lt;unknown&gt;
#17 0x55a4fbcbe1d7 &lt;unknown&gt;
#18 0x55a4fbcd0124 &lt;unknown&gt;
#19 0x7f995dfbf609 start_thread
</msg>
<status status="FAIL" starttime="20240105 12:39:36.932" endtime="20240105 12:39:37.132"/>
</kw>
<status status="FAIL" starttime="20240105 12:39:36.734" endtime="20240105 12:39:37.132"/>
</kw>
<kw name="Sleep" library="BuiltIn">
<arg>5s</arg>
<doc>Pauses the test executed for the given time.</doc>
<status status="NOT RUN" starttime="20240105 12:39:37.132" endtime="20240105 12:39:37.133"/>
</kw>
<kw name="Perform Action for Element RadioButton">
<status status="NOT RUN" starttime="20240105 12:39:37.133" endtime="20240105 12:39:37.133"/>
</kw>
<kw name="Sleep" library="BuiltIn">
<arg>5s</arg>
<doc>Pauses the test executed for the given time.</doc>
<status status="NOT RUN" starttime="20240105 12:39:37.133" endtime="20240105 12:39:37.133"/>
</kw>
<kw name="Sleep" library="BuiltIn">
<arg>3s</arg>
<doc>Pauses the test executed for the given time.</doc>
<status status="NOT RUN" starttime="20240105 12:39:37.133" endtime="20240105 12:39:37.133"/>
</kw>
<status status="FAIL" starttime="20240105 12:39:31.092" endtime="20240105 12:39:37.133">ElementNotInteractableException: Message: element not interactable
  (Session info: chrome=120.0.6099.129)
Stacktrace:
#0 0x55a4fbcd0f83 &lt;unknown&gt;
#1 0x55a4fb989b2b &lt;unknown&gt;
#2 0x55a4fb9db171 &lt;unknown&gt;
#3 0x55a4fb9cd313 &lt;unknown&gt;
#4 0x55a4fba030b2 &lt;unknown&gt;
#5 0x55a4fb9ccb49 &lt;unknown&gt;
#6 0x55a4fba034ce &lt;unknown&gt;
#7 0x55a4fba22006 &lt;unknown&gt;
#8 0x55a4fba02e53 &lt;unknown&gt;
#9 0x55a4fb9cadd4 &lt;unknown&gt;
#10 0x55a4fb9cc1de &lt;unknown&gt;
#11 0x55a4fbc95531 &lt;unknown&gt;
#12 0x55a4fbc99455 &lt;unknown&gt;
#13 0x55a4fbc81f55 &lt;unknown&gt;
#14 0x55a4fbc9a0ef &lt;unknown&gt;
#15 0x55a4fbc6599f &lt;unknown&gt;
#16 0x55a4fbcbe008 &lt;unknown&gt;
#17 0x55a4fbcbe1d7 &lt;unknown&gt;
#18 0x55a4fbcd0124 &lt;unknown&gt;
#19 0x7f995dfbf609 start_thread
</status>
</test>
<status status="FAIL" starttime="20240105 12:39:11.175" endtime="20240105 12:39:37.134"/>
</suite>
<statistics>
<total>
<stat pass="1" fail="1" skip="0">All Tests</stat>
</total>
<tag>
</tag>
<suite>
<stat pass="1" fail="1" skip="0" id="s1" name="Details2">Details2</stat>
</suite>
</statistics>
<errors>
<msg timestamp="20240105 12:39:11.296" level="ERROR">Error in file '/home/ridham/PycharmProjects/webAutomation/Exercise3/Tests/details2.robot' on line 3: Importing library 'Selenium2library' failed: ModuleNotFoundError: No module named 'Selenium2library'
Traceback (most recent call last):
  None
PYTHONPATH:
  /home/ridham/.local/bin
  /usr/lib/python38.zip
  /usr/lib/python3.8
  /usr/lib/python3.8/lib-dynload
  /home/ridham/.local/lib/python3.8/site-packages
  /usr/local/lib/python3.8/dist-packages
  /usr/lib/python3/dist-packages</msg>
</errors>
</robot>
