<?xml version="1.0" encoding="UTF-8"?>
<robot generator="Robot 6.1.1 (Python 3.8.10 on linux)" generated="20240105 12:22:21.525" rpa="false" schemaversion="4">
<suite id="s1" name="Details2" source="/home/ridham/PycharmProjects/webAutomation/Exercise3/Tests/details2.robot">
<test id="s1-t1" name="Launch Browser" line="41">
<kw name="Open Browser" library="SeleniumLibrary">
<arg>https://demoqa.com/</arg>
<arg>chrome</arg>
<arg>options=add_experimental_option("detach", True)</arg>
<doc>Opens a new browser instance to the optional ``url``.</doc>
<msg timestamp="20240105 12:22:21.651" level="INFO">Opening browser 'chrome' to base url 'https://demoqa.com/'.</msg>
<status status="PASS" starttime="20240105 12:22:21.650" endtime="20240105 12:22:27.539"/>
</kw>
<kw name="Maximize Browser Window" library="SeleniumLibrary">
<doc>Maximizes current browser window.</doc>
<status status="PASS" starttime="20240105 12:22:27.541" endtime="20240105 12:22:27.660"/>
</kw>
<status status="PASS" starttime="20240105 12:22:21.649" endtime="20240105 12:22:27.660"/>
</test>
<test id="s1-t2" name="Open Elements Section" line="45">
<kw name="Execute Javascript" library="SeleniumLibrary">
<arg>document.querySelector('div.card.mt-4.top-card').click()</arg>
<doc>Executes the given JavaScript code with possible arguments.</doc>
<msg timestamp="20240105 12:22:27.662" level="INFO">Executing JavaScript:
document.querySelector('div.card.mt-4.top-card').click()
Without any arguments.</msg>
<status status="PASS" starttime="20240105 12:22:27.661" endtime="20240105 12:22:27.747"/>
</kw>
<kw name="Perform Action for Element Textbox">
<kw name="Execute Javascript" library="SeleniumLibrary">
<arg>document.querySelector('#item-0').click()</arg>
<doc>Executes the given JavaScript code with possible arguments.</doc>
<msg timestamp="20240105 12:22:27.749" level="INFO">Executing JavaScript:
document.querySelector('#item-0').click()
Without any arguments.</msg>
<status status="PASS" starttime="20240105 12:22:27.749" endtime="20240105 12:22:27.778"/>
</kw>
<kw name="Wait Until Page Contains Element" library="SeleniumLibrary">
<arg>userName</arg>
<arg>${TIMEOUT}</arg>
<doc>Waits until the element ``locator`` appears on the current page.</doc>
<status status="PASS" starttime="20240105 12:22:27.779" endtime="20240105 12:22:27.833"/>
</kw>
<kw name="Input Text" library="SeleniumLibrary">
<arg>userName</arg>
<arg>ridham</arg>
<doc>Types the given ``text`` into the text field identified by ``locator``.</doc>
<msg timestamp="20240105 12:22:27.835" level="INFO">Typing text 'ridham' into text field 'userName'.</msg>
<status status="PASS" starttime="20240105 12:22:27.833" endtime="20240105 12:22:27.959"/>
</kw>
<kw name="Input Text" library="SeleniumLibrary">
<arg>userEmail</arg>
<arg>abc123@gmail.com</arg>
<doc>Types the given ``text`` into the text field identified by ``locator``.</doc>
<msg timestamp="20240105 12:22:27.959" level="INFO">Typing text 'abc123@gmail.com' into text field 'userEmail'.</msg>
<status status="PASS" starttime="20240105 12:22:27.959" endtime="20240105 12:22:28.102"/>
</kw>
<kw name="Input Text" library="SeleniumLibrary">
<arg>currentAddress</arg>
<arg>Ahmedabad</arg>
<doc>Types the given ``text`` into the text field identified by ``locator``.</doc>
<msg timestamp="20240105 12:22:28.103" level="INFO">Typing text 'Ahmedabad' into text field 'currentAddress'.</msg>
<status status="PASS" starttime="20240105 12:22:28.102" endtime="20240105 12:22:28.194"/>
</kw>
<kw name="Input Text" library="SeleniumLibrary">
<arg>permanentAddress</arg>
<arg>Bhavnagar</arg>
<doc>Types the given ``text`` into the text field identified by ``locator``.</doc>
<msg timestamp="20240105 12:22:28.195" level="INFO">Typing text 'Bhavnagar' into text field 'permanentAddress'.</msg>
<status status="PASS" starttime="20240105 12:22:28.194" endtime="20240105 12:22:28.603"/>
</kw>
<kw name="Execute Javascript" library="SeleniumLibrary">
<arg>document.querySelector('#submit').click()</arg>
<doc>Executes the given JavaScript code with possible arguments.</doc>
<msg timestamp="20240105 12:22:28.603" level="INFO">Executing JavaScript:
document.querySelector('#submit').click()
Without any arguments.</msg>
<status status="PASS" starttime="20240105 12:22:28.603" endtime="20240105 12:22:28.614"/>
</kw>
<status status="PASS" starttime="20240105 12:22:27.747" endtime="20240105 12:22:28.614"/>
</kw>
<kw name="Sleep" library="BuiltIn">
<arg>5s</arg>
<doc>Pauses the test executed for the given time.</doc>
<msg timestamp="20240105 12:22:33.614" level="INFO">Slept 5 seconds</msg>
<status status="PASS" starttime="20240105 12:22:28.614" endtime="20240105 12:22:33.615"/>
</kw>
<kw name="Perform Action for Element Checkbox">
<kw name="Execute Javascript" library="SeleniumLibrary">
<arg>document.querySelector('#item-1').click()</arg>
<doc>Executes the given JavaScript code with possible arguments.</doc>
<msg timestamp="20240105 12:22:33.618" level="INFO">Executing JavaScript:
document.querySelector('#item-1').click()
Without any arguments.</msg>
<status status="PASS" starttime="20240105 12:22:33.616" endtime="20240105 12:22:33.672"/>
</kw>
<kw name="Click Element" library="SeleniumLibrary">
<arg>Xpath://*[@class="rct-collapse rct-collapse-btn"][1]</arg>
<doc>Click the element identified by ``locator``.</doc>
<msg timestamp="20240105 12:22:33.673" level="INFO">Clicking element 'Xpath://*[@class="rct-collapse rct-collapse-btn"][1]'.</msg>
<status status="PASS" starttime="20240105 12:22:33.672" endtime="20240105 12:22:33.731"/>
</kw>
<status status="PASS" starttime="20240105 12:22:33.615" endtime="20240105 12:22:33.731"/>
</kw>
<kw name="Sleep" library="BuiltIn">
<arg>5s</arg>
<doc>Pauses the test executed for the given time.</doc>
<msg timestamp="20240105 12:22:38.732" level="INFO">Slept 5 seconds</msg>
<status status="PASS" starttime="20240105 12:22:33.731" endtime="20240105 12:22:38.732"/>
</kw>
<kw name="Perform Action for Element RadioButton">
<kw name="Execute Javascript" library="SeleniumLibrary">
<arg>document.querySelector('#item-2').click()</arg>
<doc>Executes the given JavaScript code with possible arguments.</doc>
<msg timestamp="20240105 12:22:38.735" level="INFO">Executing JavaScript:
document.querySelector('#item-2').click()
Without any arguments.</msg>
<status status="PASS" starttime="20240105 12:22:38.734" endtime="20240105 12:22:38.779"/>
</kw>
<kw name="Select Radio Button" library="SeleniumLibrary">
<arg>yesRadio</arg>
<doc>Sets the radio button group ``group_name`` to ``value``.</doc>
<msg timestamp="20240105 12:22:38.779" level="FAIL">Keyword 'SeleniumLibrary.Select Radio Button' expected 2 arguments, got 1.</msg>
<status status="FAIL" starttime="20240105 12:22:38.779" endtime="20240105 12:22:38.780"/>
</kw>
<status status="FAIL" starttime="20240105 12:22:38.733" endtime="20240105 12:22:38.780"/>
</kw>
<kw name="Sleep" library="BuiltIn">
<arg>5s</arg>
<doc>Pauses the test executed for the given time.</doc>
<status status="NOT RUN" starttime="20240105 12:22:38.780" endtime="20240105 12:22:38.780"/>
</kw>
<kw name="Sleep" library="BuiltIn">
<arg>3s</arg>
<doc>Pauses the test executed for the given time.</doc>
<status status="NOT RUN" starttime="20240105 12:22:38.780" endtime="20240105 12:22:38.781"/>
</kw>
<status status="FAIL" starttime="20240105 12:22:27.661" endtime="20240105 12:22:38.781">Keyword 'SeleniumLibrary.Select Radio Button' expected 2 arguments, got 1.</status>
</test>
<status status="FAIL" starttime="20240105 12:22:21.526" endtime="20240105 12:22:38.783"/>
</suite>
<statistics>
<total>
<stat pass="1" fail="1" skip="0">All Tests</stat>
</total>
<tag>
</tag>
<suite>
<stat pass="1" fail="1" skip="0" id="s1" name="Details2">Details2</stat>
</suite>
</statistics>
<errors>
<msg timestamp="20240105 12:22:21.647" level="ERROR">Error in file '/home/ridham/PycharmProjects/webAutomation/Exercise3/Tests/details2.robot' on line 3: Importing library 'Selenium2library' failed: ModuleNotFoundError: No module named 'Selenium2library'
Traceback (most recent call last):
  None
PYTHONPATH:
  /home/ridham/.local/bin
  /usr/lib/python38.zip
  /usr/lib/python3.8
  /usr/lib/python3.8/lib-dynload
  /home/ridham/.local/lib/python3.8/site-packages
  /usr/local/lib/python3.8/dist-packages
  /usr/lib/python3/dist-packages</msg>
</errors>
</robot>
