<?xml version="1.0" encoding="UTF-8"?>
<robot generator="Robot 6.1.1 (Python 3.8.10 on linux)" generated="20240105 15:19:42.690" rpa="false" schemaversion="4">
<suite id="s1" name="Details2" source="/home/ridham/PycharmProjects/webAutomation/Exercise3/Tests/details2.robot">
<test id="s1-t1" name="Launch Browser" line="52">
<kw name="Open Browser" library="SeleniumLibrary">
<arg>https://demoqa.com/</arg>
<arg>chrome</arg>
<arg>options=add_experimental_option("detach", True)</arg>
<doc>Opens a new browser instance to the optional ``url``.</doc>
<msg timestamp="20240105 15:19:42.816" level="INFO">Opening browser 'chrome' to base url 'https://demoqa.com/'.</msg>
<status status="PASS" starttime="20240105 15:19:42.815" endtime="20240105 15:19:53.043"/>
</kw>
<kw name="Maximize Browser Window" library="SeleniumLibrary">
<doc>Maximizes current browser window.</doc>
<status status="PASS" starttime="20240105 15:19:53.044" endtime="20240105 15:19:53.147"/>
</kw>
<status status="PASS" starttime="20240105 15:19:42.815" endtime="20240105 15:19:53.147"/>
</test>
<test id="s1-t2" name="Open Elements Section" line="56">
<kw name="Execute Javascript" library="SeleniumLibrary">
<arg>document.querySelector('div.card.mt-4.top-card').click()</arg>
<doc>Executes the given JavaScript code with possible arguments.</doc>
<msg timestamp="20240105 15:19:53.149" level="INFO">Executing JavaScript:
document.querySelector('div.card.mt-4.top-card').click()
Without any arguments.</msg>
<status status="PASS" starttime="20240105 15:19:53.148" endtime="20240105 15:19:53.300"/>
</kw>
<kw name="Perform Action for Element Textbox">
<kw name="Execute Javascript" library="SeleniumLibrary">
<arg>document.querySelector('#item-0').click()</arg>
<doc>Executes the given JavaScript code with possible arguments.</doc>
<msg timestamp="20240105 15:19:53.307" level="INFO">Executing JavaScript:
document.querySelector('#item-0').click()
Without any arguments.</msg>
<status status="PASS" starttime="20240105 15:19:53.304" endtime="20240105 15:19:53.403"/>
</kw>
<kw name="Wait Until Page Contains Element" library="SeleniumLibrary">
<arg>userName</arg>
<arg>${TIMEOUT}</arg>
<doc>Waits until the element ``locator`` appears on the current page.</doc>
<status status="PASS" starttime="20240105 15:19:53.404" endtime="20240105 15:19:53.425"/>
</kw>
<kw name="Input Text" library="SeleniumLibrary">
<arg>userName</arg>
<arg>ridham</arg>
<doc>Types the given ``text`` into the text field identified by ``locator``.</doc>
<msg timestamp="20240105 15:19:53.427" level="INFO">Typing text 'ridham' into text field 'userName'.</msg>
<status status="PASS" starttime="20240105 15:19:53.426" endtime="20240105 15:19:53.547"/>
</kw>
<kw name="Input Text" library="SeleniumLibrary">
<arg>userEmail</arg>
<arg>abc123@gmail.com</arg>
<doc>Types the given ``text`` into the text field identified by ``locator``.</doc>
<msg timestamp="20240105 15:19:53.548" level="INFO">Typing text 'abc123@gmail.com' into text field 'userEmail'.</msg>
<status status="PASS" starttime="20240105 15:19:53.548" endtime="20240105 15:19:53.907"/>
</kw>
<kw name="Input Text" library="SeleniumLibrary">
<arg>currentAddress</arg>
<arg>Ahmedabad</arg>
<doc>Types the given ``text`` into the text field identified by ``locator``.</doc>
<msg timestamp="20240105 15:19:53.908" level="INFO">Typing text 'Ahmedabad' into text field 'currentAddress'.</msg>
<status status="PASS" starttime="20240105 15:19:53.907" endtime="20240105 15:19:54.301"/>
</kw>
<kw name="Input Text" library="SeleniumLibrary">
<arg>permanentAddress</arg>
<arg>Bhavnagar</arg>
<doc>Types the given ``text`` into the text field identified by ``locator``.</doc>
<msg timestamp="20240105 15:19:54.302" level="INFO">Typing text 'Bhavnagar' into text field 'permanentAddress'.</msg>
<status status="PASS" starttime="20240105 15:19:54.301" endtime="20240105 15:19:54.516"/>
</kw>
<kw name="Execute Javascript" library="SeleniumLibrary">
<arg>document.querySelector('#submit').click()</arg>
<doc>Executes the given JavaScript code with possible arguments.</doc>
<msg timestamp="20240105 15:19:54.517" level="INFO">Executing JavaScript:
document.querySelector('#submit').click()
Without any arguments.</msg>
<status status="PASS" starttime="20240105 15:19:54.516" endtime="20240105 15:19:54.524"/>
</kw>
<status status="PASS" starttime="20240105 15:19:53.301" endtime="20240105 15:19:54.525"/>
</kw>
<kw name="Sleep" library="BuiltIn">
<arg>5s</arg>
<doc>Pauses the test executed for the given time.</doc>
<msg timestamp="20240105 15:19:59.526" level="INFO">Slept 5 seconds</msg>
<status status="PASS" starttime="20240105 15:19:54.525" endtime="20240105 15:19:59.526"/>
</kw>
<kw name="Perform Action for Element Checkbox">
<kw name="Execute Javascript" library="SeleniumLibrary">
<arg>document.querySelector('#item-1').click()</arg>
<doc>Executes the given JavaScript code with possible arguments.</doc>
<msg timestamp="20240105 15:19:59.530" level="INFO">Executing JavaScript:
document.querySelector('#item-1').click()
Without any arguments.</msg>
<status status="PASS" starttime="20240105 15:19:59.528" endtime="20240105 15:19:59.628"/>
</kw>
<kw name="Click Button" library="SeleniumLibrary">
<arg>Xpath://*[@class="rct-collapse rct-collapse-btn"][1]</arg>
<doc>Clicks the button identified by ``locator``.</doc>
<msg timestamp="20240105 15:19:59.632" level="INFO">Clicking button 'Xpath://*[@class="rct-collapse rct-collapse-btn"][1]'.</msg>
<status status="PASS" starttime="20240105 15:19:59.629" endtime="20240105 15:19:59.805"/>
</kw>
<kw name="Sleep" library="BuiltIn">
<arg>3s</arg>
<doc>Pauses the test executed for the given time.</doc>
<msg timestamp="20240105 15:20:02.806" level="INFO">Slept 3 seconds</msg>
<status status="PASS" starttime="20240105 15:19:59.805" endtime="20240105 15:20:02.806"/>
</kw>
<kw name="Execute Javascript" library="SeleniumLibrary">
<arg>document.getElementById('tree-node-documents').click();</arg>
<doc>Executes the given JavaScript code with possible arguments.</doc>
<msg timestamp="20240105 15:20:02.809" level="INFO">Executing JavaScript:
document.getElementById('tree-node-documents').click();
Without any arguments.</msg>
<status status="PASS" starttime="20240105 15:20:02.807" endtime="20240105 15:20:02.847"/>
</kw>
<kw name="Execute Javascript" library="SeleniumLibrary">
<arg>document.querySelectorAll(.rct-collapse rct-collapse-btn)[3].click();</arg>
<doc>Executes the given JavaScript code with possible arguments.</doc>
<msg timestamp="20240105 15:20:02.849" level="INFO">Executing JavaScript:
document.querySelectorAll(.rct-collapse rct-collapse-btn)[3].click();
Without any arguments.</msg>
<msg timestamp="20240105 15:20:03.096" level="INFO" html="true">&lt;/td&gt;&lt;/tr&gt;&lt;tr&gt;&lt;td colspan="3"&gt;&lt;a href="selenium-screenshot-50.png"&gt;&lt;img src="selenium-screenshot-50.png" width="800px"&gt;&lt;/a&gt;</msg>
<msg timestamp="20240105 15:20:03.096" level="FAIL">JavascriptException: Message: javascript error: Unexpected token '.'
  (Session info: chrome=120.0.6099.129)
Stacktrace:
#0 0x561931ab8f83 &lt;unknown&gt;
#1 0x561931771cf7 &lt;unknown&gt;
#2 0x5619317782a3 &lt;unknown&gt;
#3 0x56193177abb4 &lt;unknown&gt;
#4 0x56193180aba3 &lt;unknown&gt;
#5 0x5619317eb0b2 &lt;unknown&gt;
#6 0x56193180a006 &lt;unknown&gt;
#7 0x5619317eae53 &lt;unknown&gt;
#8 0x5619317b2dd4 &lt;unknown&gt;
#9 0x5619317b41de &lt;unknown&gt;
#10 0x561931a7d531 &lt;unknown&gt;
#11 0x561931a81455 &lt;unknown&gt;
#12 0x561931a69f55 &lt;unknown&gt;
#13 0x561931a820ef &lt;unknown&gt;
#14 0x561931a4d99f &lt;unknown&gt;
#15 0x561931aa6008 &lt;unknown&gt;
#16 0x561931aa61d7 &lt;unknown&gt;
#17 0x561931ab8124 &lt;unknown&gt;
#18 0x7f3be2149609 start_thread
</msg>
<status status="FAIL" starttime="20240105 15:20:02.847" endtime="20240105 15:20:03.097"/>
</kw>
<status status="FAIL" starttime="20240105 15:19:59.527" endtime="20240105 15:20:03.097"/>
</kw>
<kw name="Sleep" library="BuiltIn">
<arg>5s</arg>
<doc>Pauses the test executed for the given time.</doc>
<status status="NOT RUN" starttime="20240105 15:20:03.097" endtime="20240105 15:20:03.098"/>
</kw>
<kw name="Perform Action for Element RadioButton">
<status status="NOT RUN" starttime="20240105 15:20:03.098" endtime="20240105 15:20:03.098"/>
</kw>
<kw name="Sleep" library="BuiltIn">
<arg>5s</arg>
<doc>Pauses the test executed for the given time.</doc>
<status status="NOT RUN" starttime="20240105 15:20:03.098" endtime="20240105 15:20:03.098"/>
</kw>
<kw name="Perform Action for Element WebTable">
<status status="NOT RUN" starttime="20240105 15:20:03.098" endtime="20240105 15:20:03.098"/>
</kw>
<kw name="Sleep" library="BuiltIn">
<arg>5s</arg>
<doc>Pauses the test executed for the given time.</doc>
<status status="NOT RUN" starttime="20240105 15:20:03.098" endtime="20240105 15:20:03.098"/>
</kw>
<kw name="Sleep" library="BuiltIn">
<arg>3s</arg>
<doc>Pauses the test executed for the given time.</doc>
<status status="NOT RUN" starttime="20240105 15:20:03.099" endtime="20240105 15:20:03.099"/>
</kw>
<status status="FAIL" starttime="20240105 15:19:53.148" endtime="20240105 15:20:03.099">JavascriptException: Message: javascript error: Unexpected token '.'
  (Session info: chrome=120.0.6099.129)
Stacktrace:
#0 0x561931ab8f83 &lt;unknown&gt;
#1 0x561931771cf7 &lt;unknown&gt;
#2 0x5619317782a3 &lt;unknown&gt;
#3 0x56193177abb4 &lt;unknown&gt;
#4 0x56193180aba3 &lt;unknown&gt;
#5 0x5619317eb0b2 &lt;unknown&gt;
#6 0x56193180a006 &lt;unknown&gt;
#7 0x5619317eae53 &lt;unknown&gt;
#8 0x5619317b2dd4 &lt;unknown&gt;
#9 0x5619317b41de &lt;unknown&gt;
#10 0x561931a7d531 &lt;unknown&gt;
#11 0x561931a81455 &lt;unknown&gt;
#12 0x561931a69f55 &lt;unknown&gt;
#13 0x561931a820ef &lt;unknown&gt;
#14 0x561931a4d99f &lt;unknown&gt;
#15 0x561931aa6008 &lt;unknown&gt;
#16 0x561931aa61d7 &lt;unknown&gt;
#17 0x561931ab8124 &lt;unknown&gt;
#18 0x7f3be2149609 start_thread
</status>
</test>
<status status="FAIL" starttime="20240105 15:19:42.691" endtime="20240105 15:20:03.100"/>
</suite>
<statistics>
<total>
<stat pass="1" fail="1" skip="0">All Tests</stat>
</total>
<tag>
</tag>
<suite>
<stat pass="1" fail="1" skip="0" id="s1" name="Details2">Details2</stat>
</suite>
</statistics>
<errors>
</errors>
</robot>
