<?xml version="1.0" encoding="UTF-8"?>
<robot generator="Robot 6.1.1 (Python 3.8.10 on linux)" generated="20240112 11:54:02.307" rpa="false" schemaversion="4">
<suite id="s1" name="Alerts" source="/home/ridham/PycharmProjects/webAutomation/Exercise3/Tests/Alerts.robot">
<test id="s1-t1" name="Launch Browser" line="57">
<kw name="Open Browser" library="SeleniumLibrary">
<arg>https://demoqa.com/</arg>
<arg>chrome</arg>
<arg>options=add_experimental_option("detach", True)</arg>
<doc>Opens a new browser instance to the optional ``url``.</doc>
<msg timestamp="20240112 11:54:02.436" level="INFO">Opening browser 'chrome' to base url 'https://demoqa.com/'.</msg>
<msg timestamp="20240112 11:54:07.510" level="WARN">There was an error managing chrome (error sending request for url (https://googlechromelabs.github.io/chrome-for-testing/known-good-versions-with-downloads.json): error trying to connect: dns error: failed to lookup address information: Try again); using driver found in the cache</msg>
<status status="PASS" starttime="20240112 11:54:02.436" endtime="20240112 11:57:33.924"/>
</kw>
<kw name="Maximize Browser Window" library="SeleniumLibrary">
<doc>Maximizes current browser window.</doc>
<status status="PASS" starttime="20240112 11:57:33.925" endtime="20240112 11:57:34.038"/>
</kw>
<status status="PASS" starttime="20240112 11:54:02.435" endtime="20240112 11:57:34.038"/>
</test>
<test id="s1-t2" name="Open Alerts,Frames Section" line="61">
<kw name="Execute Javascript" library="SeleniumLibrary">
<arg>document.querySelectorAll('div.card.mt-4.top-card')[2].click();</arg>
<doc>Executes the given JavaScript code with possible arguments.</doc>
<msg timestamp="20240112 11:57:34.040" level="INFO">Executing JavaScript:
document.querySelectorAll('div.card.mt-4.top-card')[2].click();
Without any arguments.</msg>
<status status="PASS" starttime="20240112 11:57:34.040" endtime="20240112 11:57:34.136"/>
</kw>
<kw name="Sleep" library="BuiltIn">
<arg>3s</arg>
<doc>Pauses the test executed for the given time.</doc>
<msg timestamp="20240112 11:57:37.137" level="INFO">Slept 3 seconds</msg>
<status status="PASS" starttime="20240112 11:57:34.136" endtime="20240112 11:57:37.137"/>
</kw>
<kw name="Sleep" library="BuiltIn">
<arg>3s</arg>
<doc>Pauses the test executed for the given time.</doc>
<msg timestamp="20240112 11:57:40.139" level="INFO">Slept 3 seconds</msg>
<status status="PASS" starttime="20240112 11:57:37.138" endtime="20240112 11:57:40.140"/>
</kw>
<kw name="Perform Action for Alerts">
<kw name="Execute Javascript" library="SeleniumLibrary">
<arg>document.querySelectorAll('#item-1')[1].click();</arg>
<doc>Executes the given JavaScript code with possible arguments.</doc>
<msg timestamp="20240112 11:57:40.144" level="INFO">Executing JavaScript:
document.querySelectorAll('#item-1')[1].click();
Without any arguments.</msg>
<status status="PASS" starttime="20240112 11:57:40.142" endtime="20240112 11:57:40.194"/>
</kw>
<kw name="Click Button" library="SeleniumLibrary">
<arg>${ALERT}</arg>
<doc>Clicks the button identified by ``locator``.</doc>
<msg timestamp="20240112 11:57:40.197" level="INFO">Clicking button 'Xpath://*[@id="alertButton"]'.</msg>
<status status="PASS" starttime="20240112 11:57:40.195" endtime="20240112 11:57:40.291"/>
</kw>
<kw name="Sleep" library="BuiltIn">
<arg>3s</arg>
<doc>Pauses the test executed for the given time.</doc>
<msg timestamp="20240112 11:57:43.292" level="INFO">Slept 3 seconds</msg>
<status status="PASS" starttime="20240112 11:57:40.291" endtime="20240112 11:57:43.292"/>
</kw>
<kw name="Alert Should Be Present" library="SeleniumLibrary">
<arg>You clicked a button</arg>
<arg>ACCEPT</arg>
<doc>Verifies that an alert is present and by default, accepts it.</doc>
<msg timestamp="20240112 11:57:43.294" level="INFO">HANDLE::&lt;class 'NoneType'&gt;::None</msg>
<status status="PASS" starttime="20240112 11:57:43.293" endtime="20240112 11:57:43.337"/>
</kw>
<kw name="Click Button" library="SeleniumLibrary">
<arg>${TIMERALERT}</arg>
<doc>Clicks the button identified by ``locator``.</doc>
<msg timestamp="20240112 11:57:43.340" level="INFO">Clicking button 'Xpath://*[@id="timerAlertButton"]'.</msg>
<status status="PASS" starttime="20240112 11:57:43.338" endtime="20240112 11:57:43.424"/>
</kw>
<kw name="Sleep" library="BuiltIn">
<arg>3s</arg>
<doc>Pauses the test executed for the given time.</doc>
<msg timestamp="20240112 11:57:46.425" level="INFO">Slept 3 seconds</msg>
<status status="PASS" starttime="20240112 11:57:43.424" endtime="20240112 11:57:46.425"/>
</kw>
<kw name="Alert Should Be Present" library="SeleniumLibrary">
<arg>This alert appeared after 5 seconds</arg>
<arg>ACCEPT</arg>
<arg>6s</arg>
<doc>Verifies that an alert is present and by default, accepts it.</doc>
<msg timestamp="20240112 11:57:46.427" level="INFO">HANDLE::&lt;class 'datetime.timedelta'&gt;::0:00:06</msg>
<status status="PASS" starttime="20240112 11:57:46.426" endtime="20240112 11:57:48.501"/>
</kw>
<kw name="Click Button" library="SeleniumLibrary">
<arg>${CONFIRMBUTTON}</arg>
<doc>Clicks the button identified by ``locator``.</doc>
<msg timestamp="20240112 11:57:48.502" level="INFO">Clicking button 'Xpath://*[@id="confirmButton"]'.</msg>
<status status="PASS" starttime="20240112 11:57:48.501" endtime="20240112 11:57:48.573"/>
</kw>
<kw name="Sleep" library="BuiltIn">
<arg>3s</arg>
<doc>Pauses the test executed for the given time.</doc>
<msg timestamp="20240112 11:57:51.574" level="INFO">Slept 3 seconds</msg>
<status status="PASS" starttime="20240112 11:57:48.573" endtime="20240112 11:57:51.574"/>
</kw>
<kw name="Alert Should Be Present" library="SeleniumLibrary">
<arg>Do you confirm action?</arg>
<arg>DISMISS</arg>
<doc>Verifies that an alert is present and by default, accepts it.</doc>
<msg timestamp="20240112 11:57:51.575" level="INFO">HANDLE::&lt;class 'NoneType'&gt;::None</msg>
<status status="PASS" starttime="20240112 11:57:51.575" endtime="20240112 11:57:51.615"/>
</kw>
<kw name="Get Text" library="SeleniumLibrary">
<var>${confirmresult}</var>
<arg>confirmResult</arg>
<doc>Returns the text value of the element identified by ``locator``.</doc>
<msg timestamp="20240112 11:57:51.654" level="INFO">${confirmresult} = You selected Cancel</msg>
<status status="PASS" starttime="20240112 11:57:51.615" endtime="20240112 11:57:51.654"/>
</kw>
<kw name="Log" library="BuiltIn">
<arg>${confirmresult}</arg>
<doc>Logs the given message with the given level.</doc>
<msg timestamp="20240112 11:57:51.654" level="INFO">You selected Cancel</msg>
<status status="PASS" starttime="20240112 11:57:51.654" endtime="20240112 11:57:51.654"/>
</kw>
<kw name="Wait Until Element Is Enabled" library="SeleniumLibrary">
<arg>10s</arg>
<doc>Waits until the element ``locator`` is enabled.</doc>
<msg timestamp="20240112 11:57:56.955" level="INFO" html="true">&lt;/td&gt;&lt;/tr&gt;&lt;tr&gt;&lt;td colspan="3"&gt;&lt;a href="selenium-screenshot-11.png"&gt;&lt;img src="selenium-screenshot-11.png" width="800px"&gt;&lt;/a&gt;</msg>
<msg timestamp="20240112 11:57:56.955" level="FAIL">Element with locator '10s' not found.</msg>
<status status="FAIL" starttime="20240112 11:57:51.654" endtime="20240112 11:57:56.956"/>
</kw>
<kw name="Click Button" library="SeleniumLibrary">
<arg>${PROMPTBUTTON}</arg>
<doc>Clicks the button identified by ``locator``.</doc>
<status status="NOT RUN" starttime="20240112 11:57:56.956" endtime="20240112 11:57:56.956"/>
</kw>
<kw name="Sleep" library="BuiltIn">
<arg>3s</arg>
<doc>Pauses the test executed for the given time.</doc>
<status status="NOT RUN" starttime="20240112 11:57:56.956" endtime="20240112 11:57:56.956"/>
</kw>
<kw name="Input Text Into Alert" library="SeleniumLibrary">
<arg>Ridham</arg>
<arg>ACCEPT</arg>
<arg>5s</arg>
<doc>Types the given ``text`` into an input field in an alert.</doc>
<status status="NOT RUN" starttime="20240112 11:57:56.956" endtime="20240112 11:57:56.956"/>
</kw>
<kw name="Get Text" library="SeleniumLibrary">
<var>${promtresult}</var>
<arg>promptResult</arg>
<doc>Returns the text value of the element identified by ``locator``.</doc>
<status status="NOT RUN" starttime="20240112 11:57:56.956" endtime="20240112 11:57:56.956"/>
</kw>
<kw name="Log" library="BuiltIn">
<arg>${promtresult}</arg>
<doc>Logs the given message with the given level.</doc>
<status status="NOT RUN" starttime="20240112 11:57:56.956" endtime="20240112 11:57:56.957"/>
</kw>
<status status="FAIL" starttime="20240112 11:57:40.141" endtime="20240112 11:57:56.957"/>
</kw>
<status status="FAIL" starttime="20240112 11:57:34.039" endtime="20240112 11:57:56.957">Element with locator '10s' not found.</status>
</test>
<status status="FAIL" starttime="20240112 11:54:02.307" endtime="20240112 11:57:56.958"/>
</suite>
<statistics>
<total>
<stat pass="1" fail="1" skip="0">All Tests</stat>
</total>
<tag>
</tag>
<suite>
<stat pass="1" fail="1" skip="0" id="s1" name="Alerts">Alerts</stat>
</suite>
</statistics>
<errors>
<msg timestamp="20240112 11:54:07.510" level="WARN">There was an error managing chrome (error sending request for url (https://googlechromelabs.github.io/chrome-for-testing/known-good-versions-with-downloads.json): error trying to connect: dns error: failed to lookup address information: Try again); using driver found in the cache</msg>
</errors>
</robot>
