<?xml version="1.0" encoding="UTF-8"?>
<robot generator="Robot 6.1.1 (Python 3.8.10 on linux)" generated="20240112 11:24:19.229" rpa="false" schemaversion="4">
<suite id="s1" name="Alerts" source="/home/ridham/PycharmProjects/webAutomation/Exercise3/Tests/Alerts.robot">
<test id="s1-t1" name="Launch Browser" line="52">
<kw name="Open Browser" library="SeleniumLibrary">
<arg>https://demoqa.com/</arg>
<arg>chrome</arg>
<arg>options=add_experimental_option("detach", True)</arg>
<doc>Opens a new browser instance to the optional ``url``.</doc>
<msg timestamp="20240112 11:24:19.353" level="INFO">Opening browser 'chrome' to base url 'https://demoqa.com/'.</msg>
<status status="PASS" starttime="20240112 11:24:19.352" endtime="20240112 11:24:25.490"/>
</kw>
<kw name="Maximize Browser Window" library="SeleniumLibrary">
<doc>Maximizes current browser window.</doc>
<status status="PASS" starttime="20240112 11:24:25.491" endtime="20240112 11:24:25.602"/>
</kw>
<status status="PASS" starttime="20240112 11:24:19.351" endtime="20240112 11:24:25.602"/>
</test>
<test id="s1-t2" name="Open Alerts,Frames Section" line="56">
<kw name="Execute Javascript" library="SeleniumLibrary">
<arg>document.querySelectorAll('div.card.mt-4.top-card')[2].click();</arg>
<doc>Executes the given JavaScript code with possible arguments.</doc>
<msg timestamp="20240112 11:24:25.605" level="INFO">Executing JavaScript:
document.querySelectorAll('div.card.mt-4.top-card')[2].click();
Without any arguments.</msg>
<status status="PASS" starttime="20240112 11:24:25.604" endtime="20240112 11:24:25.696"/>
</kw>
<kw name="Sleep" library="BuiltIn">
<arg>3s</arg>
<doc>Pauses the test executed for the given time.</doc>
<msg timestamp="20240112 11:24:28.697" level="INFO">Slept 3 seconds</msg>
<status status="PASS" starttime="20240112 11:24:25.696" endtime="20240112 11:24:28.697"/>
</kw>
<kw name="Sleep" library="BuiltIn">
<arg>3s</arg>
<doc>Pauses the test executed for the given time.</doc>
<msg timestamp="20240112 11:24:31.699" level="INFO">Slept 3 seconds</msg>
<status status="PASS" starttime="20240112 11:24:28.698" endtime="20240112 11:24:31.700"/>
</kw>
<kw name="Perform Action for Alerts">
<kw name="Execute Javascript" library="SeleniumLibrary">
<arg>document.querySelectorAll('#item-1')[1].click();</arg>
<doc>Executes the given JavaScript code with possible arguments.</doc>
<msg timestamp="20240112 11:24:31.703" level="INFO">Executing JavaScript:
document.querySelectorAll('#item-1')[1].click();
Without any arguments.</msg>
<msg timestamp="20240112 11:24:31.727" level="WARN">Keyword 'Capture Page Screenshot' could not be run on failure: Message: no such window: target window already closed
from unknown error: web view not found
  (Session info: chrome=120.0.6099.129)
Stacktrace:
#0 0x56116e6c3f83 &lt;unknown&gt;
#1 0x56116e37ccf7 &lt;unknown&gt;
#2 0x56116e350728 &lt;unknown&gt;
#3 0x56116e3fd69f &lt;unknown&gt;
#4 0x56116e414719 &lt;unknown&gt;
#5 0x56116e3f5e53 &lt;unknown&gt;
#6 0x56116e3bddd4 &lt;unknown&gt;
#7 0x56116e3bf1de &lt;unknown&gt;
#8 0x56116e688531 &lt;unknown&gt;
#9 0x56116e68c455 &lt;unknown&gt;
#10 0x56116e674f55 &lt;unknown&gt;
#11 0x56116e68d0ef &lt;unknown&gt;
#12 0x56116e65899f &lt;unknown&gt;
#13 0x56116e6b1008 &lt;unknown&gt;
#14 0x56116e6b11d7 &lt;unknown&gt;
#15 0x56116e6c3124 &lt;unknown&gt;
#16 0x7ff85832f609 start_thread
</msg>
<msg timestamp="20240112 11:24:31.728" level="FAIL">NoSuchWindowException: Message: no such window: target window already closed
from unknown error: web view not found
  (Session info: chrome=120.0.6099.129)
Stacktrace:
#0 0x56116e6c3f83 &lt;unknown&gt;
#1 0x56116e37ccf7 &lt;unknown&gt;
#2 0x56116e350728 &lt;unknown&gt;
#3 0x56116e3fd69f &lt;unknown&gt;
#4 0x56116e414719 &lt;unknown&gt;
#5 0x56116e3f5e53 &lt;unknown&gt;
#6 0x56116e3bddd4 &lt;unknown&gt;
#7 0x56116e3bf1de &lt;unknown&gt;
#8 0x56116e688531 &lt;unknown&gt;
#9 0x56116e68c455 &lt;unknown&gt;
#10 0x56116e674f55 &lt;unknown&gt;
#11 0x56116e68d0ef &lt;unknown&gt;
#12 0x56116e65899f &lt;unknown&gt;
#13 0x56116e6b1008 &lt;unknown&gt;
#14 0x56116e6b11d7 &lt;unknown&gt;
#15 0x56116e6c3124 &lt;unknown&gt;
#16 0x7ff85832f609 start_thread
</msg>
<status status="FAIL" starttime="20240112 11:24:31.702" endtime="20240112 11:24:31.755"/>
</kw>
<kw name="Click Button" library="SeleniumLibrary">
<arg>${ALERT}</arg>
<doc>Clicks the button identified by ``locator``.</doc>
<status status="NOT RUN" starttime="20240112 11:24:31.756" endtime="20240112 11:24:31.756"/>
</kw>
<kw name="Alert Should Be Present" library="SeleniumLibrary">
<arg>You clicked a button</arg>
<arg>ACCEPT</arg>
<doc>Verifies that an alert is present and by default, accepts it.</doc>
<status status="NOT RUN" starttime="20240112 11:24:31.756" endtime="20240112 11:24:31.756"/>
</kw>
<kw name="Click Button" library="SeleniumLibrary">
<arg>${TIMERALERT}</arg>
<doc>Clicks the button identified by ``locator``.</doc>
<status status="NOT RUN" starttime="20240112 11:24:31.756" endtime="20240112 11:24:31.757"/>
</kw>
<kw name="Alert Should Be Present" library="SeleniumLibrary">
<arg>This alert appeared after 5 seconds</arg>
<arg>ACCEPT</arg>
<arg>6s</arg>
<doc>Verifies that an alert is present and by default, accepts it.</doc>
<status status="NOT RUN" starttime="20240112 11:24:31.757" endtime="20240112 11:24:31.757"/>
</kw>
<kw name="Click Button" library="SeleniumLibrary">
<arg>${CONFIRMBUTTON}</arg>
<doc>Clicks the button identified by ``locator``.</doc>
<status status="NOT RUN" starttime="20240112 11:24:31.757" endtime="20240112 11:24:31.757"/>
</kw>
<kw name="Alert Should Be Present" library="SeleniumLibrary">
<arg>Do you confirm action?</arg>
<arg>DISMISS</arg>
<doc>Verifies that an alert is present and by default, accepts it.</doc>
<status status="NOT RUN" starttime="20240112 11:24:31.757" endtime="20240112 11:24:31.757"/>
</kw>
<kw name="Get Text" library="SeleniumLibrary">
<var>${confirmresult}</var>
<arg>confirmResult</arg>
<doc>Returns the text value of the element identified by ``locator``.</doc>
<status status="NOT RUN" starttime="20240112 11:24:31.758" endtime="20240112 11:24:31.758"/>
</kw>
<kw name="Log" library="BuiltIn">
<arg>${confirmresult}</arg>
<doc>Logs the given message with the given level.</doc>
<status status="NOT RUN" starttime="20240112 11:24:31.758" endtime="20240112 11:24:31.758"/>
</kw>
<kw name="Click Button" library="SeleniumLibrary">
<arg>${PROMPTBUTTON}}</arg>
<doc>Clicks the button identified by ``locator``.</doc>
<status status="NOT RUN" starttime="20240112 11:24:31.758" endtime="20240112 11:24:31.758"/>
</kw>
<kw name="Input Text Into Alert" library="SeleniumLibrary">
<arg>Ridham</arg>
<arg>ACCEPT</arg>
<doc>Types the given ``text`` into an input field in an alert.</doc>
<status status="NOT RUN" starttime="20240112 11:24:31.758" endtime="20240112 11:24:31.759"/>
</kw>
<kw name="Get Text" library="SeleniumLibrary">
<var>${promtresult}</var>
<arg>promptResult</arg>
<doc>Returns the text value of the element identified by ``locator``.</doc>
<status status="NOT RUN" starttime="20240112 11:24:31.759" endtime="20240112 11:24:31.759"/>
</kw>
<kw name="Log" library="BuiltIn">
<arg>${promtresult}</arg>
<doc>Logs the given message with the given level.</doc>
<status status="NOT RUN" starttime="20240112 11:24:31.759" endtime="20240112 11:24:31.759"/>
</kw>
<status status="FAIL" starttime="20240112 11:24:31.701" endtime="20240112 11:24:31.760"/>
</kw>
<status status="FAIL" starttime="20240112 11:24:25.603" endtime="20240112 11:24:31.760">NoSuchWindowException: Message: no such window: target window already closed
from unknown error: web view not found
  (Session info: chrome=120.0.6099.129)
Stacktrace:
#0 0x56116e6c3f83 &lt;unknown&gt;
#1 0x56116e37ccf7 &lt;unknown&gt;
#2 0x56116e350728 &lt;unknown&gt;
#3 0x56116e3fd69f &lt;unknown&gt;
#4 0x56116e414719 &lt;unknown&gt;
#5 0x56116e3f5e53 &lt;unknown&gt;
#6 0x56116e3bddd4 &lt;unknown&gt;
#7 0x56116e3bf1de &lt;unknown&gt;
#8 0x56116e688531 &lt;unknown&gt;
#9 0x56116e68c455 &lt;unknown&gt;
#10 0x56116e674f55 &lt;unknown&gt;
#11 0x56116e68d0ef &lt;unknown&gt;
#12 0x56116e65899f &lt;unknown&gt;
#13 0x56116e6b1008 &lt;unknown&gt;
#14 0x56116e6b11d7 &lt;unknown&gt;
#15 0x56116e6c3124 &lt;unknown&gt;
#16 0x7ff85832f609 start_thread
</status>
</test>
<status status="FAIL" starttime="20240112 11:24:19.230" endtime="20240112 11:24:31.762"/>
</suite>
<statistics>
<total>
<stat pass="1" fail="1" skip="0">All Tests</stat>
</total>
<tag>
</tag>
<suite>
<stat pass="1" fail="1" skip="0" id="s1" name="Alerts">Alerts</stat>
</suite>
</statistics>
<errors>
<msg timestamp="20240112 11:24:31.727" level="WARN">Keyword 'Capture Page Screenshot' could not be run on failure: Message: no such window: target window already closed
from unknown error: web view not found
  (Session info: chrome=120.0.6099.129)
Stacktrace:
#0 0x56116e6c3f83 &lt;unknown&gt;
#1 0x56116e37ccf7 &lt;unknown&gt;
#2 0x56116e350728 &lt;unknown&gt;
#3 0x56116e3fd69f &lt;unknown&gt;
#4 0x56116e414719 &lt;unknown&gt;
#5 0x56116e3f5e53 &lt;unknown&gt;
#6 0x56116e3bddd4 &lt;unknown&gt;
#7 0x56116e3bf1de &lt;unknown&gt;
#8 0x56116e688531 &lt;unknown&gt;
#9 0x56116e68c455 &lt;unknown&gt;
#10 0x56116e674f55 &lt;unknown&gt;
#11 0x56116e68d0ef &lt;unknown&gt;
#12 0x56116e65899f &lt;unknown&gt;
#13 0x56116e6b1008 &lt;unknown&gt;
#14 0x56116e6b11d7 &lt;unknown&gt;
#15 0x56116e6c3124 &lt;unknown&gt;
#16 0x7ff85832f609 start_thread
</msg>
</errors>
</robot>
