<?xml version="1.0" encoding="UTF-8"?>
<robot generator="Robot 6.1.1 (Python 3.8.10 on linux)" generated="20240111 18:28:37.362" rpa="false" schemaversion="4">
<suite id="s1" name="Alerts" source="/home/ridham/PycharmProjects/webAutomation/Exercise3/Tests/Alerts.robot">
<test id="s1-t1" name="Launch Browser" line="15">
<kw name="Open Browser" library="SeleniumLibrary">
<arg>https://demoqa.com/</arg>
<arg>chrome</arg>
<arg>options=add_experimental_option("detach", True)</arg>
<doc>Opens a new browser instance to the optional ``url``.</doc>
<msg timestamp="20240111 18:28:37.550" level="INFO">Opening browser 'chrome' to base url 'https://demoqa.com/'.</msg>
<msg timestamp="20240111 18:28:37.717" level="WARN">There was an error managing chrome (error sending request for url (https://googlechromelabs.github.io/chrome-for-testing/known-good-versions-with-downloads.json): error trying to connect: Connection reset by peer (os error 104)); using driver found in the cache</msg>
<status status="PASS" starttime="20240111 18:28:37.549" endtime="20240111 18:28:45.516"/>
</kw>
<kw name="Maximize Browser Window" library="SeleniumLibrary">
<doc>Maximizes current browser window.</doc>
<status status="PASS" starttime="20240111 18:28:45.517" endtime="20240111 18:28:45.630"/>
</kw>
<status status="PASS" starttime="20240111 18:28:37.548" endtime="20240111 18:28:45.631"/>
</test>
<test id="s1-t2" name="Open Alerts,Frames Section" line="19">
<kw name="Execute Javascript" library="SeleniumLibrary">
<arg>document.querySelectorAll('div.card.mt-4.top-card')[2].click();</arg>
<doc>Executes the given JavaScript code with possible arguments.</doc>
<msg timestamp="20240111 18:28:45.635" level="INFO">Executing JavaScript:
document.querySelectorAll('div.card.mt-4.top-card')[2].click();
Without any arguments.</msg>
<status status="PASS" starttime="20240111 18:28:45.634" endtime="20240111 18:28:45.738"/>
</kw>
<kw name="Sleep" library="BuiltIn">
<arg>3s</arg>
<doc>Pauses the test executed for the given time.</doc>
<msg timestamp="20240111 18:28:48.739" level="INFO">Slept 3 seconds</msg>
<status status="PASS" starttime="20240111 18:28:45.739" endtime="20240111 18:28:48.740"/>
</kw>
<kw name="Perform Action for Browser Window">
<kw name="Execute Javascript" library="SeleniumLibrary">
<arg>document.querySelectorAll('#item-0')[2].click();</arg>
<doc>Executes the given JavaScript code with possible arguments.</doc>
<msg timestamp="20240111 18:28:48.743" level="INFO">Executing JavaScript:
document.querySelectorAll('#item-0')[2].click();
Without any arguments.</msg>
<status status="PASS" starttime="20240111 18:28:48.742" endtime="20240111 18:28:48.852"/>
</kw>
<kw name="Execute Javascript" library="SeleniumLibrary">
<arg>document.querySelectorAll('#tabButtonWrapper').click();</arg>
<doc>Executes the given JavaScript code with possible arguments.</doc>
<msg timestamp="20240111 18:28:48.854" level="INFO">Executing JavaScript:
document.querySelectorAll('#tabButtonWrapper').click();
Without any arguments.</msg>
<msg timestamp="20240111 18:28:49.154" level="INFO" html="true">&lt;/td&gt;&lt;/tr&gt;&lt;tr&gt;&lt;td colspan="3"&gt;&lt;a href="selenium-screenshot-8.png"&gt;&lt;img src="selenium-screenshot-8.png" width="800px"&gt;&lt;/a&gt;</msg>
<msg timestamp="20240111 18:28:49.155" level="FAIL">JavascriptException: Message: javascript error: document.querySelectorAll(...).click is not a function
  (Session info: chrome=120.0.6099.129)
Stacktrace:
#0 0x559cd9792f83 &lt;unknown&gt;
#1 0x559cd944bcf7 &lt;unknown&gt;
#2 0x559cd94522a3 &lt;unknown&gt;
#3 0x559cd9454bb4 &lt;unknown&gt;
#4 0x559cd94e4ba3 &lt;unknown&gt;
#5 0x559cd94c50b2 &lt;unknown&gt;
#6 0x559cd94e4006 &lt;unknown&gt;
#7 0x559cd94c4e53 &lt;unknown&gt;
#8 0x559cd948cdd4 &lt;unknown&gt;
#9 0x559cd948e1de &lt;unknown&gt;
#10 0x559cd9757531 &lt;unknown&gt;
#11 0x559cd975b455 &lt;unknown&gt;
#12 0x559cd9743f55 &lt;unknown&gt;
#13 0x559cd975c0ef &lt;unknown&gt;
#14 0x559cd972799f &lt;unknown&gt;
#15 0x559cd9780008 &lt;unknown&gt;
#16 0x559cd97801d7 &lt;unknown&gt;
#17 0x559cd9792124 &lt;unknown&gt;
#18 0x7f8d65eeb609 start_thread
</msg>
<status status="FAIL" starttime="20240111 18:28:48.853" endtime="20240111 18:28:49.269"/>
</kw>
<kw name="Click Button" library="SeleniumLibrary">
<arg>tabButtonWrapper</arg>
<doc>Clicks the button identified by ``locator``.</doc>
<status status="NOT RUN" starttime="20240111 18:28:49.270" endtime="20240111 18:28:49.270"/>
</kw>
<status status="FAIL" starttime="20240111 18:28:48.741" endtime="20240111 18:28:49.271"/>
</kw>
<status status="FAIL" starttime="20240111 18:28:45.633" endtime="20240111 18:28:49.273">JavascriptException: Message: javascript error: document.querySelectorAll(...).click is not a function
  (Session info: chrome=120.0.6099.129)
Stacktrace:
#0 0x559cd9792f83 &lt;unknown&gt;
#1 0x559cd944bcf7 &lt;unknown&gt;
#2 0x559cd94522a3 &lt;unknown&gt;
#3 0x559cd9454bb4 &lt;unknown&gt;
#4 0x559cd94e4ba3 &lt;unknown&gt;
#5 0x559cd94c50b2 &lt;unknown&gt;
#6 0x559cd94e4006 &lt;unknown&gt;
#7 0x559cd94c4e53 &lt;unknown&gt;
#8 0x559cd948cdd4 &lt;unknown&gt;
#9 0x559cd948e1de &lt;unknown&gt;
#10 0x559cd9757531 &lt;unknown&gt;
#11 0x559cd975b455 &lt;unknown&gt;
#12 0x559cd9743f55 &lt;unknown&gt;
#13 0x559cd975c0ef &lt;unknown&gt;
#14 0x559cd972799f &lt;unknown&gt;
#15 0x559cd9780008 &lt;unknown&gt;
#16 0x559cd97801d7 &lt;unknown&gt;
#17 0x559cd9792124 &lt;unknown&gt;
#18 0x7f8d65eeb609 start_thread
</status>
</test>
<status status="FAIL" starttime="20240111 18:28:37.363" endtime="20240111 18:28:49.279"/>
</suite>
<statistics>
<total>
<stat pass="1" fail="1" skip="0">All Tests</stat>
</total>
<tag>
</tag>
<suite>
<stat pass="1" fail="1" skip="0" id="s1" name="Alerts">Alerts</stat>
</suite>
</statistics>
<errors>
<msg timestamp="20240111 18:28:37.717" level="WARN">There was an error managing chrome (error sending request for url (https://googlechromelabs.github.io/chrome-for-testing/known-good-versions-with-downloads.json): error trying to connect: Connection reset by peer (os error 104)); using driver found in the cache</msg>
</errors>
</robot>
