<?xml version="1.0" encoding="UTF-8"?>
<robot generator="Robot 6.1.1 (Python 3.8.10 on linux)" generated="20240111 18:38:06.683" rpa="false" schemaversion="4">
<suite id="s1" name="Alerts" source="/home/ridham/PycharmProjects/webAutomation/Exercise3/Tests/Alerts.robot">
<test id="s1-t1" name="Launch Browser" line="16">
<kw name="Open Browser" library="SeleniumLibrary">
<arg>https://demoqa.com/</arg>
<arg>chrome</arg>
<arg>options=add_experimental_option("detach", True)</arg>
<doc>Opens a new browser instance to the optional ``url``.</doc>
<msg timestamp="20240111 18:38:06.814" level="INFO">Opening browser 'chrome' to base url 'https://demoqa.com/'.</msg>
<msg timestamp="20240111 18:38:06.956" level="WARN">There was an error managing chrome (error sending request for url (https://googlechromelabs.github.io/chrome-for-testing/known-good-versions-with-downloads.json): error trying to connect: Connection reset by peer (os error 104)); using driver found in the cache</msg>
<status status="PASS" starttime="20240111 18:38:06.813" endtime="20240111 18:38:41.865"/>
</kw>
<kw name="Maximize Browser Window" library="SeleniumLibrary">
<doc>Maximizes current browser window.</doc>
<status status="PASS" starttime="20240111 18:38:41.868" endtime="20240111 18:38:41.989"/>
</kw>
<status status="PASS" starttime="20240111 18:38:06.812" endtime="20240111 18:38:41.990"/>
</test>
<test id="s1-t2" name="Open Alerts,Frames Section" line="20">
<kw name="Execute Javascript" library="SeleniumLibrary">
<arg>document.querySelectorAll('div.card.mt-4.top-card')[2].click();</arg>
<doc>Executes the given JavaScript code with possible arguments.</doc>
<msg timestamp="20240111 18:38:41.995" level="INFO">Executing JavaScript:
document.querySelectorAll('div.card.mt-4.top-card')[2].click();
Without any arguments.</msg>
<status status="PASS" starttime="20240111 18:38:41.992" endtime="20240111 18:38:42.078"/>
</kw>
<kw name="Sleep" library="BuiltIn">
<arg>3s</arg>
<doc>Pauses the test executed for the given time.</doc>
<msg timestamp="20240111 18:38:45.079" level="INFO">Slept 3 seconds</msg>
<status status="PASS" starttime="20240111 18:38:42.078" endtime="20240111 18:38:45.079"/>
</kw>
<kw name="Perform Action for Browser Window">
<kw name="Execute Javascript" library="SeleniumLibrary">
<arg>document.querySelectorAll('#item-0')[2].click();</arg>
<doc>Executes the given JavaScript code with possible arguments.</doc>
<msg timestamp="20240111 18:38:45.083" level="INFO">Executing JavaScript:
document.querySelectorAll('#item-0')[2].click();
Without any arguments.</msg>
<status status="PASS" starttime="20240111 18:38:45.081" endtime="20240111 18:38:45.186"/>
</kw>
<kw name="Click Button" library="SeleniumLibrary">
<arg>${NEWTAB}</arg>
<doc>Clicks the button identified by ``locator``.</doc>
<msg timestamp="20240111 18:38:45.192" level="INFO">Clicking button 'Xpath://*[@id="tabButton"]'.</msg>
<status status="PASS" starttime="20240111 18:38:45.187" endtime="20240111 18:38:45.337"/>
</kw>
<kw name="Get Text" library="SeleniumLibrary">
<var>${window_titles}</var>
<arg>sampleHeading</arg>
<doc>Returns the text value of the element identified by ``locator``.</doc>
<msg timestamp="20240111 18:38:45.631" level="INFO" html="true">&lt;/td&gt;&lt;/tr&gt;&lt;tr&gt;&lt;td colspan="3"&gt;&lt;a href="selenium-screenshot-12.png"&gt;&lt;img src="selenium-screenshot-12.png" width="800px"&gt;&lt;/a&gt;</msg>
<msg timestamp="20240111 18:38:45.632" level="FAIL">Element with locator 'sampleHeading' not found.</msg>
<status status="FAIL" starttime="20240111 18:38:45.337" endtime="20240111 18:38:45.639"/>
</kw>
<kw name="Run Keyword If" library="BuiltIn">
<arg>'New Tab Title' in $window_titles</arg>
<arg>Log</arg>
<arg>New tab is open</arg>
<arg>ELSE</arg>
<arg>Log</arg>
<arg>New tab is not open</arg>
<doc>Runs the given keyword with the given arguments, if ``condition`` is true.</doc>
<status status="NOT RUN" starttime="20240111 18:38:45.640" endtime="20240111 18:38:45.641"/>
</kw>
<status status="FAIL" starttime="20240111 18:38:45.080" endtime="20240111 18:38:45.642"/>
</kw>
<status status="FAIL" starttime="20240111 18:38:41.991" endtime="20240111 18:38:45.643">Element with locator 'sampleHeading' not found.</status>
</test>
<status status="FAIL" starttime="20240111 18:38:06.684" endtime="20240111 18:38:45.647"/>
</suite>
<statistics>
<total>
<stat pass="1" fail="1" skip="0">All Tests</stat>
</total>
<tag>
</tag>
<suite>
<stat pass="1" fail="1" skip="0" id="s1" name="Alerts">Alerts</stat>
</suite>
</statistics>
<errors>
<msg timestamp="20240111 18:38:06.956" level="WARN">There was an error managing chrome (error sending request for url (https://googlechromelabs.github.io/chrome-for-testing/known-good-versions-with-downloads.json): error trying to connect: Connection reset by peer (os error 104)); using driver found in the cache</msg>
</errors>
</robot>
