<?xml version="1.0" encoding="UTF-8"?>
<robot generator="Robot 6.1.1 (Python 3.8.10 on linux)" generated="20240111 17:56:30.588" rpa="false" schemaversion="4">
<suite id="s1" name="Elements" source="/home/ridham/PycharmProjects/webAutomation/Exercise3/Tests/Elements.robot">
<test id="s1-t1" name="Launch Browser" line="51">
<kw name="Open Browser" library="SeleniumLibrary">
<arg>https://demoqa.com/</arg>
<arg>chrome</arg>
<arg>options=add_experimental_option("detach", True)</arg>
<doc>Opens a new browser instance to the optional ``url``.</doc>
<msg timestamp="20240111 17:56:30.712" level="INFO">Opening browser 'chrome' to base url 'https://demoqa.com/'.</msg>
<msg timestamp="20240111 17:56:30.805" level="WARN">There was an error managing chrome (error sending request for url (https://googlechromelabs.github.io/chrome-for-testing/known-good-versions-with-downloads.json): error trying to connect: Connection reset by peer (os error 104)); using driver found in the cache</msg>
<status status="PASS" starttime="20240111 17:56:30.711" endtime="20240111 17:56:36.679"/>
</kw>
<kw name="Maximize Browser Window" library="SeleniumLibrary">
<doc>Maximizes current browser window.</doc>
<status status="PASS" starttime="20240111 17:56:36.681" endtime="20240111 17:56:36.814"/>
</kw>
<status status="PASS" starttime="20240111 17:56:30.710" endtime="20240111 17:56:36.815"/>
</test>
<test id="s1-t2" name="Open Elements Section" line="55">
<kw name="Execute Javascript" library="SeleniumLibrary">
<arg>document.querySelector('div.card.mt-4.top-card').click()</arg>
<doc>Executes the given JavaScript code with possible arguments.</doc>
<msg timestamp="20240111 17:56:36.820" level="INFO">Executing JavaScript:
document.querySelector('div.card.mt-4.top-card').click()
Without any arguments.</msg>
<status status="PASS" starttime="20240111 17:56:36.818" endtime="20240111 17:56:36.935"/>
</kw>
<kw name="Perform Action for Element Textbox">
<kw name="Execute Javascript" library="SeleniumLibrary">
<arg>document.querySelector('#item-0').click()</arg>
<doc>Executes the given JavaScript code with possible arguments.</doc>
<msg timestamp="20240111 17:56:36.939" level="INFO">Executing JavaScript:
document.querySelector('#item-0').click()
Without any arguments.</msg>
<status status="PASS" starttime="20240111 17:56:36.936" endtime="20240111 17:56:36.969"/>
</kw>
<kw name="Wait Until Page Contains Element" library="SeleniumLibrary">
<arg>userName</arg>
<arg>${TIMEOUT}</arg>
<doc>Waits until the element ``locator`` appears on the current page.</doc>
<status status="PASS" starttime="20240111 17:56:36.969" endtime="20240111 17:56:36.989"/>
</kw>
<kw name="Input Text" library="SeleniumLibrary">
<arg>userName</arg>
<arg>ridham</arg>
<doc>Types the given ``text`` into the text field identified by ``locator``.</doc>
<msg timestamp="20240111 17:56:36.989" level="INFO">Typing text 'ridham' into text field 'userName'.</msg>
<status status="PASS" starttime="20240111 17:56:36.989" endtime="20240111 17:56:37.110"/>
</kw>
<kw name="Input Text" library="SeleniumLibrary">
<arg>userEmail</arg>
<arg>abc123@gmail.com</arg>
<doc>Types the given ``text`` into the text field identified by ``locator``.</doc>
<msg timestamp="20240111 17:56:37.111" level="INFO">Typing text 'abc123@gmail.com' into text field 'userEmail'.</msg>
<status status="PASS" starttime="20240111 17:56:37.111" endtime="20240111 17:56:37.325"/>
</kw>
<kw name="Input Text" library="SeleniumLibrary">
<arg>currentAddress</arg>
<arg>Ahmedabad</arg>
<doc>Types the given ``text`` into the text field identified by ``locator``.</doc>
<msg timestamp="20240111 17:56:37.326" level="INFO">Typing text 'Ahmedabad' into text field 'currentAddress'.</msg>
<status status="PASS" starttime="20240111 17:56:37.326" endtime="20240111 17:56:37.591"/>
</kw>
<kw name="Input Text" library="SeleniumLibrary">
<arg>permanentAddress</arg>
<arg>Bhavnagar</arg>
<doc>Types the given ``text`` into the text field identified by ``locator``.</doc>
<msg timestamp="20240111 17:56:37.592" level="INFO">Typing text 'Bhavnagar' into text field 'permanentAddress'.</msg>
<status status="PASS" starttime="20240111 17:56:37.591" endtime="20240111 17:56:37.977"/>
</kw>
<kw name="Execute Javascript" library="SeleniumLibrary">
<arg>document.querySelector('#submit').click()</arg>
<doc>Executes the given JavaScript code with possible arguments.</doc>
<msg timestamp="20240111 17:56:37.978" level="INFO">Executing JavaScript:
document.querySelector('#submit').click()
Without any arguments.</msg>
<status status="PASS" starttime="20240111 17:56:37.977" endtime="20240111 17:56:37.986"/>
</kw>
<status status="PASS" starttime="20240111 17:56:36.936" endtime="20240111 17:56:37.986"/>
</kw>
<kw name="Sleep" library="BuiltIn">
<arg>5s</arg>
<doc>Pauses the test executed for the given time.</doc>
<msg timestamp="20240111 17:56:42.987" level="INFO">Slept 5 seconds</msg>
<status status="PASS" starttime="20240111 17:56:37.986" endtime="20240111 17:56:42.988"/>
</kw>
<kw name="Perform Action for Element Checkbox">
<kw name="Execute Javascript" library="SeleniumLibrary">
<arg>document.querySelector('#item-1').click()</arg>
<doc>Executes the given JavaScript code with possible arguments.</doc>
<msg timestamp="20240111 17:56:42.993" level="INFO">Executing JavaScript:
document.querySelector('#item-1').click()
Without any arguments.</msg>
<status status="PASS" starttime="20240111 17:56:42.991" endtime="20240111 17:56:43.109"/>
</kw>
<kw name="Click Button" library="SeleniumLibrary">
<arg>Xpath://*[@class="rct-collapse rct-collapse-btn"][1]</arg>
<doc>Clicks the button identified by ``locator``.</doc>
<msg timestamp="20240111 17:56:43.110" level="INFO">Clicking button 'Xpath://*[@class="rct-collapse rct-collapse-btn"][1]'.</msg>
<status status="PASS" starttime="20240111 17:56:43.109" endtime="20240111 17:56:43.193"/>
</kw>
<kw name="Sleep" library="BuiltIn">
<arg>3s</arg>
<doc>Pauses the test executed for the given time.</doc>
<msg timestamp="20240111 17:56:46.193" level="INFO">Slept 3 seconds</msg>
<status status="PASS" starttime="20240111 17:56:43.193" endtime="20240111 17:56:46.194"/>
</kw>
<kw name="Execute Javascript" library="SeleniumLibrary">
<arg>document.getElementById('tree-node-documents').click();</arg>
<doc>Executes the given JavaScript code with possible arguments.</doc>
<msg timestamp="20240111 17:56:46.197" level="INFO">Executing JavaScript:
document.getElementById('tree-node-documents').click();
Without any arguments.</msg>
<status status="PASS" starttime="20240111 17:56:46.194" endtime="20240111 17:56:46.246"/>
</kw>
<kw name="Execute Javascript" library="SeleniumLibrary">
<arg>document.querySelectorAll('.rct-collapse rct-collapse-btn')[3].click();</arg>
<doc>Executes the given JavaScript code with possible arguments.</doc>
<msg timestamp="20240111 17:56:46.249" level="INFO">Executing JavaScript:
document.querySelectorAll('.rct-collapse rct-collapse-btn')[3].click();
Without any arguments.</msg>
<msg timestamp="20240111 17:56:46.481" level="INFO" html="true">&lt;/td&gt;&lt;/tr&gt;&lt;tr&gt;&lt;td colspan="3"&gt;&lt;a href="selenium-screenshot-2.png"&gt;&lt;img src="selenium-screenshot-2.png" width="800px"&gt;&lt;/a&gt;</msg>
<msg timestamp="20240111 17:56:46.481" level="FAIL">JavascriptException: Message: javascript error: Cannot read properties of undefined (reading 'click')
  (Session info: chrome=120.0.6099.129)
Stacktrace:
#0 0x559270079f83 &lt;unknown&gt;
#1 0x55926fd32cf7 &lt;unknown&gt;
#2 0x55926fd392a3 &lt;unknown&gt;
#3 0x55926fd3bbb4 &lt;unknown&gt;
#4 0x55926fdcbba3 &lt;unknown&gt;
#5 0x55926fdac0b2 &lt;unknown&gt;
#6 0x55926fdcb006 &lt;unknown&gt;
#7 0x55926fdabe53 &lt;unknown&gt;
#8 0x55926fd73dd4 &lt;unknown&gt;
#9 0x55926fd751de &lt;unknown&gt;
#10 0x55927003e531 &lt;unknown&gt;
#11 0x559270042455 &lt;unknown&gt;
#12 0x55927002af55 &lt;unknown&gt;
#13 0x5592700430ef &lt;unknown&gt;
#14 0x55927000e99f &lt;unknown&gt;
#15 0x559270067008 &lt;unknown&gt;
#16 0x5592700671d7 &lt;unknown&gt;
#17 0x559270079124 &lt;unknown&gt;
#18 0x7f3fcec38609 start_thread
</msg>
<status status="FAIL" starttime="20240111 17:56:46.247" endtime="20240111 17:56:46.482"/>
</kw>
<status status="FAIL" starttime="20240111 17:56:42.989" endtime="20240111 17:56:46.483"/>
</kw>
<kw name="Sleep" library="BuiltIn">
<arg>5s</arg>
<doc>Pauses the test executed for the given time.</doc>
<status status="NOT RUN" starttime="20240111 17:56:46.483" endtime="20240111 17:56:46.483"/>
</kw>
<kw name="Perform Action for Element RadioButton">
<status status="NOT RUN" starttime="20240111 17:56:46.484" endtime="20240111 17:56:46.484"/>
</kw>
<kw name="Sleep" library="BuiltIn">
<arg>5s</arg>
<doc>Pauses the test executed for the given time.</doc>
<status status="NOT RUN" starttime="20240111 17:56:46.484" endtime="20240111 17:56:46.485"/>
</kw>
<kw name="Perform Action for Element WebTable">
<status status="NOT RUN" starttime="20240111 17:56:46.485" endtime="20240111 17:56:46.485"/>
</kw>
<kw name="Sleep" library="BuiltIn">
<arg>5s</arg>
<doc>Pauses the test executed for the given time.</doc>
<status status="NOT RUN" starttime="20240111 17:56:46.485" endtime="20240111 17:56:46.485"/>
</kw>
<kw name="Perform Action for Element Brokenlink">
<status status="NOT RUN" starttime="20240111 17:56:46.486" endtime="20240111 17:56:46.486"/>
</kw>
<kw name="Sleep" library="BuiltIn">
<arg>5s</arg>
<doc>Pauses the test executed for the given time.</doc>
<status status="NOT RUN" starttime="20240111 17:56:46.486" endtime="20240111 17:56:46.486"/>
</kw>
<kw name="Perform Action for Element Download/Upload">
<status status="NOT RUN" starttime="20240111 17:56:46.486" endtime="20240111 17:56:46.486"/>
</kw>
<kw name="Sleep" library="BuiltIn">
<arg>5s</arg>
<doc>Pauses the test executed for the given time.</doc>
<status status="NOT RUN" starttime="20240111 17:56:46.487" endtime="20240111 17:56:46.487"/>
</kw>
<kw name="Perform Action for Element Dynamic Properties">
<status status="NOT RUN" starttime="20240111 17:56:46.487" endtime="20240111 17:56:46.487"/>
</kw>
<kw name="Sleep" library="BuiltIn">
<arg>7s</arg>
<doc>Pauses the test executed for the given time.</doc>
<status status="NOT RUN" starttime="20240111 17:56:46.487" endtime="20240111 17:56:46.487"/>
</kw>
<status status="FAIL" starttime="20240111 17:56:36.816" endtime="20240111 17:56:46.487">JavascriptException: Message: javascript error: Cannot read properties of undefined (reading 'click')
  (Session info: chrome=120.0.6099.129)
Stacktrace:
#0 0x559270079f83 &lt;unknown&gt;
#1 0x55926fd32cf7 &lt;unknown&gt;
#2 0x55926fd392a3 &lt;unknown&gt;
#3 0x55926fd3bbb4 &lt;unknown&gt;
#4 0x55926fdcbba3 &lt;unknown&gt;
#5 0x55926fdac0b2 &lt;unknown&gt;
#6 0x55926fdcb006 &lt;unknown&gt;
#7 0x55926fdabe53 &lt;unknown&gt;
#8 0x55926fd73dd4 &lt;unknown&gt;
#9 0x55926fd751de &lt;unknown&gt;
#10 0x55927003e531 &lt;unknown&gt;
#11 0x559270042455 &lt;unknown&gt;
#12 0x55927002af55 &lt;unknown&gt;
#13 0x5592700430ef &lt;unknown&gt;
#14 0x55927000e99f &lt;unknown&gt;
#15 0x559270067008 &lt;unknown&gt;
#16 0x5592700671d7 &lt;unknown&gt;
#17 0x559270079124 &lt;unknown&gt;
#18 0x7f3fcec38609 start_thread
</status>
</test>
<status status="FAIL" starttime="20240111 17:56:30.589" endtime="20240111 17:56:46.488"/>
</suite>
<statistics>
<total>
<stat pass="1" fail="1" skip="0">All Tests</stat>
</total>
<tag>
</tag>
<suite>
<stat pass="1" fail="1" skip="0" id="s1" name="Elements">Elements</stat>
</suite>
</statistics>
<errors>
<msg timestamp="20240111 17:56:30.805" level="WARN">There was an error managing chrome (error sending request for url (https://googlechromelabs.github.io/chrome-for-testing/known-good-versions-with-downloads.json): error trying to connect: Connection reset by peer (os error 104)); using driver found in the cache</msg>
</errors>
</robot>
