<?xml version="1.0" encoding="UTF-8"?>
<robot generator="Robot 6.1.1 (Python 3.8.10 on linux)" generated="20240111 18:39:12.551" rpa="false" schemaversion="4">
<suite id="s1" name="Alerts" source="/home/ridham/PycharmProjects/webAutomation/Exercise3/Tests/Alerts.robot">
<test id="s1-t1" name="Launch Browser" line="17">
<kw name="Open Browser" library="SeleniumLibrary">
<arg>https://demoqa.com/</arg>
<arg>chrome</arg>
<arg>options=add_experimental_option("detach", True)</arg>
<doc>Opens a new browser instance to the optional ``url``.</doc>
<msg timestamp="20240111 18:39:12.770" level="INFO">Opening browser 'chrome' to base url 'https://demoqa.com/'.</msg>
<msg timestamp="20240111 18:39:16.195" level="WARN">There was an error managing chrome (error sending request for url (https://googlechromelabs.github.io/chrome-for-testing/known-good-versions-with-downloads.json): error trying to connect: Connection reset by peer (os error 104)); using driver found in the cache</msg>
<status status="PASS" starttime="20240111 18:39:12.769" endtime="20240111 18:39:29.961"/>
</kw>
<kw name="Maximize Browser Window" library="SeleniumLibrary">
<doc>Maximizes current browser window.</doc>
<status status="PASS" starttime="20240111 18:39:29.962" endtime="20240111 18:39:30.069"/>
</kw>
<status status="PASS" starttime="20240111 18:39:12.769" endtime="20240111 18:39:30.070"/>
</test>
<test id="s1-t2" name="Open Alerts,Frames Section" line="21">
<kw name="Execute Javascript" library="SeleniumLibrary">
<arg>document.querySelectorAll('div.card.mt-4.top-card')[2].click();</arg>
<doc>Executes the given JavaScript code with possible arguments.</doc>
<msg timestamp="20240111 18:39:30.073" level="INFO">Executing JavaScript:
document.querySelectorAll('div.card.mt-4.top-card')[2].click();
Without any arguments.</msg>
<status status="PASS" starttime="20240111 18:39:30.071" endtime="20240111 18:39:30.182"/>
</kw>
<kw name="Sleep" library="BuiltIn">
<arg>3s</arg>
<doc>Pauses the test executed for the given time.</doc>
<msg timestamp="20240111 18:39:33.183" level="INFO">Slept 3 seconds</msg>
<status status="PASS" starttime="20240111 18:39:30.182" endtime="20240111 18:39:33.183"/>
</kw>
<kw name="Perform Action for Browser Window">
<kw name="Execute Javascript" library="SeleniumLibrary">
<arg>document.querySelectorAll('#item-0')[2].click();</arg>
<doc>Executes the given JavaScript code with possible arguments.</doc>
<msg timestamp="20240111 18:39:33.189" level="INFO">Executing JavaScript:
document.querySelectorAll('#item-0')[2].click();
Without any arguments.</msg>
<status status="PASS" starttime="20240111 18:39:33.187" endtime="20240111 18:39:33.274"/>
</kw>
<kw name="Click Button" library="SeleniumLibrary">
<arg>${NEWTAB}</arg>
<doc>Clicks the button identified by ``locator``.</doc>
<msg timestamp="20240111 18:39:33.275" level="INFO">Clicking button 'Xpath://*[@id="tabButton"]'.</msg>
<status status="PASS" starttime="20240111 18:39:33.274" endtime="20240111 18:39:33.396"/>
</kw>
<kw name="Sleep" library="BuiltIn">
<arg>5s</arg>
<doc>Pauses the test executed for the given time.</doc>
<msg timestamp="20240111 18:39:38.397" level="INFO">Slept 5 seconds</msg>
<status status="PASS" starttime="20240111 18:39:33.397" endtime="20240111 18:39:38.398"/>
</kw>
<kw name="Get Text" library="SeleniumLibrary">
<var>${window_titles}</var>
<arg>sampleHeading</arg>
<doc>Returns the text value of the element identified by ``locator``.</doc>
<msg timestamp="20240111 18:39:38.798" level="INFO" html="true">&lt;/td&gt;&lt;/tr&gt;&lt;tr&gt;&lt;td colspan="3"&gt;&lt;a href="selenium-screenshot-13.png"&gt;&lt;img src="selenium-screenshot-13.png" width="800px"&gt;&lt;/a&gt;</msg>
<msg timestamp="20240111 18:39:38.799" level="FAIL">Element with locator 'sampleHeading' not found.</msg>
<status status="FAIL" starttime="20240111 18:39:38.399" endtime="20240111 18:39:38.848"/>
</kw>
<kw name="Run Keyword If" library="BuiltIn">
<arg>'New Tab Title' in $window_titles</arg>
<arg>Log</arg>
<arg>New tab is open</arg>
<arg>ELSE</arg>
<arg>Log</arg>
<arg>New tab is not open</arg>
<doc>Runs the given keyword with the given arguments, if ``condition`` is true.</doc>
<status status="NOT RUN" starttime="20240111 18:39:38.850" endtime="20240111 18:39:38.851"/>
</kw>
<status status="FAIL" starttime="20240111 18:39:33.185" endtime="20240111 18:39:38.852"/>
</kw>
<status status="FAIL" starttime="20240111 18:39:30.071" endtime="20240111 18:39:38.859">Element with locator 'sampleHeading' not found.</status>
</test>
<status status="FAIL" starttime="20240111 18:39:12.552" endtime="20240111 18:39:38.866"/>
</suite>
<statistics>
<total>
<stat pass="1" fail="1" skip="0">All Tests</stat>
</total>
<tag>
</tag>
<suite>
<stat pass="1" fail="1" skip="0" id="s1" name="Alerts">Alerts</stat>
</suite>
</statistics>
<errors>
<msg timestamp="20240111 18:39:16.195" level="WARN">There was an error managing chrome (error sending request for url (https://googlechromelabs.github.io/chrome-for-testing/known-good-versions-with-downloads.json): error trying to connect: Connection reset by peer (os error 104)); using driver found in the cache</msg>
</errors>
</robot>
